#nmismatch	name1	strand1	start1	end1	name2	strand2	start2	end2
0	U00096.2	+	61790	63526	NODE_1_length_1737_cov_1.140904	-	1	1737
2	U00096.2	+	15377	16785	NODE_2_length_1409_cov_1.864106	+	1	1409
6	U00096.2	+	607220	608585	NODE_2_length_1409_cov_1.864106	+	1	1366
2	U00096.2	+	2512285	2513649	NODE_2_length_1409_cov_1.864106	+	1	1365
12	U00096.2	+	607182	607255	NODE_2_length_1409_cov_1.864106	-	6	80
2	U00096.2	+	608549	608584	NODE_2_length_1409_cov_1.864106	-	1374	1409
14	U00096.2	+	39150	39232	NODE_3_length_1084_cov_1.084548	+	599	677
2	U00096.2	+	65966	66656	NODE_3_length_1084_cov_1.084548	+	1	691
1	U00096.2	+	66649	66741	NODE_3_length_1084_cov_1.084548	+	599	691
7	U00096.2	+	66734	66826	NODE_3_length_1084_cov_1.084548	+	599	691
13	U00096.2	+	374254	374362	NODE_3_length_1084_cov_1.084548	+	599	691
13	U00096.2	+	374355	374463	NODE_3_length_1084_cov_1.084548	+	599	691
14	U00096.2	+	374456	374564	NODE_3_length_1084_cov_1.084548	+	599	691
6	U00096.2	+	757631	757681	NODE_3_length_1084_cov_1.084548	+	641	691
19	U00096.2	+	836782	836857	NODE_3_length_1084_cov_1.084548	+	615	691
19	U00096.2	+	2175390	2175479	NODE_3_length_1084_cov_1.084548	+	595	691
117	U00096.2	+	2344845	2345275	NODE_3_length_1084_cov_1.084548	+	274	691
20	U00096.2	+	2345267	2345383	NODE_3_length_1084_cov_1.084548	+	598	705
15	U00096.2	+	2428948	2429034	NODE_3_length_1084_cov_1.084548	+	597	677
14	U00096.2	+	3096434	3096532	NODE_3_length_1084_cov_1.084548	+	599	691
13	U00096.2	+	3201165	3201263	NODE_3_length_1084_cov_1.084548	+	599	691
16	U00096.2	+	3215455	3215572	NODE_3_length_1084_cov_1.084548	+	599	704
8	U00096.2	+	3311271	3311323	NODE_3_length_1084_cov_1.084548	+	639	691
17	U00096.2	+	3752878	3752978	NODE_3_length_1084_cov_1.084548	+	595	691
15	U00096.2	+	4323873	4323960	NODE_3_length_1084_cov_1.084548	+	599	677
15	U00096.2	+	4323973	4324060	NODE_3_length_1084_cov_1.084548	+	599	677
15	U00096.2	+	4324073	4324160	NODE_3_length_1084_cov_1.084548	+	599	677
15	U00096.2	+	4324173	4324260	NODE_3_length_1084_cov_1.084548	+	599	677
15	U00096.2	+	4324273	4324360	NODE_3_length_1084_cov_1.084548	+	599	677
14	U00096.2	+	4631157	4631262	NODE_3_length_1084_cov_1.084548	+	599	686
23	U00096.2	+	5158	5712	NODE_3_length_1084_cov_1.084548	-	1	523
14	U00096.2	+	111457	111580	NODE_3_length_1084_cov_1.084548	-	394	486
15	U00096.2	+	216082	216166	NODE_3_length_1084_cov_1.084548	-	394	470
11	U00096.2	+	247485	247565	NODE_3_length_1084_cov_1.084548	-	394	464
17	U00096.2	+	248227	248335	NODE_3_length_1084_cov_1.084548	-	394	486
31	U00096.2	+	348791	348915	NODE_3_length_1084_cov_1.084548	-	372	486
19	U00096.2	+	348908	349008	NODE_3_length_1084_cov_1.084548	-	394	486
18	U00096.2	+	349001	349101	NODE_3_length_1084_cov_1.084548	-	394	486
19	U00096.2	+	349094	349194	NODE_3_length_1084_cov_1.084548	-	394	486
3	U00096.2	+	353958	353999	NODE_3_length_1084_cov_1.084548	-	408	449
8	U00096.2	+	500702	500751	NODE_3_length_1084_cov_1.084548	-	394	443
18	U00096.2	+	762013	762108	NODE_3_length_1084_cov_1.084548	-	395	486
2	U00096.2	+	900023	900058	NODE_3_length_1084_cov_1.084548	-	408	443
14	U00096.2	+	2116490	2116579	NODE_3_length_1084_cov_1.084548	-	408	486
16	U00096.2	+	2116572	2116676	NODE_3_length_1084_cov_1.084548	-	394	486
16	U00096.2	+	2302466	2302586	NODE_3_length_1084_cov_1.084548	-	394	486
15	U00096.2	+	2302579	2302699	NODE_3_length_1084_cov_1.084548	-	394	486
17	U00096.2	+	2302692	2302812	NODE_3_length_1084_cov_1.084548	-	394	486
15	U00096.2	+	2302805	2302925	NODE_3_length_1084_cov_1.084548	-	394	486
18	U00096.2	+	2302918	2303038	NODE_3_length_1084_cov_1.084548	-	394	486
112	U00096.2	+	2509051	2509462	NODE_3_length_1084_cov_1.084548	-	111	486
16	U00096.2	+	2537629	2537715	NODE_3_length_1084_cov_1.084548	-	408	484
3	U00096.2	+	2806197	2806236	NODE_3_length_1084_cov_1.084548	-	404	443
5	U00096.2	+	3040329	3040376	NODE_3_length_1084_cov_1.084548	-	394	441
4	U00096.2	+	3040440	3040497	NODE_3_length_1084_cov_1.084548	-	393	443
4	U00096.2	+	3137670	3137726	NODE_3_length_1084_cov_1.084548	-	394	444
1	U00096.2	+	3706345	3706381	NODE_3_length_1084_cov_1.084548	-	408	444
164	U00096.2	+	3748081	3748693	NODE_3_length_1084_cov_1.084548	-	473	1084
17	U00096.2	+	4025520	4025626	NODE_3_length_1084_cov_1.084548	-	394	486
18	U00096.2	+	4092366	4092465	NODE_3_length_1084_cov_1.084548	-	394	486
16	U00096.2	+	4092458	4092557	NODE_3_length_1084_cov_1.084548	-	394	486
17	U00096.2	+	4092550	4092649	NODE_3_length_1084_cov_1.084548	-	394	486
17	U00096.2	+	4092642	4092741	NODE_3_length_1084_cov_1.084548	-	394	486
34	U00096.2	+	4233417	4233553	NODE_3_length_1084_cov_1.084548	-	347	486
15	U00096.2	+	4243142	4243241	NODE_3_length_1084_cov_1.084548	-	394	486
17	U00096.2	+	4247371	4247473	NODE_3_length_1084_cov_1.084548	-	394	490
4	U00096.2	+	4283352	4283401	NODE_3_length_1084_cov_1.084548	-	394	443
15	U00096.2	+	4315938	4316024	NODE_3_length_1084_cov_1.084548	-	406	487
189	U00096.2	+	4421697	4422291	NODE_3_length_1084_cov_1.084548	-	472	1080
14	U00096.2	+	4458424	4458522	NODE_3_length_1084_cov_1.084548	-	394	486
14	U00096.2	+	4482352	4482440	NODE_3_length_1084_cov_1.084548	-	404	486
0	U00096.2	+	88623	89705	NODE_4_length_1083_cov_1.457198	+	1	1083
0	U00096.2	+	24420	25375	NODE_5_length_956_cov_1.034406	-	1	956
14	U00096.2	+	1049003	1049784	NODE_6_length_842_cov_3.841169	+	1	782
3	U00096.2	+	3581453	3582222	NODE_6_length_842_cov_3.841169	+	1	770
75	U00096.2	+	4516497	4517268	NODE_6_length_842_cov_3.841169	+	1	772
1	U00096.2	+	19720	20561	NODE_6_length_842_cov_3.841169	-	1	842
9	U00096.2	+	278385	279152	NODE_6_length_842_cov_3.841169	-	75	842
8	U00096.2	+	289858	290623	NODE_6_length_842_cov_3.841169	-	77	842
1	U00096.2	+	1976527	1977292	NODE_6_length_842_cov_3.841169	-	77	842
0	U00096.2	+	53210	54002	NODE_7_length_793_cov_1.149051	-	1	793
0	U00096.2	+	77926	78643	NODE_8_length_718_cov_2.304676	+	1	718
258	U00096.2	+	2262217	2262910	NODE_8_length_718_cov_2.304676	+	22	718
283	U00096.2	+	3835306	3836003	NODE_8_length_718_cov_2.304676	+	23	717
0	U00096.2	+	14419	15133	NODE_9_length_715_cov_1.603030	+	1	715
0	U00096.2	+	85023	85734	NODE_10_length_712_cov_1.171994	-	1	712
0	U00096.2	+	57016	57721	NODE_11_length_706_cov_0.946237	-	1	706
0	U00096.2	+	37408	38096	NODE_12_length_689_cov_1.503155	+	1	689
0	U00096.2	+	55754	56388	NODE_13_length_635_cov_2.018966	-	1	635
0	U00096.2	+	51424	52010	NODE_14_length_587_cov_1.385338	+	1	587
0	U00096.2	+	18414	18997	NODE_15_length_584_cov_1.489603	+	1	584
0	U00096.2	+	10755	11300	NODE_16_length_546_cov_1.429735	-	1	546
0	U00096.2	+	8474	9015	NODE_17_length_542_cov_1.763860	-	1	542
138	U00096.2	+	2576922	2577447	NODE_17_length_542_cov_1.763860	-	2	527
0	U00096.2	+	87136	87667	NODE_18_length_532_cov_1.098532	-	1	532
0	U00096.2	+	17116	17646	NODE_19_length_531_cov_1.155462	+	1	531
0	U00096.2	+	19144	19664	NODE_20_length_521_cov_1.568670	-	1	521
0	U00096.2	+	35070	35561	NODE_21_length_492_cov_1.192220	+	1	492
98	U00096.2	+	1462513	1462794	NODE_21_length_492_cov_1.192220	-	209	490
0	U00096.2	+	79881	80364	NODE_22_length_484_cov_1.027972	+	1	484
0	U00096.2	+	30116	30589	NODE_23_length_474_cov_0.871122	+	1	474
0	U00096.2	+	10163	10615	NODE_24_length_453_cov_1.806533	-	1	453
0	U00096.2	+	68274	68726	NODE_25_length_453_cov_1.783920	+	1	453
0	U00096.2	+	21932	22382	NODE_26_length_451_cov_1.661616	+	1	451
0	U00096.2	+	40280	40720	NODE_27_length_441_cov_1.067358	+	1	441
43	U00096.2	+	1775208	1775326	NODE_27_length_441_cov_1.067358	-	323	441
0	U00096.2	+	11778	12205	NODE_28_length_428_cov_1.469169	+	1	428
0	U00096.2	+	13749	14174	NODE_29_length_426_cov_1.188679	+	1	426
0	U00096.2	+	33664	34081	NODE_30_length_418_cov_1.451791	-	1	418
0	U00096.2	+	75968	76385	NODE_31_length_418_cov_1.104683	-	1	418
0	U00096.2	+	21518	21925	NODE_32_length_408_cov_1.745042	+	1	408
0	U00096.2	+	83291	83697	NODE_33_length_407_cov_1.346591	+	1	407
0	U00096.2	+	28544	28950	NODE_34_length_407_cov_0.920455	-	1	407
0	U00096.2	+	23871	24272	NODE_35_length_402_cov_1.270893	-	1	402
0	U00096.2	+	32281	32678	NODE_36_length_398_cov_0.909621	+	1	398
0	U00096.2	+	48127	48513	NODE_37_length_387_cov_1.222892	+	1	387
107	U00096.2	+	3477891	3478263	NODE_37_length_387_cov_1.222892	-	1	382
0	U00096.2	+	84148	84532	NODE_38_length_385_cov_1.087879	+	1	385
0	U00096.2	+	9532	9914	NODE_39_length_383_cov_1.085366	-	1	383
0	U00096.2	+	26057	26434	NODE_40_length_378_cov_1.030960	+	1	378
0	U00096.2	+	12483	12856	NODE_41_length_374_cov_1.329154	+	1	374
107	U00096.2	+	2656237	2656582	NODE_41_length_374_cov_1.329154	-	1	361
0	U00096.2	+	480	851	NODE_42_length_372_cov_1.258675	+	1	372
0	U00096.2	+	29698	30069	NODE_43_length_372_cov_1.129338	-	1	372
0	U00096.2	+	50966	51337	NODE_44_length_372_cov_1.097792	-	1	372
0	U00096.2	+	35964	36334	NODE_45_length_371_cov_1.544304	+	1	371
0	U00096.2	+	73431	73798	NODE_46_length_368_cov_0.814696	+	1	368
0	U00096.2	+	13163	13528	NODE_47_length_366_cov_1.909968	+	1	366
122	U00096.2	+	2655620	2655955	NODE_47_length_366_cov_1.909968	-	22	349
0	U00096.2	+	25550	25911	NODE_48_length_362_cov_1.078176	+	1	362
19	U00096.2	+	138676	138801	NODE_48_length_362_cov_1.078176	+	143	251
13	U00096.2	+	173503	173591	NODE_48_length_362_cov_1.078176	+	160	249
6	U00096.2	+	216053	216100	NODE_48_length_362_cov_1.078176	+	211	258
1	U00096.2	+	244128	244163	NODE_48_length_362_cov_1.078176	+	212	247
15	U00096.2	+	248146	248234	NODE_48_length_362_cov_1.078176	+	160	247
18	U00096.2	+	376558	376646	NODE_48_length_362_cov_1.078176	+	160	247
23	U00096.2	+	376645	376746	NODE_48_length_362_cov_1.078176	+	147	247
18	U00096.2	+	410297	410393	NODE_48_length_362_cov_1.078176	+	156	251
17	U00096.2	+	410403	410497	NODE_48_length_362_cov_1.078176	+	160	251
3	U00096.2	+	500666	500702	NODE_48_length_362_cov_1.078176	+	211	247
8	U00096.2	+	507784	507840	NODE_48_length_362_cov_1.078176	+	190	247
13	U00096.2	+	507853	507941	NODE_48_length_362_cov_1.078176	+	160	247
13	U00096.2	+	507954	508042	NODE_48_length_362_cov_1.078176	+	160	247
9	U00096.2	+	550646	550739	NODE_48_length_362_cov_1.078176	+	160	252
15	U00096.2	+	609338	609442	NODE_48_length_362_cov_1.078176	+	159	251
2	U00096.2	+	631336	631372	NODE_48_length_362_cov_1.078176	+	211	247
26	U00096.2	+	707030	707172	NODE_48_length_362_cov_1.078176	+	136	261
15	U00096.2	+	714470	714589	NODE_48_length_362_cov_1.078176	+	149	251
16	U00096.2	+	805026	805113	NODE_48_length_362_cov_1.078176	+	160	247
9	U00096.2	+	805119	805207	NODE_48_length_362_cov_1.078176	+	160	249
20	U00096.2	+	814777	814909	NODE_48_length_362_cov_1.078176	+	137	251
12	U00096.2	+	831510	831610	NODE_48_length_362_cov_1.078176	+	159	247
14	U00096.2	+	1067571	1067679	NODE_48_length_362_cov_1.078176	+	155	251
17	U00096.2	+	1083904	1083992	NODE_48_length_362_cov_1.078176	+	160	248
12	U00096.2	+	1112639	1112742	NODE_48_length_362_cov_1.078176	+	160	251
2	U00096.2	+	1133871	1133911	NODE_48_length_362_cov_1.078176	+	211	251
20	U00096.2	+	1689432	1689550	NODE_48_length_362_cov_1.078176	+	143	251
16	U00096.2	+	2116489	2116579	NODE_48_length_362_cov_1.078176	+	160	247
17	U00096.2	+	2289221	2289325	NODE_48_length_362_cov_1.078176	+	159	251
8	U00096.2	+	2338334	2338418	NODE_48_length_362_cov_1.078176	+	160	248
27	U00096.2	+	2509360	2509467	NODE_48_length_362_cov_1.078176	+	147	252
14	U00096.2	+	2547486	2547585	NODE_48_length_362_cov_1.078176	+	159	246
2	U00096.2	+	2579683	2579721	NODE_48_length_362_cov_1.078176	+	160	198
4	U00096.2	+	2590991	2591035	NODE_48_length_362_cov_1.078176	+	204	248
11	U00096.2	+	2652991	2653089	NODE_48_length_362_cov_1.078176	+	160	247
14	U00096.2	+	2682132	2682241	NODE_48_length_362_cov_1.078176	+	154	251
17	U00096.2	+	2712303	2712408	NODE_48_length_362_cov_1.078176	+	159	252
22	U00096.2	+	2833088	2833188	NODE_48_length_362_cov_1.078176	+	160	264
14	U00096.2	+	2943917	2944019	NODE_48_length_362_cov_1.078176	+	160	251
10	U00096.2	+	3080777	3080864	NODE_48_length_362_cov_1.078176	+	160	252
1	U00096.2	+	3137645	3137678	NODE_48_length_362_cov_1.078176	+	215	248
28	U00096.2	+	3232614	3232746	NODE_48_length_362_cov_1.078176	+	120	247
16	U00096.2	+	3267743	3267847	NODE_48_length_362_cov_1.078176	+	160	252
28	U00096.2	+	3510495	3510627	NODE_48_length_362_cov_1.078176	+	120	251
10	U00096.2	+	3537738	3537803	NODE_48_length_362_cov_1.078176	+	188	248
13	U00096.2	+	3596419	3596523	NODE_48_length_362_cov_1.078176	+	160	251
6	U00096.2	+	3674201	3674245	NODE_48_length_362_cov_1.078176	+	207	251
18	U00096.2	+	3738965	3739089	NODE_48_length_362_cov_1.078176	+	136	251
13	U00096.2	+	3772258	3772357	NODE_48_length_362_cov_1.078176	+	160	246
2	U00096.2	+	3851734	3851770	NODE_48_length_362_cov_1.078176	+	160	196
3	U00096.2	+	3906437	3906476	NODE_48_length_362_cov_1.078176	+	210	249
12	U00096.2	+	3998167	3998276	NODE_48_length_362_cov_1.078176	+	155	247
13	U00096.2	+	4025338	4025430	NODE_48_length_362_cov_1.078176	+	154	248
12	U00096.2	+	4025442	4025528	NODE_48_length_362_cov_1.078176	+	160	248
11	U00096.2	+	4025540	4025627	NODE_48_length_362_cov_1.078176	+	160	248
2	U00096.2	+	4051551	4051587	NODE_48_length_362_cov_1.078176	+	211	247
18	U00096.2	+	4061546	4061617	NODE_48_length_362_cov_1.078176	+	176	247
14	U00096.2	+	4092655	4092741	NODE_48_length_362_cov_1.078176	+	160	247
30	U00096.2	+	4106552	4106692	NODE_48_length_362_cov_1.078176	+	116	247
3	U00096.2	+	4216450	4216494	NODE_48_length_362_cov_1.078176	+	200	248
13	U00096.2	+	4216506	4216592	NODE_48_length_362_cov_1.078176	+	160	248
1	U00096.2	+	4233444	4233479	NODE_48_length_362_cov_1.078176	+	213	248
14	U00096.2	+	4243154	4243241	NODE_48_length_362_cov_1.078176	+	159	247
4	U00096.2	+	4247339	4247379	NODE_48_length_362_cov_1.078176	+	208	248
11	U00096.2	+	4247385	4247473	NODE_48_length_362_cov_1.078176	+	161	251
0	U00096.2	+	4283325	4283360	NODE_48_length_362_cov_1.078176	+	213	248
10	U00096.2	+	4315939	4316023	NODE_48_length_362_cov_1.078176	+	160	247
15	U00096.2	+	4371201	4371319	NODE_48_length_362_cov_1.078176	+	136	247
8	U00096.2	+	4448955	4449002	NODE_48_length_362_cov_1.078176	+	201	248
1	U00096.2	+	4455207	4455242	NODE_48_length_362_cov_1.078176	+	212	247
14	U00096.2	+	4458430	4458522	NODE_48_length_362_cov_1.078176	+	153	247
14	U00096.2	+	4482356	4482444	NODE_48_length_362_cov_1.078176	+	161	251
2	U00096.2	+	4552526	4552567	NODE_48_length_362_cov_1.078176	+	211	252
1	U00096.2	+	4612279	4612314	NODE_48_length_362_cov_1.078176	+	212	247
13	U00096.2	+	4612327	4612415	NODE_48_length_362_cov_1.078176	+	160	247
15	U00096.2	+	4612428	4612516	NODE_48_length_362_cov_1.078176	+	160	247
14	U00096.2	+	4612529	4612617	NODE_48_length_362_cov_1.078176	+	160	247
11	U00096.2	+	4626765	4626868	NODE_48_length_362_cov_1.078176	+	160	247
14	U00096.2	+	39150	39234	NODE_48_length_362_cov_1.078176	-	116	204
19	U00096.2	+	338976	339074	NODE_48_length_362_cov_1.078176	-	112	216
10	U00096.2	+	339072	339154	NODE_48_length_362_cov_1.078176	-	115	203
19	U00096.2	+	339166	339260	NODE_48_length_362_cov_1.078176	-	116	216
11	U00096.2	+	339258	339340	NODE_48_length_362_cov_1.078176	-	115	204
13	U00096.2	+	356703	356787	NODE_48_length_362_cov_1.078176	-	112	203
13	U00096.2	+	356903	356987	NODE_48_length_362_cov_1.078176	-	112	203
14	U00096.2	+	374153	374241	NODE_48_length_362_cov_1.078176	-	116	203
11	U00096.2	+	374254	374342	NODE_48_length_362_cov_1.078176	-	116	203
13	U00096.2	+	374355	374443	NODE_48_length_362_cov_1.078176	-	116	203
10	U00096.2	+	374456	374544	NODE_48_length_362_cov_1.078176	-	116	203
15	U00096.2	+	489178	489282	NODE_48_length_362_cov_1.078176	-	112	204
15	U00096.2	+	698643	698747	NODE_48_length_362_cov_1.078176	-	112	204
14	U00096.2	+	740176	740283	NODE_48_length_362_cov_1.078176	-	116	203
13	U00096.2	+	757674	757749	NODE_48_length_362_cov_1.078176	-	116	202
2	U00096.2	+	836849	836889	NODE_48_length_362_cov_1.078176	-	115	155
15	U00096.2	+	844849	844965	NODE_48_length_362_cov_1.078176	-	112	215
15	U00096.2	+	898914	899017	NODE_48_length_362_cov_1.078176	-	112	203
44	U00096.2	+	1380795	1380965	NODE_48_length_362_cov_1.078176	-	29	203
12	U00096.2	+	1532905	1532966	NODE_48_length_362_cov_1.078176	-	115	180
13	U00096.2	+	1814204	1814308	NODE_48_length_362_cov_1.078176	-	112	204
15	U00096.2	+	1952447	1952552	NODE_48_length_362_cov_1.078176	-	111	204
12	U00096.2	+	1999990	2000091	NODE_48_length_362_cov_1.078176	-	115	203
1	U00096.2	+	2131454	2131490	NODE_48_length_362_cov_1.078176	-	115	151
14	U00096.2	+	2175471	2175537	NODE_48_length_362_cov_1.078176	-	115	189
2	U00096.2	+	2234670	2234707	NODE_48_length_362_cov_1.078176	-	115	152
9	U00096.2	+	2314903	2315006	NODE_48_length_362_cov_1.078176	-	115	203
3	U00096.2	+	2315018	2315058	NODE_48_length_362_cov_1.078176	-	116	156
18	U00096.2	+	2345158	2345261	NODE_48_length_362_cov_1.078176	-	87	202
12	U00096.2	+	2345268	2345350	NODE_48_length_362_cov_1.078176	-	116	203
16	U00096.2	+	2428950	2429037	NODE_48_length_362_cov_1.078176	-	116	205
27	U00096.2	+	2441777	2441891	NODE_48_length_362_cov_1.078176	-	76	203
11	U00096.2	+	2536552	2536656	NODE_48_length_362_cov_1.078176	-	112	204
12	U00096.2	+	2660421	2660506	NODE_48_length_362_cov_1.078176	-	116	203
35	U00096.2	+	2660512	2660674	NODE_48_length_362_cov_1.078176	-	116	262
13	U00096.2	+	2840444	2840534	NODE_48_length_362_cov_1.078176	-	116	215
3	U00096.2	+	2915905	2915945	NODE_48_length_362_cov_1.078176	-	112	152
25	U00096.2	+	3068024	3068154	NODE_48_length_362_cov_1.078176	-	116	249
15	U00096.2	+	3201162	3201249	NODE_48_length_362_cov_1.078176	-	113	202
2	U00096.2	+	3201255	3201291	NODE_48_length_362_cov_1.078176	-	115	151
1	U00096.2	+	3214667	3214701	NODE_48_length_362_cov_1.078176	-	117	151
13	U00096.2	+	3253237	3253346	NODE_48_length_362_cov_1.078176	-	115	207
15	U00096.2	+	3328477	3328597	NODE_48_length_362_cov_1.078176	-	112	214
26	U00096.2	+	3390065	3390183	NODE_48_length_362_cov_1.078176	-	91	203
15	U00096.2	+	3390189	3390274	NODE_48_length_362_cov_1.078176	-	116	203
14	U00096.2	+	3390280	3390365	NODE_48_length_362_cov_1.078176	-	116	203
4	U00096.2	+	3390371	3390409	NODE_48_length_362_cov_1.078176	-	116	154
2	U00096.2	+	3502806	3502843	NODE_48_length_362_cov_1.078176	-	165	202
20	U00096.2	+	3545872	3545996	NODE_48_length_362_cov_1.078176	-	91	203
15	U00096.2	+	3590582	3590686	NODE_48_length_362_cov_1.078176	-	112	203
13	U00096.2	+	3637227	3637330	NODE_48_length_362_cov_1.078176	-	112	203
9	U00096.2	+	3672404	3672496	NODE_48_length_362_cov_1.078176	-	117	202
13	U00096.2	+	3703981	3704084	NODE_48_length_362_cov_1.078176	-	112	203
15	U00096.2	+	3752878	3752965	NODE_48_length_362_cov_1.078176	-	112	203
20	U00096.2	+	3875597	3875707	NODE_48_length_362_cov_1.078176	-	105	203
1	U00096.2	+	3960725	3960759	NODE_48_length_362_cov_1.078176	-	169	203
7	U00096.2	+	3982241	3982350	NODE_48_length_362_cov_1.078176	-	115	206
13	U00096.2	+	4078038	4078141	NODE_48_length_362_cov_1.078176	-	112	203
6	U00096.2	+	4101579	4101623	NODE_48_length_362_cov_1.078176	-	116	160
12	U00096.2	+	4125970	4126071	NODE_48_length_362_cov_1.078176	-	112	202
6	U00096.2	+	4146451	4146535	NODE_48_length_362_cov_1.078176	-	115	203
13	U00096.2	+	4151558	4151652	NODE_48_length_362_cov_1.078176	-	116	203
15	U00096.2	+	4323868	4323962	NODE_48_length_362_cov_1.078176	-	111	204
13	U00096.2	+	4323972	4324062	NODE_48_length_362_cov_1.078176	-	115	204
12	U00096.2	+	4324072	4324162	NODE_48_length_362_cov_1.078176	-	115	204
15	U00096.2	+	4324168	4324262	NODE_48_length_362_cov_1.078176	-	111	204
13	U00096.2	+	4324272	4324361	NODE_48_length_362_cov_1.078176	-	115	203
10	U00096.2	+	4372517	4372604	NODE_48_length_362_cov_1.078176	-	113	180
11	U00096.2	+	4407171	4407271	NODE_48_length_362_cov_1.078176	-	112	189
13	U00096.2	+	4468399	4468491	NODE_48_length_362_cov_1.078176	-	112	202
7	U00096.2	+	4547798	4547842	NODE_48_length_362_cov_1.078176	-	159	203
0	U00096.2	+	94297	94656	NODE_49_length_360_cov_1.124590	+	1	360
0	U00096.2	+	34297	34655	NODE_50_length_359_cov_1.174342	-	1	359
0	U00096.2	+	92233	92591	NODE_51_length_359_cov_0.960526	+	1	359
0	U00096.2	+	69908	70262	NODE_52_length_355_cov_1.330000	-	1	355
0	U00096.2	+	23094	23448	NODE_53_length_355_cov_1.223333	+	1	355
0	U00096.2	+	58651	59005	NODE_54_length_355_cov_1.200000	+	1	355
0	U00096.2	+	75070	75420	NODE_55_length_351_cov_1.331081	-	1	351
0	U00096.2	+	42336	42686	NODE_56_length_351_cov_1.064189	+	1	351
94	U00096.2	+	1777632	1777915	NODE_56_length_351_cov_1.064189	+	59	351
0	U00096.2	+	79502	79848	NODE_57_length_347_cov_1.304795	-	1	347
0	U00096.2	+	9078	9424	NODE_58_length_347_cov_0.996575	-	1	347
23	U00096.2	+	2577525	2577616	NODE_58_length_347_cov_0.996575	-	1	92
123	U00096.2	+	3850319	3850648	NODE_59_length_343_cov_1.381944	+	1	330
0	U00096.2	+	85749	86091	NODE_59_length_343_cov_1.381944	-	1	343
124	U00096.2	+	3948691	3948988	NODE_59_length_343_cov_1.381944	-	2	299
0	U00096.2	+	3218	3558	NODE_60_length_341_cov_1.713287	+	1	341
0	U00096.2	+	59006	59346	NODE_61_length_341_cov_1.178322	+	1	341
41	U00096.2	+	59028	59250	NODE_61_length_341_cov_1.178322	+	40	260
85	U00096.2	+	59029	59276	NODE_61_length_341_cov_1.178322	+	55	296
44	U00096.2	+	59045	59265	NODE_61_length_341_cov_1.178322	+	23	245
85	U00096.2	+	59060	59301	NODE_61_length_341_cov_1.178322	+	24	271
0	U00096.2	+	58113	58449	NODE_62_length_337_cov_1.429078	+	1	337
5	U00096.2	+	4532752	4532811	NODE_62_length_337_cov_1.429078	+	66	125
0	U00096.2	+	997	1333	NODE_63_length_337_cov_0.751773	+	1	337
0	U00096.2	+	54557	54891	NODE_64_length_335_cov_1.807143	-	1	335
0	U00096.2	+	77598	77932	NODE_65_length_335_cov_1.260714	+	1	335
88	U00096.2	+	3835023	3835241	NODE_65_length_335_cov_1.260714	+	68	286
0	U00096.2	+	80554	80881	NODE_66_length_328_cov_1.128205	+	1	328
0	U00096.2	+	145	471	NODE_67_length_327_cov_1.705882	-	1	327
0	U00096.2	+	82495	82821	NODE_68_length_327_cov_0.797794	-	1	327
0	U00096.2	+	96582	96889	NODE_69_length_308_cov_1.478261	+	1	308
0	U00096.2	+	84702	85009	NODE_70_length_308_cov_1.245059	+	1	308
0	U00096.2	+	82916	83220	NODE_71_length_305_cov_1.436000	+	1	305
0	U00096.2	+	93842	94144	NODE_72_length_303_cov_0.927419	+	1	303
0	U00096.2	+	81814	82115	NODE_73_length_302_cov_0.923077	-	1	302
0	U00096.2	+	49287	49586	NODE_74_length_300_cov_0.918367	+	1	300
0	U00096.2	+	74220	74517	NODE_75_length_298_cov_1.065844	-	1	298
0	U00096.2	+	70258	70554	NODE_76_length_297_cov_1.409091	-	1	297
0	U00096.2	+	97495	97790	NODE_77_length_296_cov_1.589212	+	1	296
0	U00096.2	+	28080	28372	NODE_78_length_293_cov_1.163866	-	1	293
0	U00096.2	+	46027	46318	NODE_79_length_292_cov_1.025316	+	1	292
0	U00096.2	+	30588	30877	NODE_80_length_290_cov_1.034043	+	1	290
0	U00096.2	+	78667	78955	NODE_81_length_289_cov_0.961538	-	1	289
0	U00096.2	+	68723	69011	NODE_82_length_289_cov_0.914530	-	1	289
0	U00096.2	+	32995	33281	NODE_83_length_287_cov_1.112069	+	1	287
0	U00096.2	+	17875	18159	NODE_84_length_285_cov_1.700000	-	1	285
0	U00096.2	+	50382	50665	NODE_85_length_284_cov_0.960699	-	1	284
0	U00096.2	+	91308	91591	NODE_86_length_284_cov_0.947598	+	1	284
0	U00096.2	+	44349	44628	NODE_87_length_280_cov_0.817778	+	1	280
109	U00096.2	+	1779590	1779867	NODE_87_length_280_cov_0.817778	+	3	280
0	U00096.2	+	41387	41665	NODE_88_length_279_cov_0.950893	+	1	279
0	U00096.2	+	86537	86813	NODE_89_length_277_cov_1.216216	+	1	277
14	U00096.2	+	338943	339017	NODE_90_length_276_cov_2.361991	+	154	233
7	U00096.2	+	339062	339110	NODE_90_length_276_cov_2.361991	+	185	233
7	U00096.2	+	339155	339202	NODE_90_length_276_cov_2.361991	+	185	232
7	U00096.2	+	339248	339295	NODE_90_length_276_cov_2.361991	+	185	232
10	U00096.2	+	356701	356768	NODE_90_length_276_cov_2.361991	+	190	276
11	U00096.2	+	356898	356968	NODE_90_length_276_cov_2.361991	+	187	276
3	U00096.2	+	374153	374190	NODE_90_length_276_cov_2.361991	+	196	233
3	U00096.2	+	374254	374291	NODE_90_length_276_cov_2.361991	+	196	233
1	U00096.2	+	374355	374389	NODE_90_length_276_cov_2.361991	+	196	230
18	U00096.2	+	489177	489262	NODE_90_length_276_cov_2.361991	+	191	276
10	U00096.2	+	698642	698727	NODE_90_length_276_cov_2.361991	+	191	276
11	U00096.2	+	740175	740256	NODE_90_length_276_cov_2.361991	+	195	276
4	U00096.2	+	757666	757710	NODE_90_length_276_cov_2.361991	+	188	232
15	U00096.2	+	769892	769972	NODE_90_length_276_cov_2.361991	+	191	271
15	U00096.2	+	844853	844934	NODE_90_length_276_cov_2.361991	+	196	276
14	U00096.2	+	898913	898998	NODE_90_length_276_cov_2.361991	+	191	276
16	U00096.2	+	983578	983663	NODE_90_length_276_cov_2.361991	+	191	276
11	U00096.2	+	1814203	1814288	NODE_90_length_276_cov_2.361991	+	191	276
17	U00096.2	+	1821349	1821433	NODE_90_length_276_cov_2.361991	+	191	275
18	U00096.2	+	1952438	1952532	NODE_90_length_276_cov_2.361991	+	182	276
9	U00096.2	+	1999991	2000072	NODE_90_length_276_cov_2.361991	+	196	276
4	U00096.2	+	2217646	2217685	NODE_90_length_276_cov_2.361991	+	196	235
13	U00096.2	+	2234556	2234632	NODE_90_length_276_cov_2.361991	+	197	276
4	U00096.2	+	2234671	2234719	NODE_90_length_276_cov_2.361991	+	196	244
21	U00096.2	+	2314893	2314980	NODE_90_length_276_cov_2.361991	+	185	276
6	U00096.2	+	2315007	2315055	NODE_90_length_276_cov_2.361991	+	185	233
2	U00096.2	+	2345180	2345215	NODE_90_length_276_cov_2.361991	+	195	230
6	U00096.2	+	2441800	2441844	NODE_90_length_276_cov_2.361991	+	186	230
13	U00096.2	+	2536551	2536636	NODE_90_length_276_cov_2.361991	+	191	276
9	U00096.2	+	2840441	2840506	NODE_90_length_276_cov_2.361991	+	193	250
17	U00096.2	+	2915904	2915988	NODE_90_length_276_cov_2.361991	+	191	276
20	U00096.2	+	3010473	3010558	NODE_90_length_276_cov_2.361991	+	191	276
9	U00096.2	+	3068023	3068104	NODE_90_length_276_cov_2.361991	+	195	276
9	U00096.2	+	3099713	3099762	NODE_90_length_276_cov_2.361991	+	192	241
16	U00096.2	+	3148723	3148812	NODE_90_length_276_cov_2.361991	+	188	276
2	U00096.2	+	3214662	3214700	NODE_90_length_276_cov_2.361991	+	192	230
25	U00096.2	+	3250077	3250166	NODE_90_length_276_cov_2.361991	+	187	276
20	U00096.2	+	3253238	3253315	NODE_90_length_276_cov_2.361991	+	196	275
15	U00096.2	+	3328476	3328561	NODE_90_length_276_cov_2.361991	+	191	276
19	U00096.2	+	3523494	3523579	NODE_90_length_276_cov_2.361991	+	191	276
11	U00096.2	+	3590585	3590667	NODE_90_length_276_cov_2.361991	+	195	276
10	U00096.2	+	3637226	3637311	NODE_90_length_276_cov_2.361991	+	191	276
10	U00096.2	+	3703980	3704065	NODE_90_length_276_cov_2.361991	+	191	276
9	U00096.2	+	3875608	3875688	NODE_90_length_276_cov_2.361991	+	196	276
19	U00096.2	+	3982229	3982321	NODE_90_length_276_cov_2.361991	+	184	276
16	U00096.2	+	4078037	4078122	NODE_90_length_276_cov_2.361991	+	191	276
51	U00096.2	+	4101433	4101619	NODE_90_length_276_cov_2.361991	+	62	236
16	U00096.2	+	4125962	4126053	NODE_90_length_276_cov_2.361991	+	184	276
9	U00096.2	+	4135809	4135891	NODE_90_length_276_cov_2.361991	+	194	276
8	U00096.2	+	4151422	4151470	NODE_90_length_276_cov_2.361991	+	183	231
8	U00096.2	+	4151545	4151592	NODE_90_length_276_cov_2.361991	+	183	230
13	U00096.2	+	4264905	4264969	NODE_90_length_276_cov_2.361991	+	191	255
12	U00096.2	+	4407170	4407255	NODE_90_length_276_cov_2.361991	+	191	276
13	U00096.2	+	4631148	4631215	NODE_90_length_276_cov_2.361991	+	187	254
0	U00096.2	+	5590	5865	NODE_90_length_276_cov_2.361991	-	1	276
13	U00096.2	+	111502	111582	NODE_90_length_276_cov_2.361991	-	1	83
14	U00096.2	+	138717	138802	NODE_90_length_276_cov_2.361991	-	1	86
11	U00096.2	+	216023	216092	NODE_90_length_276_cov_2.361991	-	16	84
5	U00096.2	+	247450	247492	NODE_90_length_276_cov_2.361991	-	39	81
2	U00096.2	+	376611	376646	NODE_90_length_276_cov_2.361991	-	46	81
1	U00096.2	+	376711	376746	NODE_90_length_276_cov_2.361991	-	46	81
16	U00096.2	+	410355	410433	NODE_90_length_276_cov_2.361991	-	47	119
12	U00096.2	+	430210	430295	NODE_90_length_276_cov_2.361991	-	1	86
4	U00096.2	+	500665	500704	NODE_90_length_276_cov_2.361991	-	44	83
3	U00096.2	+	507802	507841	NODE_90_length_276_cov_2.361991	-	43	82
2	U00096.2	+	507907	507942	NODE_90_length_276_cov_2.361991	-	47	82
11	U00096.2	+	609358	609443	NODE_90_length_276_cov_2.361991	-	1	86
3	U00096.2	+	631332	631374	NODE_90_length_276_cov_2.361991	-	41	83
8	U00096.2	+	707078	707158	NODE_90_length_276_cov_2.361991	-	1	81
18	U00096.2	+	714505	714597	NODE_90_length_276_cov_2.361991	-	1	93
12	U00096.2	+	814826	814910	NODE_90_length_276_cov_2.361991	-	1	86
5	U00096.2	+	831530	831612	NODE_90_length_276_cov_2.361991	-	1	83
13	U00096.2	+	856857	856942	NODE_90_length_276_cov_2.361991	-	1	86
14	U00096.2	+	1067595	1067680	NODE_90_length_276_cov_2.361991	-	1	86
23	U00096.2	+	1080289	1080369	NODE_90_length_276_cov_2.361991	-	1	81
2	U00096.2	+	1083953	1083990	NODE_90_length_276_cov_2.361991	-	43	80
14	U00096.2	+	1112658	1112738	NODE_90_length_276_cov_2.361991	-	1	81
10	U00096.2	+	1133847	1133907	NODE_90_length_276_cov_2.361991	-	21	81
14	U00096.2	+	1689467	1689547	NODE_90_length_276_cov_2.361991	-	1	82
4	U00096.2	+	2116545	2116587	NODE_90_length_276_cov_2.361991	-	47	89
4	U00096.2	+	2280905	2280945	NODE_90_length_276_cov_2.361991	-	43	83
15	U00096.2	+	2289241	2289327	NODE_90_length_276_cov_2.361991	-	1	87
13	U00096.2	+	2547506	2547587	NODE_90_length_276_cov_2.361991	-	1	82
15	U00096.2	+	2653010	2653090	NODE_90_length_276_cov_2.361991	-	1	82
18	U00096.2	+	2682157	2682249	NODE_90_length_276_cov_2.361991	-	1	93
10	U00096.2	+	2712323	2712404	NODE_90_length_276_cov_2.361991	-	1	82
13	U00096.2	+	2833129	2833191	NODE_90_length_276_cov_2.361991	-	39	100
14	U00096.2	+	2943936	2944032	NODE_90_length_276_cov_2.361991	-	1	96
16	U00096.2	+	3080825	3080893	NODE_90_length_276_cov_2.361991	-	47	114
6	U00096.2	+	3267762	3267843	NODE_90_length_276_cov_2.361991	-	1	82
11	U00096.2	+	3510551	3510628	NODE_90_length_276_cov_2.361991	-	1	86
13	U00096.2	+	3561623	3561708	NODE_90_length_276_cov_2.361991	-	1	86
19	U00096.2	+	3596438	3596520	NODE_90_length_276_cov_2.361991	-	1	82
11	U00096.2	+	3674162	3674246	NODE_90_length_276_cov_2.361991	-	1	86
13	U00096.2	+	3739005	3739090	NODE_90_length_276_cov_2.361991	-	1	86
20	U00096.2	+	3772277	3772361	NODE_90_length_276_cov_2.361991	-	1	84
11	U00096.2	+	3775070	3775121	NODE_90_length_276_cov_2.361991	-	30	81
10	U00096.2	+	4051530	4051588	NODE_90_length_276_cov_2.361991	-	23	82
9	U00096.2	+	4106612	4106697	NODE_90_length_276_cov_2.361991	-	1	86
5	U00096.2	+	4216458	4216502	NODE_90_length_276_cov_2.361991	-	46	90
1	U00096.2	+	4233443	4233478	NODE_90_length_276_cov_2.361991	-	46	81
9	U00096.2	+	4243180	4243243	NODE_90_length_276_cov_2.361991	-	27	83
2	U00096.2	+	4247434	4247470	NODE_90_length_276_cov_2.361991	-	46	82
18	U00096.2	+	4251974	4252054	NODE_90_length_276_cov_2.361991	-	2	81
5	U00096.2	+	4283324	4283367	NODE_90_length_276_cov_2.361991	-	46	89
23	U00096.2	+	4293884	4293991	NODE_90_length_276_cov_2.361991	-	1	100
28	U00096.2	+	4293997	4294098	NODE_90_length_276_cov_2.361991	-	1	101
23	U00096.2	+	4294110	4294217	NODE_90_length_276_cov_2.361991	-	1	100
23	U00096.2	+	4294223	4294330	NODE_90_length_276_cov_2.361991	-	1	100
6	U00096.2	+	4315983	4316029	NODE_90_length_276_cov_2.361991	-	41	87
14	U00096.2	+	4342856	4342938	NODE_90_length_276_cov_2.361991	-	1	86
19	U00096.2	+	4371238	4371320	NODE_90_length_276_cov_2.361991	-	1	82
4	U00096.2	+	4413979	4414018	NODE_90_length_276_cov_2.361991	-	45	84
18	U00096.2	+	4439434	4439519	NODE_90_length_276_cov_2.361991	-	1	86
1	U00096.2	+	4455208	4455244	NODE_90_length_276_cov_2.361991	-	47	83
4	U00096.2	+	4458487	4458528	NODE_90_length_276_cov_2.361991	-	46	87
17	U00096.2	+	4482405	4482489	NODE_90_length_276_cov_2.361991	-	46	127
4	U00096.2	+	4552526	4552587	NODE_90_length_276_cov_2.361991	-	45	99
3	U00096.2	+	4604635	4604673	NODE_90_length_276_cov_2.361991	-	43	81
15	U00096.2	+	4612280	4612347	NODE_90_length_276_cov_2.361991	-	47	111
16	U00096.2	+	4612381	4612458	NODE_90_length_276_cov_2.361991	-	47	119
16	U00096.2	+	4612482	4612559	NODE_90_length_276_cov_2.361991	-	47	119
10	U00096.2	+	4626792	4626870	NODE_90_length_276_cov_2.361991	-	1	83
0	U00096.2	+	46968	47242	NODE_91_length_275_cov_1.609091	+	1	275
0	U00096.2	+	38693	38964	NODE_92_length_272_cov_1.023041	+	1	272
0	U00096.2	+	1570	1840	NODE_93_length_271_cov_0.833333	-	1	271
0	U00096.2	+	2109	2379	NODE_94_length_271_cov_0.652778	+	1	271
101	U00096.2	+	4129627	4129881	NODE_94_length_271_cov_0.652778	+	15	270
0	U00096.2	+	89998	90263	NODE_95_length_266_cov_1.488152	-	1	266
0	U00096.2	+	36835	37100	NODE_96_length_266_cov_1.236967	+	1	266
0	U00096.2	+	41139	41402	NODE_97_length_264_cov_2.229665	+	1	264
0	U00096.2	+	31040	31302	NODE_98_length_263_cov_0.918269	+	1	263
0	U00096.2	+	75720	75981	NODE_99_length_262_cov_1.642512	+	1	262
0	U00096.2	+	42764	43025	NODE_100_length_262_cov_0.816425	+	1	262
74	U00096.2	+	1777993	1778236	NODE_100_length_262_cov_0.816425	+	1	247
0	U00096.2	+	31579	31839	NODE_101_length_261_cov_1.466019	-	1	261
0	U00096.2	+	2793	3051	NODE_102_length_259_cov_1.382353	-	1	259
0	U00096.2	+	76388	76644	NODE_103_length_257_cov_1.113861	+	1	257
0	U00096.2	+	2418	2667	NODE_104_length_250_cov_0.805128	-	1	250
0	U00096.2	+	7170	7417	NODE_105_length_248_cov_1.362694	-	1	248
0	U00096.2	+	3561	3805	NODE_106_length_245_cov_0.810526	-	1	245
0	U00096.2	+	49639	49881	NODE_107_length_243_cov_1.170213	+	1	243
0	U00096.2	+	86104	86345	NODE_108_length_242_cov_1.053476	+	1	242
0	U00096.2	+	60502	60742	NODE_109_length_241_cov_0.903226	+	1	241
0	U00096.2	+	54238	54476	NODE_110_length_239_cov_0.951087	-	1	239
0	U00096.2	+	13518	13752	NODE_111_length_235_cov_1.216667	-	1	235
0	U00096.2	+	34838	35072	NODE_112_length_235_cov_0.905556	+	1	235
0	U00096.2	+	67082	67312	NODE_113_length_231_cov_2.119318	-	1	231
0	U00096.2	+	46477	46705	NODE_114_length_229_cov_1.183908	+	1	229
0	U00096.2	+	22791	23018	NODE_115_length_228_cov_1.011561	+	1	228
0	U00096.2	+	59343	59569	NODE_116_length_227_cov_1.197674	+	1	227
0	U00096.2	+	95941	96164	NODE_117_length_224_cov_1.331361	+	1	224
0	U00096.2	+	43821	44044	NODE_118_length_224_cov_1.260355	+	1	224
46	U00096.2	+	1779078	1779278	NODE_118_length_224_cov_1.260355	+	24	224
0	U00096.2	+	95417	95640	NODE_119_length_224_cov_1.201183	-	1	224
0	U00096.2	+	64209	64428	NODE_120_length_220_cov_0.878788	-	1	220
0	U00096.2	+	6755	6973	NODE_121_length_219_cov_0.823171	-	1	219
0	U00096.2	+	95704	95921	NODE_122_length_218_cov_1.006135	-	1	218
0	U00096.2	+	38192	38406	NODE_123_length_215_cov_0.812500	+	1	215
0	U00096.2	+	65542	65752	NODE_124_length_211_cov_1.019231	-	1	211
0	U00096.2	+	81025	81235	NODE_125_length_211_cov_0.865385	+	1	211
0	U00096.2	+	71845	72054	NODE_126_length_210_cov_0.909677	+	1	210
0	U00096.2	+	60725	60933	NODE_127_length_209_cov_0.870130	+	1	209
0	U00096.2	+	90811	91017	NODE_128_length_207_cov_0.585526	-	1	207
