#nmismatch	name1	strand1	start1	end1	name2	strand2	start2	end2
0	U00096.2	+	69908	70225	NODE_1_length_288_cov_2.038194	-	1	318
0	U00096.2	+	84148	84453	NODE_2_length_276_cov_1.771739	-	1	306
0	U00096.2	+	13804	14119	NODE_3_length_286_cov_2.034965	+	1	316
0	U00096.2	+	48145	48335	NODE_4_length_161_cov_1.881988	-	1	191
121	U00096.2	+	2655628	2655955	NODE_5_length_301_cov_3.019933	+	3	324
0	U00096.2	+	13173	13503	NODE_5_length_301_cov_3.019933	-	1	331
0	U00096.2	+	13038	13158	NODE_6_length_91_cov_2.494505	+	1	121
0	U00096.2	+	91309	91513	NODE_7_length_175_cov_1.548571	+	1	205
0	U00096.2	+	91488	91591	NODE_8_length_74_cov_1.162162	-	1	104
0	U00096.2	+	8474	9015	NODE_9_length_512_cov_2.654297	-	1	542
138	U00096.2	+	2576922	2577447	NODE_9_length_512_cov_2.654297	-	2	527
0	U00096.2	+	77926	78604	NODE_10_length_649_cov_3.714946	-	1	679
245	U00096.2	+	2262217	2262867	NODE_10_length_649_cov_3.714946	-	22	675
269	U00096.2	+	3835306	3835961	NODE_10_length_649_cov_3.714946	-	23	675
0	U00096.2	+	66216	66593	NODE_11_length_348_cov_1.982759	+	1	378
93	U00096.2	+	3748081	3748431	NODE_11_length_348_cov_1.982759	-	17	366
112	U00096.2	+	4421697	4422051	NODE_11_length_348_cov_1.982759	-	16	378
0	U00096.2	+	61790	62787	NODE_12_length_968_cov_1.780992	-	1	998
0	U00096.2	+	47250	47356	NODE_13_length_77_cov_2.467532	+	1	107
0	U00096.2	+	145	287	NODE_14_length_113_cov_2.876106	+	1	143
0	U00096.2	+	290	441	NODE_15_length_122_cov_3.049180	-	1	152
0	U00096.2	+	74551	74666	NODE_16_length_86_cov_1.476744	-	1	116
104	U00096.2	+	3850319	3850598	NODE_17_length_250_cov_2.240000	+	1	280
0	U00096.2	+	85812	86091	NODE_17_length_250_cov_2.240000	-	1	280
94	U00096.2	+	3948754	3948988	NODE_17_length_250_cov_2.240000	-	2	236
0	U00096.2	+	14419	14764	NODE_18_length_316_cov_2.579114	+	1	346
0	U00096.2	+	14777	15133	NODE_19_length_327_cov_2.773700	-	1	357
0	U00096.2	+	65406	65500	NODE_20_length_65_cov_1.415385	-	1	95
0	U00096.2	+	65240	65354	NODE_21_length_85_cov_1.364706	+	1	115
0	U00096.2	+	41387	41597	NODE_22_length_181_cov_1.541436	+	1	211
0	U00096.2	+	96716	96865	NODE_23_length_120_cov_2.925000	-	1	150
0	U00096.2	+	96582	96701	NODE_24_length_90_cov_2.300000	+	1	120
0	U00096.2	+	79176	79277	NODE_25_length_72_cov_1.569444	+	1	102
0	U00096.2	+	79279	79381	NODE_26_length_73_cov_1.917808	-	1	103
0	U00096.2	+	2257	2379	NODE_27_length_93_cov_1.086022	-	1	123
38	U00096.2	+	4129776	4129881	NODE_27_length_93_cov_1.086022	-	17	122
2	U00096.2	+	15377	16352	NODE_28_length_946_cov_2.979915	+	1	976
3	U00096.2	+	607220	608195	NODE_28_length_946_cov_2.979915	+	1	976
0	U00096.2	+	2512285	2513260	NODE_28_length_946_cov_2.979915	+	1	976
2	U00096.2	+	608549	608584	NODE_28_length_946_cov_2.979915	-	941	976
0	U00096.2	+	2793	2914	NODE_29_length_92_cov_2.608696	+	1	122
0	U00096.2	+	2931	3051	NODE_30_length_91_cov_1.956044	-	1	121
0	U00096.2	+	70258	70547	NODE_31_length_260_cov_2.053846	-	1	290
0	U00096.2	+	76916	77051	NODE_32_length_106_cov_2.471698	+	1	136
0	U00096.2	+	77064	77164	NODE_33_length_71_cov_2.323944	-	1	101
0	U00096.2	+	20570	20680	NODE_34_length_81_cov_2.271605	+	1	111
0	U00096.2	+	20713	20874	NODE_35_length_132_cov_2.242424	-	1	162
0	U00096.2	+	3218	3558	NODE_36_length_311_cov_2.623794	-	1	341
0	U00096.2	+	85374	85602	NODE_37_length_199_cov_1.718593	+	1	229
0	U00096.2	+	5879	6043	NODE_38_length_135_cov_1.859259	-	1	165
9	U00096.2	+	59028	59120	NODE_39_length_97_cov_2.247423	-	6	96
13	U00096.2	+	59029	59103	NODE_39_length_97_cov_2.247423	-	21	94
0	U00096.2	+	59040	59166	NODE_39_length_97_cov_2.247423	-	1	127
8	U00096.2	+	59054	59135	NODE_39_length_97_cov_2.247423	-	1	81
10	U00096.2	+	59069	59133	NODE_39_length_97_cov_2.247423	-	1	64
0	U00096.2	+	22027	22382	NODE_40_length_326_cov_2.570552	+	1	356
0	U00096.2	+	88623	89198	NODE_41_length_546_cov_2.564103	+	1	576
1	U00096.2	+	607219	607255	NODE_42_length_401_cov_3.047382	+	20	56
0	U00096.2	+	16331	16761	NODE_42_length_401_cov_3.047382	-	1	431
3	U00096.2	+	608174	608585	NODE_42_length_401_cov_3.047382	-	1	412
2	U00096.2	+	2513239	2513649	NODE_42_length_401_cov_3.047382	-	1	411
0	U00096.2	+	87136	87328	NODE_43_length_163_cov_1.496933	+	1	193
0	U00096.2	+	95941	96040	NODE_44_length_70_cov_1.828571	+	1	100
0	U00096.2	+	96034	96164	NODE_45_length_101_cov_2.079208	-	1	131
0	U00096.2	+	10952	11221	NODE_46_length_240_cov_2.275000	-	1	270
0	U00096.2	+	10768	10958	NODE_47_length_161_cov_2.378882	+	1	191
0	U00096.2	+	38693	38964	NODE_48_length_242_cov_1.433884	+	1	272
0	U00096.2	+	18563	18997	NODE_49_length_405_cov_2.654321	-	1	435
0	U00096.2	+	18414	18513	NODE_50_length_70_cov_1.400000	+	1	100
0	U00096.2	+	4328	4447	NODE_51_length_90_cov_2.977778	+	1	120
0	U00096.2	+	4471	4574	NODE_52_length_74_cov_2.783784	-	1	104
0	U00096.2	+	17116	17646	NODE_53_length_501_cov_1.762475	-	1	531
0	U00096.2	+	21518	21912	NODE_54_length_365_cov_2.613699	+	1	395
0	U00096.2	+	34895	34995	NODE_55_length_71_cov_1.915493	-	1	101
0	U00096.2	+	92922	93040	NODE_56_length_89_cov_2.516854	+	1	119
0	U00096.2	+	93048	93192	NODE_57_length_115_cov_2.556522	-	1	145
0	U00096.2	+	68274	68726	NODE_58_length_423_cov_2.685579	-	1	453
0	U00096.2	+	67082	67312	NODE_59_length_201_cov_2.980099	+	1	231
0	U00096.2	+	19720	19823	NODE_60_length_74_cov_2.770270	+	1	104
0	U00096.2	+	9078	9171	NODE_61_length_64_cov_1.562500	+	1	94
23	U00096.2	+	2577525	2577616	NODE_61_length_64_cov_1.562500	+	1	92
0	U00096.2	+	22791	22927	NODE_62_length_107_cov_1.560748	+	1	137
0	U00096.2	+	22905	23018	NODE_63_length_84_cov_1.880952	-	1	114
0	U00096.2	+	9606	9740	NODE_64_length_105_cov_2.000000	+	1	135
0	U00096.2	+	38267	38406	NODE_65_length_110_cov_1.236364	-	1	140
0	U00096.2	+	93842	94089	NODE_66_length_218_cov_1.490826	+	1	248
0	U00096.2	+	10163	10615	NODE_67_length_423_cov_2.645390	+	1	453
0	U00096.2	+	32522	32621	NODE_68_length_70_cov_1.485714	-	1	100
0	U00096.2	+	32286	32454	NODE_69_length_139_cov_1.661870	+	1	169
0	U00096.2	+	19144	19664	NODE_70_length_491_cov_2.405295	-	1	521
0	U00096.2	+	41999	42102	NODE_71_length_74_cov_2.554054	-	1	104
0	U00096.2	+	82916	83220	NODE_72_length_275_cov_2.032727	+	1	305
0	U00096.2	+	28617	28950	NODE_73_length_304_cov_1.493421	-	1	334
0	U00096.2	+	76545	76644	NODE_74_length_70_cov_1.585714	-	1	100
0	U00096.2	+	76392	76491	NODE_75_length_70_cov_2.271429	+	1	100
0	U00096.2	+	89184	89415	NODE_76_length_202_cov_2.975248	+	1	232
0	U00096.2	+	79502	79776	NODE_77_length_245_cov_1.885714	-	1	275
0	U00096.2	+	40616	40715	NODE_78_length_70_cov_1.342857	-	1	100
0	U00096.2	+	80063	80364	NODE_79_length_272_cov_1.555147	-	1	302
43	U00096.2	+	1775208	1775326	NODE_80_length_231_cov_2.259740	+	143	261
0	U00096.2	+	40280	40540	NODE_80_length_231_cov_2.259740	-	1	261
0	U00096.2	+	91590	91715	NODE_81_length_96_cov_1.447917	-	1	126
0	U00096.2	+	28080	28372	NODE_82_length_263_cov_1.802281	+	1	293
0	U00096.2	+	43821	44044	NODE_83_length_194_cov_1.742268	+	1	224
46	U00096.2	+	1779078	1779278	NODE_83_length_194_cov_1.742268	+	24	224
0	U00096.2	+	37408	38096	NODE_84_length_659_cov_2.280728	-	1	689
0	U00096.2	+	30116	30263	NODE_85_length_118_cov_1.601695	-	1	148
0	U00096.2	+	72206	72336	NODE_86_length_101_cov_1.247525	+	1	131
0	U00096.2	+	36729	36849	NODE_87_length_91_cov_2.021978	+	1	121
0	U00096.2	+	60588	60742	NODE_88_length_125_cov_1.232000	+	1	155
15	U00096.2	+	39150	39232	NODE_89_length_85_cov_2.588235	+	1	79
0	U00096.2	+	66564	66678	NODE_89_length_85_cov_2.588235	+	1	115
1	U00096.2	+	66649	66763	NODE_89_length_85_cov_2.588235	+	1	115
5	U00096.2	+	66734	66829	NODE_89_length_85_cov_2.588235	+	1	96
21	U00096.2	+	374153	374288	NODE_89_length_85_cov_2.588235	+	1	115
20	U00096.2	+	374254	374389	NODE_89_length_85_cov_2.588235	+	1	115
16	U00096.2	+	374355	374490	NODE_89_length_85_cov_2.588235	+	1	115
23	U00096.2	+	374456	374589	NODE_89_length_85_cov_2.588235	+	1	115
9	U00096.2	+	757632	757708	NODE_89_length_85_cov_2.588235	+	44	115
22	U00096.2	+	836782	836884	NODE_89_length_85_cov_2.588235	+	17	115
22	U00096.2	+	2175394	2175506	NODE_89_length_85_cov_2.588235	+	1	115
19	U00096.2	+	2345181	2345302	NODE_89_length_85_cov_2.588235	+	1	115
16	U00096.2	+	2345268	2345380	NODE_89_length_85_cov_2.588235	+	1	111
16	U00096.2	+	2428950	2429034	NODE_89_length_85_cov_2.588235	+	1	79
17	U00096.2	+	3091987	3092081	NODE_89_length_85_cov_2.588235	+	1	89
12	U00096.2	+	3096434	3096535	NODE_89_length_85_cov_2.588235	+	1	96
15	U00096.2	+	3201165	3201290	NODE_89_length_85_cov_2.588235	+	1	115
17	U00096.2	+	3215455	3215568	NODE_89_length_85_cov_2.588235	+	1	96
9	U00096.2	+	3311271	3311325	NODE_89_length_85_cov_2.588235	+	41	95
20	U00096.2	+	3752882	3752989	NODE_89_length_85_cov_2.588235	+	1	104
20	U00096.2	+	4323873	4324007	NODE_89_length_85_cov_2.588235	+	1	115
23	U00096.2	+	4323973	4324107	NODE_89_length_85_cov_2.588235	+	1	115
20	U00096.2	+	4324073	4324207	NODE_89_length_85_cov_2.588235	+	1	115
23	U00096.2	+	4324173	4324307	NODE_89_length_85_cov_2.588235	+	1	115
24	U00096.2	+	4324273	4324407	NODE_89_length_85_cov_2.588235	+	1	115
22	U00096.2	+	4432518	4432615	NODE_89_length_85_cov_2.588235	+	1	99
14	U00096.2	+	4631157	4631262	NODE_89_length_85_cov_2.588235	+	1	88
8	U00096.2	+	5551	5670	NODE_89_length_85_cov_2.588235	-	23	115
21	U00096.2	+	111430	111580	NODE_89_length_85_cov_2.588235	-	1	115
30	U00096.2	+	173471	173589	NODE_89_length_85_cov_2.588235	-	6	115
17	U00096.2	+	216055	216166	NODE_89_length_85_cov_2.588235	-	1	99
22	U00096.2	+	244129	244263	NODE_89_length_85_cov_2.588235	-	1	114
18	U00096.2	+	247458	247565	NODE_89_length_85_cov_2.588235	-	1	93
14	U00096.2	+	248145	248234	NODE_89_length_85_cov_2.588235	-	35	115
19	U00096.2	+	248200	248335	NODE_89_length_85_cov_2.588235	-	1	115
24	U00096.2	+	348813	348915	NODE_89_length_85_cov_2.588235	-	21	115
25	U00096.2	+	348880	349008	NODE_89_length_85_cov_2.588235	-	1	115
20	U00096.2	+	348973	349101	NODE_89_length_85_cov_2.588235	-	1	115
21	U00096.2	+	349066	349194	NODE_89_length_85_cov_2.588235	-	1	115
13	U00096.2	+	353911	353999	NODE_89_length_85_cov_2.588235	-	1	78
8	U00096.2	+	500668	500752	NODE_89_length_85_cov_2.588235	-	1	73
20	U00096.2	+	507806	507941	NODE_89_length_85_cov_2.588235	-	1	115
20	U00096.2	+	507907	508042	NODE_89_length_85_cov_2.588235	-	1	115
23	U00096.2	+	761985	762108	NODE_89_length_85_cov_2.588235	-	1	115
26	U00096.2	+	805079	805205	NODE_89_length_85_cov_2.588235	-	1	115
11	U00096.2	+	899972	900059	NODE_89_length_85_cov_2.588235	-	1	73
17	U00096.2	+	1083878	1083990	NODE_89_length_85_cov_2.588235	-	17	114
13	U00096.2	+	2116490	2116579	NODE_89_length_85_cov_2.588235	-	37	115
20	U00096.2	+	2116545	2116676	NODE_89_length_85_cov_2.588235	-	1	115
16	U00096.2	+	2144620	2144707	NODE_89_length_85_cov_2.588235	-	33	114
20	U00096.2	+	2302439	2302586	NODE_89_length_85_cov_2.588235	-	1	115
19	U00096.2	+	2302552	2302699	NODE_89_length_85_cov_2.588235	-	1	115
20	U00096.2	+	2302665	2302812	NODE_89_length_85_cov_2.588235	-	1	115
19	U00096.2	+	2302778	2302925	NODE_89_length_85_cov_2.588235	-	1	115
21	U00096.2	+	2302891	2303038	NODE_89_length_85_cov_2.588235	-	1	115
20	U00096.2	+	2509348	2509462	NODE_89_length_85_cov_2.588235	-	17	115
15	U00096.2	+	2537629	2537715	NODE_89_length_85_cov_2.588235	-	37	113
4	U00096.2	+	2806177	2806237	NODE_89_length_85_cov_2.588235	-	20	73
5	U00096.2	+	3040326	3040376	NODE_89_length_85_cov_2.588235	-	20	70
9	U00096.2	+	3040414	3040498	NODE_89_length_85_cov_2.588235	-	1	73
6	U00096.2	+	3137645	3137725	NODE_89_length_85_cov_2.588235	-	3	72
12	U00096.2	+	3706295	3706380	NODE_89_length_85_cov_2.588235	-	1	72
21	U00096.2	+	4025328	4025429	NODE_89_length_85_cov_2.588235	-	20	115
20	U00096.2	+	4025493	4025626	NODE_89_length_85_cov_2.588235	-	1	115
20	U00096.2	+	4092339	4092465	NODE_89_length_85_cov_2.588235	-	1	115
19	U00096.2	+	4092431	4092557	NODE_89_length_85_cov_2.588235	-	1	115
19	U00096.2	+	4092523	4092649	NODE_89_length_85_cov_2.588235	-	1	115
19	U00096.2	+	4092615	4092741	NODE_89_length_85_cov_2.588235	-	1	115
16	U00096.2	+	4216459	4216591	NODE_89_length_85_cov_2.588235	-	1	115
19	U00096.2	+	4233444	4233553	NODE_89_length_85_cov_2.588235	-	1	115
20	U00096.2	+	4243117	4243241	NODE_89_length_85_cov_2.588235	-	3	115
18	U00096.2	+	4247345	4247469	NODE_89_length_85_cov_2.588235	-	2	115
10	U00096.2	+	4283325	4283407	NODE_89_length_85_cov_2.588235	-	1	78
15	U00096.2	+	4315940	4316023	NODE_89_length_85_cov_2.588235	-	37	115
13	U00096.2	+	4458422	4458522	NODE_89_length_85_cov_2.588235	-	21	115
21	U00096.2	+	4482330	4482440	NODE_89_length_85_cov_2.588235	-	16	115
0	U00096.2	+	64817	64938	NODE_90_length_92_cov_2.815217	-	1	122
0	U00096.2	+	8379	8481	NODE_91_length_73_cov_1.917808	+	1	103
0	U00096.2	+	60110	60238	NODE_92_length_99_cov_1.313131	+	1	129
0	U00096.2	+	50966	51337	NODE_93_length_342_cov_1.602339	+	1	372
0	U00096.2	+	42764	43025	NODE_94_length_232_cov_1.159483	-	1	262
74	U00096.2	+	1777993	1778236	NODE_94_length_232_cov_1.159483	-	1	247
0	U00096.2	+	65542	65752	NODE_95_length_181_cov_1.430939	+	1	211
0	U00096.2	+	99540	99682	NODE_96_length_113_cov_1.336283	-	1	143
0	U00096.2	+	64242	64341	NODE_97_length_70_cov_1.400000	-	1	100
0	U00096.2	+	7300	7417	NODE_98_length_88_cov_2.170455	-	1	118
0	U00096.2	+	31579	31839	NODE_99_length_231_cov_2.064935	-	1	261
0	U00096.2	+	46492	46705	NODE_100_length_184_cov_1.820652	+	1	214
0	U00096.2	+	63016	63525	NODE_101_length_480_cov_2.275000	+	1	510
0	U00096.2	+	91955	92059	NODE_102_length_75_cov_1.280000	+	1	105
0	U00096.2	+	58651	58970	NODE_103_length_290_cov_1.810345	-	1	320
0	U00096.2	+	78687	78955	NODE_104_length_239_cov_1.380753	-	1	269
0	U00096.2	+	85061	85204	NODE_105_length_114_cov_2.105263	+	1	144
0	U00096.2	+	57016	57138	NODE_106_length_93_cov_2.010753	-	1	123
0	U00096.2	+	30588	30877	NODE_107_length_260_cov_1.511539	+	1	290
0	U00096.2	+	76709	76808	NODE_108_length_70_cov_1.828571	+	1	100
0	U00096.2	+	27983	28082	NODE_109_length_70_cov_1.371429	+	1	100
0	U00096.2	+	22475	22608	NODE_110_length_104_cov_1.384615	+	1	134
0	U00096.2	+	12483	12837	NODE_111_length_325_cov_2.083077	+	1	355
99	U00096.2	+	2656256	2656582	NODE_111_length_325_cov_2.083077	-	1	342
0	U00096.2	+	50146	50262	NODE_112_length_87_cov_1.586207	-	1	117
0	U00096.2	+	81103	81235	NODE_113_length_103_cov_1.359223	-	1	133
0	U00096.2	+	33673	33929	NODE_114_length_227_cov_2.986784	-	1	257
0	U00096.2	+	23094	23445	NODE_115_length_322_cov_1.829193	+	1	352
0	U00096.2	+	55754	56342	NODE_116_length_559_cov_3.220036	-	1	589
0	U00096.2	+	49639	49881	NODE_117_length_213_cov_1.619718	+	1	243
0	U00096.2	+	73438	73661	NODE_118_length_194_cov_1.195876	+	1	224
0	U00096.2	+	36460	36560	NODE_119_length_71_cov_3.394366	+	1	101
0	U00096.2	+	57170	57268	NODE_120_length_69_cov_1.782609	-	1	99
0	U00096.2	+	54016	54119	NODE_121_length_74_cov_3.081081	-	1	104
0	U00096.2	+	79749	79840	NODE_122_length_62_cov_2.596774	+	1	92
0	U00096.2	+	94297	94505	NODE_123_length_179_cov_2.106145	-	1	209
0	U00096.2	+	96285	96384	NODE_124_length_70_cov_1.600000	+	1	100
0	U00096.2	+	96441	96535	NODE_125_length_65_cov_1.369231	-	1	95
0	U00096.2	+	17009	17111	NODE_126_length_73_cov_1.712329	-	1	103
29	U00096.2	+	3720134	3720231	NODE_126_length_73_cov_1.712329	-	2	103
0	U00096.2	+	35079	35457	NODE_127_length_349_cov_1.848137	+	1	379
97	U00096.2	+	1462513	1462787	NODE_127_length_349_cov_1.848137	-	105	379
0	U00096.2	+	57299	57433	NODE_128_length_105_cov_1.552381	-	1	135
0	U00096.2	+	30260	30514	NODE_129_length_225_cov_1.382222	+	1	255
0	U00096.2	+	86537	86813	NODE_130_length_247_cov_1.700405	+	1	277
0	U00096.2	+	9195	9424	NODE_131_length_200_cov_1.715000	+	1	230
0	U00096.2	+	24420	24885	NODE_132_length_436_cov_2.149083	+	1	466
0	U00096.2	+	60946	61053	NODE_133_length_78_cov_2.705128	+	1	108
0	U00096.2	+	61068	61167	NODE_134_length_70_cov_1.957143	-	1	100
0	U00096.2	+	32995	33281	NODE_135_length_257_cov_1.587549	+	1	287
0	U00096.2	+	50865	50978	NODE_136_length_84_cov_1.035714	-	1	114
0	U00096.2	+	10082	10182	NODE_137_length_71_cov_2.492958	-	1	101
0	U00096.2	+	1065	1214	NODE_138_length_120_cov_1.158333	-	1	150
0	U00096.2	+	98650	98747	NODE_139_length_68_cov_1.779412	+	1	98
0	U00096.2	+	32835	32954	NODE_140_length_90_cov_1.733333	-	1	120
0	U00096.2	+	5158	5421	NODE_141_length_234_cov_1.970086	+	1	264
47	U00096.2	+	2509051	2509204	NODE_141_length_234_cov_1.970086	+	111	264
0	U00096.2	+	60748	60887	NODE_142_length_110_cov_1.500000	-	1	140
0	U00096.2	+	64082	64181	NODE_143_length_70_cov_2.200000	+	1	100
0	U00096.2	+	2418	2512	NODE_144_length_65_cov_1.753846	-	1	95
0	U00096.2	+	81814	81942	NODE_145_length_99_cov_1.747475	+	1	129
0	U00096.2	+	81986	82085	NODE_146_length_70_cov_1.457143	-	1	100
0	U00096.2	+	8245	8344	NODE_147_length_70_cov_2.442857	-	1	100
22	U00096.2	+	2576712	2576791	NODE_147_length_70_cov_2.442857	-	21	100
0	U00096.2	+	9816	9913	NODE_148_length_68_cov_1.985294	+	1	98
0	U00096.2	+	9939	10051	NODE_149_length_83_cov_3.036144	-	1	113
48	U00096.2	+	3477892	3478039	NODE_150_length_118_cov_2.754237	+	1	148
0	U00096.2	+	48365	48512	NODE_150_length_118_cov_2.754237	-	1	148
0	U00096.2	+	21424	21523	NODE_151_length_70_cov_2.000000	-	1	100
0	U00096.2	+	21287	21400	NODE_152_length_84_cov_3.023809	+	1	114
0	U00096.2	+	97518	97786	NODE_153_length_239_cov_2.535565	+	1	269
0	U00096.2	+	51424	51877	NODE_154_length_424_cov_2.259434	+	1	454
0	U00096.2	+	51893	51992	NODE_155_length_70_cov_2.057143	-	1	100
0	U00096.2	+	95704	95921	NODE_156_length_188_cov_1.404255	-	1	218
0	U00096.2	+	35964	36237	NODE_157_length_244_cov_2.577869	-	1	274
0	U00096.2	+	3561	3700	NODE_158_length_110_cov_1.536364	+	1	140
0	U00096.2	+	71634	71733	NODE_159_length_70_cov_2.228571	-	1	100
0	U00096.2	+	46968	47228	NODE_160_length_231_cov_2.337662	+	1	261
0	U00096.2	+	83300	83697	NODE_161_length_368_cov_2.062500	+	1	398
0	U00096.2	+	19805	20436	NODE_162_length_602_cov_7.767442	+	1	632
8	U00096.2	+	278396	279027	NODE_162_length_602_cov_7.767442	+	1	632
8	U00096.2	+	289867	290498	NODE_162_length_602_cov_7.767442	+	1	632
0	U00096.2	+	1976536	1977167	NODE_162_length_602_cov_7.767442	+	1	632
7	U00096.2	+	1049128	1049759	NODE_162_length_602_cov_7.767442	-	1	632
0	U00096.2	+	3581578	3582209	NODE_162_length_602_cov_7.767442	-	1	632
57	U00096.2	+	4516622	4517253	NODE_162_length_602_cov_7.767442	-	1	632
14	U00096.2	+	338943	339017	NODE_163_length_242_cov_3.380165	+	150	229
7	U00096.2	+	339062	339110	NODE_163_length_242_cov_3.380165	+	181	229
7	U00096.2	+	339155	339202	NODE_163_length_242_cov_3.380165	+	181	228
7	U00096.2	+	339248	339295	NODE_163_length_242_cov_3.380165	+	181	228
10	U00096.2	+	356701	356768	NODE_163_length_242_cov_3.380165	+	186	272
11	U00096.2	+	356898	356968	NODE_163_length_242_cov_3.380165	+	183	272
3	U00096.2	+	374153	374190	NODE_163_length_242_cov_3.380165	+	192	229
3	U00096.2	+	374254	374291	NODE_163_length_242_cov_3.380165	+	192	229
1	U00096.2	+	374355	374389	NODE_163_length_242_cov_3.380165	+	192	226
18	U00096.2	+	489177	489262	NODE_163_length_242_cov_3.380165	+	187	272
10	U00096.2	+	698642	698727	NODE_163_length_242_cov_3.380165	+	187	272
11	U00096.2	+	740175	740256	NODE_163_length_242_cov_3.380165	+	191	272
4	U00096.2	+	757666	757710	NODE_163_length_242_cov_3.380165	+	184	228
15	U00096.2	+	769892	769972	NODE_163_length_242_cov_3.380165	+	187	267
15	U00096.2	+	844853	844934	NODE_163_length_242_cov_3.380165	+	192	272
14	U00096.2	+	898913	898998	NODE_163_length_242_cov_3.380165	+	187	272
16	U00096.2	+	983578	983663	NODE_163_length_242_cov_3.380165	+	187	272
11	U00096.2	+	1814203	1814288	NODE_163_length_242_cov_3.380165	+	187	272
17	U00096.2	+	1821349	1821433	NODE_163_length_242_cov_3.380165	+	187	271
18	U00096.2	+	1952438	1952532	NODE_163_length_242_cov_3.380165	+	178	272
9	U00096.2	+	1999991	2000072	NODE_163_length_242_cov_3.380165	+	192	272
4	U00096.2	+	2217646	2217685	NODE_163_length_242_cov_3.380165	+	192	231
13	U00096.2	+	2234556	2234632	NODE_163_length_242_cov_3.380165	+	193	272
4	U00096.2	+	2234671	2234719	NODE_163_length_242_cov_3.380165	+	192	240
21	U00096.2	+	2314893	2314980	NODE_163_length_242_cov_3.380165	+	181	272
6	U00096.2	+	2315007	2315055	NODE_163_length_242_cov_3.380165	+	181	229
2	U00096.2	+	2345180	2345215	NODE_163_length_242_cov_3.380165	+	191	226
6	U00096.2	+	2441800	2441844	NODE_163_length_242_cov_3.380165	+	182	226
13	U00096.2	+	2536551	2536636	NODE_163_length_242_cov_3.380165	+	187	272
9	U00096.2	+	2840441	2840506	NODE_163_length_242_cov_3.380165	+	189	246
17	U00096.2	+	2915904	2915988	NODE_163_length_242_cov_3.380165	+	187	272
20	U00096.2	+	3010473	3010558	NODE_163_length_242_cov_3.380165	+	187	272
9	U00096.2	+	3068023	3068104	NODE_163_length_242_cov_3.380165	+	191	272
9	U00096.2	+	3099713	3099762	NODE_163_length_242_cov_3.380165	+	188	237
16	U00096.2	+	3148723	3148812	NODE_163_length_242_cov_3.380165	+	184	272
2	U00096.2	+	3214662	3214700	NODE_163_length_242_cov_3.380165	+	188	226
25	U00096.2	+	3250077	3250166	NODE_163_length_242_cov_3.380165	+	183	272
20	U00096.2	+	3253238	3253315	NODE_163_length_242_cov_3.380165	+	192	271
15	U00096.2	+	3328476	3328561	NODE_163_length_242_cov_3.380165	+	187	272
19	U00096.2	+	3523494	3523579	NODE_163_length_242_cov_3.380165	+	187	272
11	U00096.2	+	3590585	3590667	NODE_163_length_242_cov_3.380165	+	191	272
10	U00096.2	+	3637226	3637311	NODE_163_length_242_cov_3.380165	+	187	272
10	U00096.2	+	3703980	3704065	NODE_163_length_242_cov_3.380165	+	187	272
9	U00096.2	+	3875608	3875688	NODE_163_length_242_cov_3.380165	+	192	272
19	U00096.2	+	3982229	3982321	NODE_163_length_242_cov_3.380165	+	180	272
16	U00096.2	+	4078037	4078122	NODE_163_length_242_cov_3.380165	+	187	272
51	U00096.2	+	4101433	4101619	NODE_163_length_242_cov_3.380165	+	58	232
16	U00096.2	+	4125962	4126053	NODE_163_length_242_cov_3.380165	+	180	272
9	U00096.2	+	4135809	4135891	NODE_163_length_242_cov_3.380165	+	190	272
8	U00096.2	+	4151422	4151470	NODE_163_length_242_cov_3.380165	+	179	227
8	U00096.2	+	4151545	4151592	NODE_163_length_242_cov_3.380165	+	179	226
13	U00096.2	+	4264905	4264969	NODE_163_length_242_cov_3.380165	+	187	251
12	U00096.2	+	4407170	4407255	NODE_163_length_242_cov_3.380165	+	187	272
13	U00096.2	+	4631148	4631215	NODE_163_length_242_cov_3.380165	+	183	250
0	U00096.2	+	5590	5861	NODE_163_length_242_cov_3.380165	-	1	272
13	U00096.2	+	111502	111582	NODE_163_length_242_cov_3.380165	-	1	83
14	U00096.2	+	138717	138802	NODE_163_length_242_cov_3.380165	-	1	86
11	U00096.2	+	216023	216092	NODE_163_length_242_cov_3.380165	-	16	84
5	U00096.2	+	247450	247492	NODE_163_length_242_cov_3.380165	-	39	81
2	U00096.2	+	376611	376646	NODE_163_length_242_cov_3.380165	-	46	81
1	U00096.2	+	376711	376746	NODE_163_length_242_cov_3.380165	-	46	81
16	U00096.2	+	410355	410433	NODE_163_length_242_cov_3.380165	-	47	119
12	U00096.2	+	430210	430295	NODE_163_length_242_cov_3.380165	-	1	86
4	U00096.2	+	500665	500704	NODE_163_length_242_cov_3.380165	-	44	83
3	U00096.2	+	507802	507841	NODE_163_length_242_cov_3.380165	-	43	82
2	U00096.2	+	507907	507942	NODE_163_length_242_cov_3.380165	-	47	82
11	U00096.2	+	609358	609443	NODE_163_length_242_cov_3.380165	-	1	86
3	U00096.2	+	631332	631374	NODE_163_length_242_cov_3.380165	-	41	83
8	U00096.2	+	707078	707158	NODE_163_length_242_cov_3.380165	-	1	81
18	U00096.2	+	714505	714597	NODE_163_length_242_cov_3.380165	-	1	93
12	U00096.2	+	814826	814910	NODE_163_length_242_cov_3.380165	-	1	86
5	U00096.2	+	831530	831612	NODE_163_length_242_cov_3.380165	-	1	83
13	U00096.2	+	856857	856942	NODE_163_length_242_cov_3.380165	-	1	86
14	U00096.2	+	1067595	1067680	NODE_163_length_242_cov_3.380165	-	1	86
23	U00096.2	+	1080289	1080369	NODE_163_length_242_cov_3.380165	-	1	81
2	U00096.2	+	1083953	1083990	NODE_163_length_242_cov_3.380165	-	43	80
14	U00096.2	+	1112658	1112738	NODE_163_length_242_cov_3.380165	-	1	81
10	U00096.2	+	1133847	1133907	NODE_163_length_242_cov_3.380165	-	21	81
14	U00096.2	+	1689467	1689547	NODE_163_length_242_cov_3.380165	-	1	82
4	U00096.2	+	2116545	2116587	NODE_163_length_242_cov_3.380165	-	47	89
4	U00096.2	+	2280905	2280945	NODE_163_length_242_cov_3.380165	-	43	83
15	U00096.2	+	2289241	2289327	NODE_163_length_242_cov_3.380165	-	1	87
13	U00096.2	+	2547506	2547587	NODE_163_length_242_cov_3.380165	-	1	82
15	U00096.2	+	2653010	2653090	NODE_163_length_242_cov_3.380165	-	1	82
18	U00096.2	+	2682157	2682249	NODE_163_length_242_cov_3.380165	-	1	93
10	U00096.2	+	2712323	2712404	NODE_163_length_242_cov_3.380165	-	1	82
13	U00096.2	+	2833129	2833191	NODE_163_length_242_cov_3.380165	-	39	100
14	U00096.2	+	2943936	2944032	NODE_163_length_242_cov_3.380165	-	1	96
16	U00096.2	+	3080825	3080893	NODE_163_length_242_cov_3.380165	-	47	114
6	U00096.2	+	3267762	3267843	NODE_163_length_242_cov_3.380165	-	1	82
11	U00096.2	+	3510551	3510628	NODE_163_length_242_cov_3.380165	-	1	86
13	U00096.2	+	3561623	3561708	NODE_163_length_242_cov_3.380165	-	1	86
19	U00096.2	+	3596438	3596520	NODE_163_length_242_cov_3.380165	-	1	82
11	U00096.2	+	3674162	3674246	NODE_163_length_242_cov_3.380165	-	1	86
13	U00096.2	+	3739005	3739090	NODE_163_length_242_cov_3.380165	-	1	86
20	U00096.2	+	3772277	3772361	NODE_163_length_242_cov_3.380165	-	1	84
11	U00096.2	+	3775070	3775121	NODE_163_length_242_cov_3.380165	-	30	81
10	U00096.2	+	4051530	4051588	NODE_163_length_242_cov_3.380165	-	23	82
9	U00096.2	+	4106612	4106697	NODE_163_length_242_cov_3.380165	-	1	86
5	U00096.2	+	4216458	4216502	NODE_163_length_242_cov_3.380165	-	46	90
1	U00096.2	+	4233443	4233478	NODE_163_length_242_cov_3.380165	-	46	81
9	U00096.2	+	4243180	4243243	NODE_163_length_242_cov_3.380165	-	27	83
2	U00096.2	+	4247434	4247470	NODE_163_length_242_cov_3.380165	-	46	82
18	U00096.2	+	4251974	4252054	NODE_163_length_242_cov_3.380165	-	2	81
5	U00096.2	+	4283324	4283367	NODE_163_length_242_cov_3.380165	-	46	89
23	U00096.2	+	4293884	4293991	NODE_163_length_242_cov_3.380165	-	1	100
28	U00096.2	+	4293997	4294098	NODE_163_length_242_cov_3.380165	-	1	101
23	U00096.2	+	4294110	4294217	NODE_163_length_242_cov_3.380165	-	1	100
23	U00096.2	+	4294223	4294330	NODE_163_length_242_cov_3.380165	-	1	100
6	U00096.2	+	4315983	4316029	NODE_163_length_242_cov_3.380165	-	41	87
14	U00096.2	+	4342856	4342938	NODE_163_length_242_cov_3.380165	-	1	86
19	U00096.2	+	4371238	4371320	NODE_163_length_242_cov_3.380165	-	1	82
4	U00096.2	+	4413979	4414018	NODE_163_length_242_cov_3.380165	-	45	84
18	U00096.2	+	4439434	4439519	NODE_163_length_242_cov_3.380165	-	1	86
1	U00096.2	+	4455208	4455244	NODE_163_length_242_cov_3.380165	-	47	83
4	U00096.2	+	4458487	4458528	NODE_163_length_242_cov_3.380165	-	46	87
17	U00096.2	+	4482405	4482489	NODE_163_length_242_cov_3.380165	-	46	127
4	U00096.2	+	4552526	4552587	NODE_163_length_242_cov_3.380165	-	45	99
3	U00096.2	+	4604635	4604673	NODE_163_length_242_cov_3.380165	-	43	81
15	U00096.2	+	4612280	4612347	NODE_163_length_242_cov_3.380165	-	47	111
16	U00096.2	+	4612381	4612458	NODE_163_length_242_cov_3.380165	-	47	119
16	U00096.2	+	4612482	4612559	NODE_163_length_242_cov_3.380165	-	47	119
10	U00096.2	+	4626792	4626870	NODE_163_length_242_cov_3.380165	-	1	83
0	U00096.2	+	557	851	NODE_164_length_265_cov_1.849057	-	1	295
0	U00096.2	+	71845	72054	NODE_165_length_180_cov_1.450000	+	1	210
0	U00096.2	+	72049	72148	NODE_166_length_70_cov_1.800000	-	1	100
0	U00096.2	+	85178	85378	NODE_167_length_171_cov_2.619883	+	1	201
0	U00096.2	+	63553	63672	NODE_168_length_90_cov_2.655555	-	1	120
0	U00096.2	+	55196	55295	NODE_169_length_70_cov_1.557143	-	1	100
0	U00096.2	+	55057	55156	NODE_170_length_70_cov_1.485714	+	1	100
0	U00096.2	+	48891	48990	NODE_171_length_70_cov_2.485714	+	1	100
0	U00096.2	+	49009	49108	NODE_172_length_70_cov_1.771429	-	1	100
0	U00096.2	+	76821	76922	NODE_173_length_72_cov_3.680556	+	1	102
0	U00096.2	+	11778	12205	NODE_174_length_398_cov_2.193467	-	1	428
74	U00096.2	+	3477684	3477870	NODE_175_length_172_cov_2.383721	+	14	200
0	U00096.2	+	48532	48733	NODE_175_length_172_cov_2.383721	-	1	202
0	U00096.2	+	53867	53979	NODE_176_length_83_cov_2.240964	+	1	113
0	U00096.2	+	25148	25375	NODE_177_length_198_cov_1.050505	+	1	228
0	U00096.2	+	31040	31139	NODE_178_length_70_cov_2.085714	+	1	100
0	U00096.2	+	59182	59313	NODE_179_length_102_cov_2.098039	-	1	132
0	U00096.2	+	35449	35561	NODE_180_length_83_cov_2.481928	-	1	113
0	U00096.2	+	16879	16999	NODE_181_length_91_cov_3.736264	+	1	121
0	U00096.2	+	13606	13752	NODE_182_length_117_cov_1.905983	+	1	147
0	U00096.2	+	41139	41402	NODE_183_length_234_cov_3.358974	-	1	264
0	U00096.2	+	53210	53305	NODE_184_length_66_cov_2.000000	+	1	96
0	U00096.2	+	53282	53480	NODE_185_length_169_cov_1.952663	-	1	199
14	U00096.2	+	39150	39231	NODE_186_length_171_cov_1.777778	+	116	201
8	U00096.2	+	338976	339045	NODE_186_length_171_cov_1.777778	+	112	180
6	U00096.2	+	339072	339138	NODE_186_length_171_cov_1.777778	+	115	180
8	U00096.2	+	339166	339231	NODE_186_length_171_cov_1.777778	+	116	180
7	U00096.2	+	339258	339323	NODE_186_length_171_cov_1.777778	+	115	180
9	U00096.2	+	356703	356771	NODE_186_length_171_cov_1.777778	+	112	180
9	U00096.2	+	356903	356971	NODE_186_length_171_cov_1.777778	+	112	180
14	U00096.2	+	374153	374239	NODE_186_length_171_cov_1.777778	+	116	201
11	U00096.2	+	374254	374340	NODE_186_length_171_cov_1.777778	+	116	201
13	U00096.2	+	374355	374441	NODE_186_length_171_cov_1.777778	+	116	201
10	U00096.2	+	374456	374542	NODE_186_length_171_cov_1.777778	+	116	201
11	U00096.2	+	489178	489265	NODE_186_length_171_cov_1.777778	+	112	180
11	U00096.2	+	698643	698730	NODE_186_length_171_cov_1.777778	+	112	180
14	U00096.2	+	740176	740281	NODE_186_length_171_cov_1.777778	+	116	201
13	U00096.2	+	757674	757748	NODE_186_length_171_cov_1.777778	+	116	201
2	U00096.2	+	836849	836889	NODE_186_length_171_cov_1.777778	+	115	155
7	U00096.2	+	844849	844937	NODE_186_length_171_cov_1.777778	+	112	180
11	U00096.2	+	898914	899001	NODE_186_length_171_cov_1.777778	+	112	180
12	U00096.2	+	1532905	1532966	NODE_186_length_171_cov_1.777778	+	115	180
9	U00096.2	+	1814204	1814291	NODE_186_length_171_cov_1.777778	+	112	180
10	U00096.2	+	1952447	1952535	NODE_186_length_171_cov_1.777778	+	111	180
12	U00096.2	+	1999990	2000089	NODE_186_length_171_cov_1.777778	+	115	201
1	U00096.2	+	2131454	2131490	NODE_186_length_171_cov_1.777778	+	115	151
14	U00096.2	+	2175471	2175537	NODE_186_length_171_cov_1.777778	+	115	189
2	U00096.2	+	2234670	2234707	NODE_186_length_171_cov_1.777778	+	115	152
9	U00096.2	+	2314903	2315004	NODE_186_length_171_cov_1.777778	+	115	201
3	U00096.2	+	2315018	2315058	NODE_186_length_171_cov_1.777778	+	116	156
18	U00096.2	+	2345158	2345260	NODE_186_length_171_cov_1.777778	+	87	201
12	U00096.2	+	2345268	2345348	NODE_186_length_171_cov_1.777778	+	116	201
15	U00096.2	+	2428950	2429033	NODE_186_length_171_cov_1.777778	+	116	201
27	U00096.2	+	2441777	2441889	NODE_186_length_171_cov_1.777778	+	76	201
7	U00096.2	+	2536552	2536639	NODE_186_length_171_cov_1.777778	+	112	180
12	U00096.2	+	2660421	2660504	NODE_186_length_171_cov_1.777778	+	116	201
12	U00096.2	+	2660512	2660595	NODE_186_length_171_cov_1.777778	+	116	201
10	U00096.2	+	2840444	2840522	NODE_186_length_171_cov_1.777778	+	116	201
3	U00096.2	+	2915905	2915945	NODE_186_length_171_cov_1.777778	+	112	152
8	U00096.2	+	3068024	3068107	NODE_186_length_171_cov_1.777778	+	116	180
15	U00096.2	+	3201162	3201248	NODE_186_length_171_cov_1.777778	+	113	201
2	U00096.2	+	3201255	3201291	NODE_186_length_171_cov_1.777778	+	115	151
1	U00096.2	+	3214667	3214701	NODE_186_length_171_cov_1.777778	+	117	151
11	U00096.2	+	3253237	3253340	NODE_186_length_171_cov_1.777778	+	115	201
8	U00096.2	+	3328477	3328564	NODE_186_length_171_cov_1.777778	+	112	180
26	U00096.2	+	3390065	3390181	NODE_186_length_171_cov_1.777778	+	91	201
15	U00096.2	+	3390189	3390272	NODE_186_length_171_cov_1.777778	+	116	201
14	U00096.2	+	3390280	3390363	NODE_186_length_171_cov_1.777778	+	116	201
4	U00096.2	+	3390371	3390409	NODE_186_length_171_cov_1.777778	+	116	154
2	U00096.2	+	3502806	3502842	NODE_186_length_171_cov_1.777778	+	165	201
20	U00096.2	+	3545872	3545994	NODE_186_length_171_cov_1.777778	+	91	201
15	U00096.2	+	3590582	3590684	NODE_186_length_171_cov_1.777778	+	112	201
9	U00096.2	+	3637227	3637314	NODE_186_length_171_cov_1.777778	+	112	180
9	U00096.2	+	3672404	3672495	NODE_186_length_171_cov_1.777778	+	117	201
9	U00096.2	+	3703981	3704068	NODE_186_length_171_cov_1.777778	+	112	180
15	U00096.2	+	3752878	3752963	NODE_186_length_171_cov_1.777778	+	112	201
16	U00096.2	+	3875597	3875691	NODE_186_length_171_cov_1.777778	+	105	180
5	U00096.2	+	3982241	3982345	NODE_186_length_171_cov_1.777778	+	115	201
13	U00096.2	+	4078038	4078139	NODE_186_length_171_cov_1.777778	+	112	201
6	U00096.2	+	4101579	4101623	NODE_186_length_171_cov_1.777778	+	116	160
8	U00096.2	+	4125970	4126056	NODE_186_length_171_cov_1.777778	+	112	180
6	U00096.2	+	4146451	4146533	NODE_186_length_171_cov_1.777778	+	115	201
12	U00096.2	+	4151558	4151649	NODE_186_length_171_cov_1.777778	+	116	200
15	U00096.2	+	4323868	4323959	NODE_186_length_171_cov_1.777778	+	111	201
13	U00096.2	+	4323972	4324059	NODE_186_length_171_cov_1.777778	+	115	201
12	U00096.2	+	4324072	4324159	NODE_186_length_171_cov_1.777778	+	115	201
15	U00096.2	+	4324168	4324259	NODE_186_length_171_cov_1.777778	+	111	201
13	U00096.2	+	4324272	4324359	NODE_186_length_171_cov_1.777778	+	115	201
10	U00096.2	+	4372517	4372604	NODE_186_length_171_cov_1.777778	+	113	180
11	U00096.2	+	4407171	4407271	NODE_186_length_171_cov_1.777778	+	112	189
9	U00096.2	+	4468399	4468476	NODE_186_length_171_cov_1.777778	+	112	180
0	U00096.2	+	25711	25911	NODE_186_length_171_cov_1.777778	-	1	201
9	U00096.2	+	138714	138801	NODE_186_length_171_cov_1.777778	-	22	90
13	U00096.2	+	173505	173591	NODE_186_length_171_cov_1.777778	-	1	88
6	U00096.2	+	216053	216100	NODE_186_length_171_cov_1.777778	-	50	97
1	U00096.2	+	244128	244163	NODE_186_length_171_cov_1.777778	-	51	86
15	U00096.2	+	248148	248234	NODE_186_length_171_cov_1.777778	-	1	86
18	U00096.2	+	376560	376646	NODE_186_length_171_cov_1.777778	-	1	86
16	U00096.2	+	376660	376746	NODE_186_length_171_cov_1.777778	-	1	86
16	U00096.2	+	410303	410393	NODE_186_length_171_cov_1.777778	-	1	90
17	U00096.2	+	410405	410497	NODE_186_length_171_cov_1.777778	-	1	90
3	U00096.2	+	500666	500702	NODE_186_length_171_cov_1.777778	-	50	86
8	U00096.2	+	507784	507840	NODE_186_length_171_cov_1.777778	-	29	86
13	U00096.2	+	507855	507941	NODE_186_length_171_cov_1.777778	-	1	86
13	U00096.2	+	507956	508042	NODE_186_length_171_cov_1.777778	-	1	86
9	U00096.2	+	550648	550739	NODE_186_length_171_cov_1.777778	-	1	91
11	U00096.2	+	609355	609442	NODE_186_length_171_cov_1.777778	-	22	90
2	U00096.2	+	631336	631372	NODE_186_length_171_cov_1.777778	-	50	86
13	U00096.2	+	707075	707172	NODE_186_length_171_cov_1.777778	-	22	100
8	U00096.2	+	714502	714589	NODE_186_length_171_cov_1.777778	-	22	90
15	U00096.2	+	805029	805113	NODE_186_length_171_cov_1.777778	-	2	86
8	U00096.2	+	805122	805207	NODE_186_length_171_cov_1.777778	-	2	88
8	U00096.2	+	814823	814909	NODE_186_length_171_cov_1.777778	-	22	90
8	U00096.2	+	831527	831610	NODE_186_length_171_cov_1.777778	-	22	86
8	U00096.2	+	1067592	1067679	NODE_186_length_171_cov_1.777778	-	22	90
17	U00096.2	+	1083906	1083992	NODE_186_length_171_cov_1.777778	-	1	87
8	U00096.2	+	1112655	1112742	NODE_186_length_171_cov_1.777778	-	22	90
2	U00096.2	+	1133871	1133911	NODE_186_length_171_cov_1.777778	-	50	90
10	U00096.2	+	1689464	1689550	NODE_186_length_171_cov_1.777778	-	22	90
16	U00096.2	+	2116491	2116579	NODE_186_length_171_cov_1.777778	-	1	86
3	U00096.2	+	2289285	2289325	NODE_186_length_171_cov_1.777778	-	50	90
8	U00096.2	+	2338336	2338418	NODE_186_length_171_cov_1.777778	-	1	87
20	U00096.2	+	2509375	2509467	NODE_186_length_171_cov_1.777778	-	1	91
10	U00096.2	+	2547503	2547585	NODE_186_length_171_cov_1.777778	-	22	85
2	U00096.2	+	2579685	2579721	NODE_186_length_171_cov_1.777778	-	1	37
4	U00096.2	+	2590991	2591035	NODE_186_length_171_cov_1.777778	-	43	87
7	U00096.2	+	2653007	2653089	NODE_186_length_171_cov_1.777778	-	22	86
7	U00096.2	+	2682154	2682241	NODE_186_length_171_cov_1.777778	-	22	90
13	U00096.2	+	2712320	2712408	NODE_186_length_171_cov_1.777778	-	22	91
21	U00096.2	+	2833091	2833188	NODE_186_length_171_cov_1.777778	-	2	103
10	U00096.2	+	2943933	2944019	NODE_186_length_171_cov_1.777778	-	22	90
10	U00096.2	+	3080779	3080864	NODE_186_length_171_cov_1.777778	-	1	91
1	U00096.2	+	3137645	3137678	NODE_186_length_171_cov_1.777778	-	54	87
12	U00096.2	+	3232661	3232746	NODE_186_length_171_cov_1.777778	-	1	86
12	U00096.2	+	3267759	3267847	NODE_186_length_171_cov_1.777778	-	22	91
12	U00096.2	+	3510548	3510627	NODE_186_length_171_cov_1.777778	-	22	90
10	U00096.2	+	3537738	3537803	NODE_186_length_171_cov_1.777778	-	27	87
9	U00096.2	+	3596435	3596523	NODE_186_length_171_cov_1.777778	-	22	90
6	U00096.2	+	3674201	3674245	NODE_186_length_171_cov_1.777778	-	46	90
6	U00096.2	+	3739002	3739089	NODE_186_length_171_cov_1.777778	-	22	90
9	U00096.2	+	3772274	3772357	NODE_186_length_171_cov_1.777778	-	22	85
3	U00096.2	+	3906437	3906476	NODE_186_length_171_cov_1.777778	-	49	88
10	U00096.2	+	3998174	3998276	NODE_186_length_171_cov_1.777778	-	1	86
12	U00096.2	+	4025346	4025430	NODE_186_length_171_cov_1.777778	-	1	87
12	U00096.2	+	4025444	4025528	NODE_186_length_171_cov_1.777778	-	1	87
11	U00096.2	+	4025542	4025627	NODE_186_length_171_cov_1.777778	-	1	87
2	U00096.2	+	4051551	4051587	NODE_186_length_171_cov_1.777778	-	50	86
18	U00096.2	+	4061546	4061617	NODE_186_length_171_cov_1.777778	-	15	86
14	U00096.2	+	4092657	4092741	NODE_186_length_171_cov_1.777778	-	1	86
7	U00096.2	+	4106609	4106692	NODE_186_length_171_cov_1.777778	-	22	86
3	U00096.2	+	4216450	4216494	NODE_186_length_171_cov_1.777778	-	39	87
13	U00096.2	+	4216508	4216592	NODE_186_length_171_cov_1.777778	-	1	87
1	U00096.2	+	4233444	4233479	NODE_186_length_171_cov_1.777778	-	52	87
14	U00096.2	+	4243157	4243241	NODE_186_length_171_cov_1.777778	-	1	86
4	U00096.2	+	4247339	4247379	NODE_186_length_171_cov_1.777778	-	47	87
11	U00096.2	+	4247386	4247473	NODE_186_length_171_cov_1.777778	-	1	90
0	U00096.2	+	4283325	4283360	NODE_186_length_171_cov_1.777778	-	52	87
9	U00096.2	+	4315942	4316023	NODE_186_length_171_cov_1.777778	-	2	86
5	U00096.2	+	4371235	4371319	NODE_186_length_171_cov_1.777778	-	22	86
8	U00096.2	+	4448955	4449002	NODE_186_length_171_cov_1.777778	-	40	87
1	U00096.2	+	4455207	4455242	NODE_186_length_171_cov_1.777778	-	51	86
11	U00096.2	+	4458439	4458522	NODE_186_length_171_cov_1.777778	-	1	86
14	U00096.2	+	4482357	4482444	NODE_186_length_171_cov_1.777778	-	1	90
2	U00096.2	+	4552526	4552567	NODE_186_length_171_cov_1.777778	-	50	91
1	U00096.2	+	4612279	4612314	NODE_186_length_171_cov_1.777778	-	51	86
13	U00096.2	+	4612329	4612415	NODE_186_length_171_cov_1.777778	-	1	86
15	U00096.2	+	4612430	4612516	NODE_186_length_171_cov_1.777778	-	1	86
14	U00096.2	+	4612531	4612617	NODE_186_length_171_cov_1.777778	-	1	86
11	U00096.2	+	4626767	4626868	NODE_186_length_171_cov_1.777778	-	1	86
0	U00096.2	+	25558	25712	NODE_187_length_125_cov_2.336000	+	1	155
0	U00096.2	+	26841	27044	NODE_188_length_174_cov_1.103448	-	1	204
0	U00096.2	+	54238	54332	NODE_189_length_65_cov_1.569231	+	1	95
0	U00096.2	+	54377	54476	NODE_190_length_70_cov_1.457143	-	1	100
0	U00096.2	+	21171	21270	NODE_191_length_70_cov_2.714286	-	1	100
0	U00096.2	+	73156	73354	NODE_192_length_169_cov_1.875740	+	1	199
0	U00096.2	+	75070	75387	NODE_193_length_288_cov_2.034722	-	1	318
0	U00096.2	+	29748	30058	NODE_194_length_281_cov_1.896797	+	1	311
0	U00096.2	+	29565	29708	NODE_195_length_114_cov_1.754386	-	1	144
0	U00096.2	+	89581	89680	NODE_196_length_70_cov_1.900000	-	1	100
0	U00096.2	+	89409	89546	NODE_197_length_108_cov_1.703704	+	1	138
0	U00096.2	+	59594	59693	NODE_198_length_70_cov_1.685714	-	1	100
0	U00096.2	+	59455	59569	NODE_199_length_85_cov_2.470588	+	1	115
0	U00096.2	+	44644	44743	NODE_200_length_70_cov_2.985714	-	1	100
0	U00096.2	+	54557	54891	NODE_201_length_305_cov_2.642623	+	1	335
0	U00096.2	+	65985	66124	NODE_202_length_110_cov_2.063636	+	1	140
34	U00096.2	+	3748539	3748674	NODE_202_length_110_cov_2.063636	-	5	140
0	U00096.2	+	95417	95516	NODE_203_length_70_cov_1.714286	+	1	100
0	U00096.2	+	95512	95640	NODE_204_length_99_cov_1.949495	-	1	129
0	U00096.2	+	45653	45754	NODE_205_length_72_cov_1.013889	-	1	102
0	U00096.2	+	79889	79984	NODE_206_length_66_cov_2.636364	-	1	96
0	U00096.2	+	24898	25171	NODE_207_length_244_cov_1.372951	-	1	274
0	U00096.2	+	57437	57721	NODE_208_length_255_cov_1.478431	-	1	285
0	U00096.2	+	23947	24261	NODE_209_length_285_cov_2.228070	-	1	315
0	U00096.2	+	37000	37099	NODE_210_length_70_cov_2.214286	-	1	100
0	U00096.2	+	42336	42441	NODE_211_length_76_cov_1.842105	+	1	106
0	U00096.2	+	42415	42686	NODE_212_length_242_cov_1.446281	-	1	272
87	U00096.2	+	1777653	1777915	NODE_212_length_242_cov_1.446281	-	1	272
0	U00096.2	+	35822	35957	NODE_213_length_106_cov_1.830189	-	1	136
0	U00096.2	+	35648	35744	NODE_214_length_67_cov_1.313433	+	1	97
1	U00096.2	+	1049003	1049126	NODE_215_length_94_cov_2.670213	+	1	124
0	U00096.2	+	3581453	3581576	NODE_215_length_94_cov_2.670213	+	1	124
15	U00096.2	+	4516497	4516620	NODE_215_length_94_cov_2.670213	+	1	124
0	U00096.2	+	20438	20561	NODE_215_length_94_cov_2.670213	-	1	124
0	U00096.2	+	279029	279152	NODE_215_length_94_cov_2.670213	-	1	124
0	U00096.2	+	290500	290623	NODE_215_length_94_cov_2.670213	-	1	124
0	U00096.2	+	1977169	1977292	NODE_215_length_94_cov_2.670213	-	1	124
0	U00096.2	+	87698	87797	NODE_216_length_70_cov_2.000000	-	1	100
0	U00096.2	+	87337	87657	NODE_217_length_291_cov_1.945017	+	1	321
0	U00096.2	+	72347	72509	NODE_218_length_133_cov_1.947368	-	1	163
0	U00096.2	+	53607	53711	NODE_219_length_75_cov_2.333333	-	1	105
0	U00096.2	+	53458	53557	NODE_220_length_70_cov_2.442857	+	1	100
0	U00096.2	+	20901	21000	NODE_221_length_70_cov_2.814286	-	1	100
0	U00096.2	+	80554	80873	NODE_222_length_290_cov_1.637931	+	1	320
0	U00096.2	+	68793	69011	NODE_223_length_189_cov_1.423280	+	1	219
0	U00096.2	+	86220	86345	NODE_224_length_96_cov_1.708333	-	1	126
0	U00096.2	+	86104	86203	NODE_225_length_70_cov_1.742857	+	1	100
0	U00096.2	+	91849	91968	NODE_226_length_90_cov_1.455556	-	1	120
0	U00096.2	+	75720	75981	NODE_227_length_232_cov_2.327586	-	1	262
0	U00096.2	+	94557	94656	NODE_228_length_70_cov_1.500000	-	1	100
0	U00096.2	+	53683	53889	NODE_229_length_177_cov_1.497175	+	1	207
0	U00096.2	+	43069	43168	NODE_230_length_70_cov_1.928571	+	1	100
0	U00096.2	+	43191	43290	NODE_231_length_70_cov_1.985714	-	1	100
0	U00096.2	+	13518	13615	NODE_232_length_68_cov_1.852941	+	1	98
0	U00096.2	+	34297	34555	NODE_233_length_229_cov_2.004367	+	1	259
0	U00096.2	+	18330	18429	NODE_234_length_70_cov_1.885714	-	1	100
0	U00096.2	+	89885	90002	NODE_235_length_88_cov_2.386364	-	1	118
0	U00096.2	+	58244	58449	NODE_236_length_176_cov_2.386364	-	1	206
0	U00096.2	+	96932	97025	NODE_237_length_64_cov_1.625000	-	1	94
0	U00096.2	+	99147	99239	NODE_238_length_63_cov_1.952381	-	1	93
0	U00096.2	+	84834	84936	NODE_239_length_73_cov_2.534247	-	1	103
0	U00096.2	+	84702	84820	NODE_240_length_89_cov_2.303371	+	1	119
0	U00096.2	+	27573	27667	NODE_241_length_65_cov_1.630769	+	1	95
0	U00096.2	+	11194	11300	NODE_242_length_77_cov_1.818182	+	1	107
0	U00096.2	+	90416	90508	NODE_243_length_63_cov_1.952381	-	1	93
0	U00096.2	+	49324	49586	NODE_244_length_233_cov_1.343348	-	1	263
0	U00096.2	+	30884	30983	NODE_245_length_70_cov_1.514286	+	1	100
0	U00096.2	+	89998	90263	NODE_246_length_236_cov_2.072034	+	1	266
0	U00096.2	+	29424	29523	NODE_247_length_70_cov_1.271429	+	1	100
0	U00096.2	+	62800	63005	NODE_248_length_176_cov_1.687500	-	1	206
0	U00096.2	+	26057	26364	NODE_249_length_278_cov_1.665468	-	1	308
0	U00096.2	+	21932	22047	NODE_250_length_86_cov_2.267442	+	1	116
0	U00096.2	+	6079	6181	NODE_251_length_73_cov_2.657534	+	1	103
0	U00096.2	+	18038	18159	NODE_252_length_92_cov_2.956522	-	1	122
0	U00096.2	+	17902	18017	NODE_253_length_86_cov_3.313953	+	1	116
0	U00096.2	+	480	580	NODE_254_length_71_cov_1.887324	-	1	101
0	U00096.2	+	48742	48843	NODE_255_length_72_cov_1.916667	+	1	102
0	U00096.2	+	36318	36449	NODE_256_length_102_cov_2.049020	+	1	132
1	U00096.2	+	1049097	1049157	NODE_257_length_31_cov_1.580645	+	1	61
0	U00096.2	+	3581547	3581607	NODE_257_length_31_cov_1.580645	+	1	61
3	U00096.2	+	4516591	4516649	NODE_257_length_31_cov_1.580645	+	1	59
0	U00096.2	+	20407	20467	NODE_257_length_31_cov_1.580645	-	1	61
1	U00096.2	+	278998	279058	NODE_257_length_31_cov_1.580645	-	1	61
1	U00096.2	+	290469	290529	NODE_257_length_31_cov_1.580645	-	1	61
0	U00096.2	+	1977138	1977198	NODE_257_length_31_cov_1.580645	-	1	61
0	U00096.2	+	99265	99368	NODE_258_length_74_cov_1.891892	-	1	104
0	U00096.2	+	75968	76308	NODE_259_length_311_cov_1.787781	-	1	341
0	U00096.2	+	92233	92504	NODE_260_length_242_cov_1.599174	+	1	272
0	U00096.2	+	44498	44596	NODE_261_length_69_cov_1.956522	+	1	99
16	U00096.2	+	1779749	1779813	NODE_261_length_69_cov_1.956522	+	13	77
0	U00096.2	+	74220	74424	NODE_262_length_175_cov_1.588571	+	1	205
0	U00096.2	+	22375	22469	NODE_263_length_65_cov_2.000000	-	1	95
0	U00096.2	+	50382	50655	NODE_264_length_244_cov_1.372951	+	1	274
0	U00096.2	+	1570	1669	NODE_265_length_70_cov_1.214286	+	1	100
0	U00096.2	+	60384	60477	NODE_266_length_64_cov_2.000000	-	1	94
0	U00096.2	+	7170	7293	NODE_267_length_94_cov_2.053191	+	1	124
0	U00096.2	+	5028	5145	NODE_268_length_88_cov_2.181818	+	1	118
0	U00096.2	+	82558	82821	NODE_269_length_234_cov_1.192308	+	1	264
24	U00096.2	+	385489	385583	NODE_270_length_92_cov_1.369565	+	12	106
0	U00096.2	+	72765	72886	NODE_270_length_92_cov_1.369565	-	1	122
0	U00096.2	+	46321	46485	NODE_271_length_135_cov_2.037037	+	1	165
0	U00096.2	+	98440	98539	NODE_272_length_70_cov_2.085714	-	1	100
0	U00096.2	+	98297	98394	NODE_273_length_68_cov_1.735294	+	1	98
0	U00096.2	+	44349	44517	NODE_274_length_139_cov_1.007194	+	1	169
0	U00096.2	+	77598	77698	NODE_275_length_71_cov_2.464789	+	1	101
0	U00096.2	+	77710	77848	NODE_276_length_109_cov_1.871560	-	1	139
0	U00096.2	+	32668	32787	NODE_277_length_90_cov_1.622222	-	1	120
0	U00096.2	+	6829	6973	NODE_278_length_115_cov_1.217391	+	1	145
0	U00096.2	+	64329	64428	NODE_279_length_70_cov_1.800000	-	1	100
0	U00096.2	+	46027	46281	NODE_280_length_225_cov_1.720000	+	1	255
0	U00096.2	+	9740	9839	NODE_281_length_70_cov_1.857143	-	1	100
0	U00096.2	+	2568	2667	NODE_282_length_70_cov_1.385714	-	1	100
0	U00096.2	+	12875	12972	NODE_283_length_68_cov_2.000000	+	1	98
0	U00096.2	+	1741	1840	NODE_284_length_70_cov_1.342857	-	1	100
0	U00096.2	+	31952	32051	NODE_285_length_70_cov_2.042857	-	1	100
0	U00096.2	+	77827	77926	NODE_286_length_70_cov_1.900000	+	1	100
0	U00096.2	+	97779	97901	NODE_287_length_93_cov_1.505376	-	1	123
0	U00096.2	+	99352	99487	NODE_288_length_106_cov_1.660377	-	1	136
0	U00096.2	+	58131	58230	NODE_289_length_70_cov_2.142857	-	1	100
5	U00096.2	+	4532752	4532804	NODE_289_length_70_cov_2.142857	-	48	100
0	U00096.2	+	71762	71857	NODE_290_length_66_cov_1.121212	+	1	96
0	U00096.2	+	65841	65940	NODE_291_length_70_cov_1.785714	+	1	100
17	U00096.2	+	3748719	3748805	NODE_291_length_70_cov_1.785714	-	1	87
0	U00096.2	+	32165	32264	NODE_292_length_70_cov_2.300000	-	1	100
0	U00096.2	+	98777	98888	NODE_293_length_82_cov_2.353658	+	1	112
0	U00096.2	+	36842	36941	NODE_294_length_70_cov_2.414286	+	1	100
0	U00096.2	+	56727	56826	NODE_295_length_70_cov_1.685714	+	1	100
0	U00096.2	+	18204	18298	NODE_296_length_65_cov_1.707692	+	1	95
0	U00096.2	+	1049097	1049157	NODE_297_length_31_cov_1.709677	+	1	61
1	U00096.2	+	3581547	3581607	NODE_297_length_31_cov_1.709677	+	1	61
2	U00096.2	+	4516591	4516649	NODE_297_length_31_cov_1.709677	+	1	59
1	U00096.2	+	20407	20467	NODE_297_length_31_cov_1.709677	-	1	61
0	U00096.2	+	278998	279058	NODE_297_length_31_cov_1.709677	-	1	61
0	U00096.2	+	290469	290529	NODE_297_length_31_cov_1.709677	-	1	61
1	U00096.2	+	1977138	1977198	NODE_297_length_31_cov_1.709677	-	1	61
0	U00096.2	+	41865	41964	NODE_298_length_70_cov_2.214286	+	1	100
0	U00096.2	+	6396	6529	NODE_299_length_104_cov_1.346154	+	1	134
0	U00096.2	+	64709	64808	NODE_300_length_70_cov_1.857143	+	1	100
0	U00096.2	+	59343	59475	NODE_301_length_103_cov_1.174757	-	1	133
0	U00096.2	+	22594	22693	NODE_302_length_70_cov_1.985714	-	1	100
0	U00096.2	+	54133	54232	NODE_303_length_70_cov_2.000000	-	1	100
