#nmismatch	name1	strand1	start1	end1	name2	strand2	start2	end2
0	U00096.2	+	37408	38096	NODE_1_length_689_cov_2.546407	+	1	689
0	U00096.2	+	38693	38964	NODE_2_length_272_cov_1.561753	+	1	272
0	U00096.2	+	997	1333	NODE_3_length_337_cov_1.208861	+	1	337
0	U00096.2	+	3218	3558	NODE_4_length_341_cov_2.912500	+	1	341
0	U00096.2	+	77926	78643	NODE_5_length_718_cov_3.992826	+	1	718
258	U00096.2	+	2262217	2262910	NODE_5_length_718_cov_3.992826	+	22	718
283	U00096.2	+	3835306	3836003	NODE_5_length_718_cov_3.992826	+	23	717
0	U00096.2	+	81814	82115	NODE_6_length_302_cov_1.537367	-	1	302
0	U00096.2	+	9532	9740	NODE_7_length_209_cov_1.680851	+	1	209
0	U00096.2	+	53572	54002	NODE_8_length_431_cov_1.887805	+	1	431
0	U00096.2	+	43190	43363	NODE_9_length_174_cov_1.549020	-	1	174
0	U00096.2	+	20706	20892	NODE_10_length_187_cov_2.204819	+	1	187
0	U00096.2	+	94297	94531	NODE_11_length_235_cov_2.135514	-	1	235
0	U00096.2	+	6755	6973	NODE_12_length_219_cov_1.196970	-	1	219
0	U00096.2	+	34838	35072	NODE_13_length_235_cov_1.397196	+	1	235
0	U00096.2	+	83291	83697	NODE_14_length_407_cov_2.269430	+	1	407
0	U00096.2	+	21518	21925	NODE_15_length_408_cov_2.821705	+	1	408
0	U00096.2	+	73431	73798	NODE_16_length_368_cov_1.455331	+	1	368
0	U00096.2	+	60725	60933	NODE_17_length_209_cov_1.436170	+	1	209
0	U00096.2	+	7170	7417	NODE_18_length_248_cov_2.057269	-	1	248
0	U00096.2	+	35964	36334	NODE_19_length_371_cov_2.462857	+	1	371
0	U00096.2	+	21932	22382	NODE_20_length_451_cov_2.716279	+	1	451
0	U00096.2	+	81025	81235	NODE_21_length_211_cov_1.247368	+	1	211
0	U00096.2	+	41139	41402	NODE_22_length_264_cov_3.711934	+	1	264
0	U00096.2	+	1570	1840	NODE_23_length_271_cov_1.264000	-	1	271
0	U00096.2	+	32995	33281	NODE_24_length_287_cov_1.736842	+	1	287
0	U00096.2	+	85367	85734	NODE_25_length_368_cov_1.576369	+	1	368
0	U00096.2	+	67082	67312	NODE_26_length_231_cov_3.233333	-	1	231
0	U00096.2	+	68274	68726	NODE_27_length_453_cov_2.981481	+	1	453
0	U00096.2	+	69908	70262	NODE_28_length_355_cov_2.110778	-	1	355
0	U00096.2	+	38192	38406	NODE_29_length_215_cov_1.195876	+	1	215
0	U00096.2	+	9730	9914	NODE_30_length_185_cov_1.902439	+	1	185
0	U00096.2	+	91308	91591	NODE_31_length_284_cov_1.566540	+	1	284
0	U00096.2	+	82916	83220	NODE_32_length_305_cov_2.221831	+	1	305
0	U00096.2	+	53210	53582	NODE_33_length_373_cov_2.142045	-	1	373
0	U00096.2	+	2793	3051	NODE_34_length_259_cov_2.184874	-	1	259
0	U00096.2	+	8474	9015	NODE_35_length_542_cov_2.953935	-	1	542
138	U00096.2	+	2576922	2577447	NODE_35_length_542_cov_2.953935	-	2	527
0	U00096.2	+	30588	30877	NODE_36_length_290_cov_1.661710	+	1	290
0	U00096.2	+	10755	11300	NODE_37_length_546_cov_2.373333	-	1	546
0	U00096.2	+	16706	16785	NODE_38_length_80_cov_1.728814	+	1	80
2	U00096.2	+	2513614	2513649	NODE_38_length_80_cov_1.728814	+	1	36
12	U00096.2	+	607182	607255	NODE_38_length_80_cov_1.728814	-	6	80
0	U00096.2	+	15392	16726	NODE_39_length_1335_cov_3.433790	+	1	1335
0	U00096.2	+	607235	608569	NODE_39_length_1335_cov_3.433790	+	1	1335
0	U00096.2	+	2512300	2513634	NODE_39_length_1335_cov_3.433790	+	1	1335
0	U00096.2	+	75968	76385	NODE_40_length_418_cov_1.780856	-	1	418
0	U00096.2	+	74220	74517	NODE_41_length_298_cov_1.794224	-	1	298
0	U00096.2	+	99482	99684	NODE_42_length_203_cov_1.357143	-	1	203
0	U00096.2	+	35070	35459	NODE_43_length_390_cov_2.070461	+	1	390
98	U00096.2	+	1462513	1462794	NODE_43_length_390_cov_2.070461	-	107	388
0	U00096.2	+	78667	78955	NODE_44_length_289_cov_1.473881	-	1	289
0	U00096.2	+	68723	69011	NODE_45_length_289_cov_1.477612	-	1	289
0	U00096.2	+	23094	23448	NODE_46_length_355_cov_2.014970	+	1	355
0	U00096.2	+	59343	59569	NODE_47_length_227_cov_1.825243	+	1	227
0	U00096.2	+	46968	47242	NODE_48_length_275_cov_2.464567	+	1	275
0	U00096.2	+	3561	3805	NODE_49_length_245_cov_1.526786	-	1	245
0	U00096.2	+	5580	5865	NODE_50_length_286_cov_3.596226	+	1	286
13	U00096.2	+	111492	111582	NODE_50_length_286_cov_3.596226	+	1	93
14	U00096.2	+	138714	138802	NODE_50_length_286_cov_3.596226	+	8	96
11	U00096.2	+	216023	216092	NODE_50_length_286_cov_3.596226	+	26	94
5	U00096.2	+	247450	247492	NODE_50_length_286_cov_3.596226	+	49	91
11	U00096.2	+	376576	376646	NODE_50_length_286_cov_3.596226	+	2	91
2	U00096.2	+	376676	376746	NODE_50_length_286_cov_3.596226	+	2	91
22	U00096.2	+	410320	410433	NODE_50_length_286_cov_3.596226	+	3	129
12	U00096.2	+	430207	430295	NODE_50_length_286_cov_3.596226	+	8	96
4	U00096.2	+	500665	500704	NODE_50_length_286_cov_3.596226	+	54	93
3	U00096.2	+	507802	507841	NODE_50_length_286_cov_3.596226	+	53	92
8	U00096.2	+	507873	507942	NODE_50_length_286_cov_3.596226	+	5	92
11	U00096.2	+	609355	609443	NODE_50_length_286_cov_3.596226	+	8	96
3	U00096.2	+	631332	631374	NODE_50_length_286_cov_3.596226	+	51	93
8	U00096.2	+	707075	707158	NODE_50_length_286_cov_3.596226	+	8	91
18	U00096.2	+	714502	714597	NODE_50_length_286_cov_3.596226	+	8	103
12	U00096.2	+	814823	814910	NODE_50_length_286_cov_3.596226	+	8	96
5	U00096.2	+	831527	831612	NODE_50_length_286_cov_3.596226	+	8	93
13	U00096.2	+	856854	856942	NODE_50_length_286_cov_3.596226	+	8	96
14	U00096.2	+	1067592	1067680	NODE_50_length_286_cov_3.596226	+	8	96
23	U00096.2	+	1080286	1080369	NODE_50_length_286_cov_3.596226	+	8	91
10	U00096.2	+	1083921	1083990	NODE_50_length_286_cov_3.596226	+	2	90
14	U00096.2	+	1112655	1112738	NODE_50_length_286_cov_3.596226	+	8	91
16	U00096.2	+	1133824	1133907	NODE_50_length_286_cov_3.596226	+	9	91
14	U00096.2	+	1689464	1689547	NODE_50_length_286_cov_3.596226	+	8	92
14	U00096.2	+	2116505	2116587	NODE_50_length_286_cov_3.596226	+	1	99
4	U00096.2	+	2280905	2280945	NODE_50_length_286_cov_3.596226	+	53	93
15	U00096.2	+	2289238	2289327	NODE_50_length_286_cov_3.596226	+	8	97
13	U00096.2	+	2547503	2547587	NODE_50_length_286_cov_3.596226	+	8	92
15	U00096.2	+	2653007	2653090	NODE_50_length_286_cov_3.596226	+	8	92
18	U00096.2	+	2682154	2682249	NODE_50_length_286_cov_3.596226	+	8	103
10	U00096.2	+	2712320	2712404	NODE_50_length_286_cov_3.596226	+	8	92
17	U00096.2	+	2833104	2833191	NODE_50_length_286_cov_3.596226	+	1	110
14	U00096.2	+	2943933	2944032	NODE_50_length_286_cov_3.596226	+	8	106
24	U00096.2	+	3080793	3080893	NODE_50_length_286_cov_3.596226	+	1	124
6	U00096.2	+	3267759	3267843	NODE_50_length_286_cov_3.596226	+	8	92
11	U00096.2	+	3510548	3510628	NODE_50_length_286_cov_3.596226	+	8	96
13	U00096.2	+	3561620	3561708	NODE_50_length_286_cov_3.596226	+	8	96
19	U00096.2	+	3596435	3596520	NODE_50_length_286_cov_3.596226	+	8	92
11	U00096.2	+	3674159	3674246	NODE_50_length_286_cov_3.596226	+	8	96
13	U00096.2	+	3739002	3739090	NODE_50_length_286_cov_3.596226	+	8	96
20	U00096.2	+	3772274	3772361	NODE_50_length_286_cov_3.596226	+	8	94
11	U00096.2	+	3775070	3775121	NODE_50_length_286_cov_3.596226	+	40	91
10	U00096.2	+	4051530	4051588	NODE_50_length_286_cov_3.596226	+	33	92
9	U00096.2	+	4106609	4106697	NODE_50_length_286_cov_3.596226	+	8	96
5	U00096.2	+	4216458	4216502	NODE_50_length_286_cov_3.596226	+	56	100
1	U00096.2	+	4233443	4233478	NODE_50_length_286_cov_3.596226	+	56	91
10	U00096.2	+	4243171	4243243	NODE_50_length_286_cov_3.596226	+	1	93
11	U00096.2	+	4247401	4247470	NODE_50_length_286_cov_3.596226	+	2	92
19	U00096.2	+	4251970	4252054	NODE_50_length_286_cov_3.596226	+	8	91
5	U00096.2	+	4283324	4283367	NODE_50_length_286_cov_3.596226	+	56	99
23	U00096.2	+	4293876	4293991	NODE_50_length_286_cov_3.596226	+	3	110
28	U00096.2	+	4293989	4294098	NODE_50_length_286_cov_3.596226	+	3	111
23	U00096.2	+	4294102	4294217	NODE_50_length_286_cov_3.596226	+	3	110
23	U00096.2	+	4294215	4294330	NODE_50_length_286_cov_3.596226	+	3	110
14	U00096.2	+	4315955	4316029	NODE_50_length_286_cov_3.596226	+	1	97
14	U00096.2	+	4342854	4342938	NODE_50_length_286_cov_3.596226	+	9	96
19	U00096.2	+	4371235	4371320	NODE_50_length_286_cov_3.596226	+	8	92
4	U00096.2	+	4413979	4414018	NODE_50_length_286_cov_3.596226	+	55	94
18	U00096.2	+	4439434	4439519	NODE_50_length_286_cov_3.596226	+	11	96
1	U00096.2	+	4455208	4455244	NODE_50_length_286_cov_3.596226	+	57	93
14	U00096.2	+	4458455	4458528	NODE_50_length_286_cov_3.596226	+	3	97
21	U00096.2	+	4482374	4482489	NODE_50_length_286_cov_3.596226	+	4	137
4	U00096.2	+	4552526	4552587	NODE_50_length_286_cov_3.596226	+	55	109
13	U00096.2	+	4604596	4604673	NODE_50_length_286_cov_3.596226	+	1	91
15	U00096.2	+	4612280	4612347	NODE_50_length_286_cov_3.596226	+	57	121
22	U00096.2	+	4612346	4612458	NODE_50_length_286_cov_3.596226	+	3	129
22	U00096.2	+	4612447	4612559	NODE_50_length_286_cov_3.596226	+	3	129
10	U00096.2	+	4626784	4626870	NODE_50_length_286_cov_3.596226	+	3	93
19	U00096.2	+	338943	339045	NODE_50_length_286_cov_3.596226	-	154	279
12	U00096.2	+	339062	339138	NODE_50_length_286_cov_3.596226	-	185	279
13	U00096.2	+	339155	339231	NODE_50_length_286_cov_3.596226	-	185	279
11	U00096.2	+	339248	339323	NODE_50_length_286_cov_3.596226	-	185	279
10	U00096.2	+	356701	356771	NODE_50_length_286_cov_3.596226	-	190	279
11	U00096.2	+	356898	356971	NODE_50_length_286_cov_3.596226	-	187	279
7	U00096.2	+	374153	374223	NODE_50_length_286_cov_3.596226	-	196	284
8	U00096.2	+	374254	374324	NODE_50_length_286_cov_3.596226	-	196	284
8	U00096.2	+	374355	374425	NODE_50_length_286_cov_3.596226	-	196	284
18	U00096.2	+	489177	489265	NODE_50_length_286_cov_3.596226	-	191	279
10	U00096.2	+	698642	698730	NODE_50_length_286_cov_3.596226	-	191	279
12	U00096.2	+	740175	740266	NODE_50_length_286_cov_3.596226	-	195	286
8	U00096.2	+	757666	757734	NODE_50_length_286_cov_3.596226	-	188	279
17	U00096.2	+	769892	769981	NODE_50_length_286_cov_3.596226	-	191	279
15	U00096.2	+	844853	844937	NODE_50_length_286_cov_3.596226	-	196	279
14	U00096.2	+	898913	899001	NODE_50_length_286_cov_3.596226	-	191	279
16	U00096.2	+	983578	983666	NODE_50_length_286_cov_3.596226	-	191	279
11	U00096.2	+	1814203	1814291	NODE_50_length_286_cov_3.596226	-	191	279
19	U00096.2	+	1821349	1821437	NODE_50_length_286_cov_3.596226	-	191	279
18	U00096.2	+	1952438	1952535	NODE_50_length_286_cov_3.596226	-	182	279
9	U00096.2	+	1999991	2000075	NODE_50_length_286_cov_3.596226	-	196	279
4	U00096.2	+	2217646	2217685	NODE_50_length_286_cov_3.596226	-	196	235
14	U00096.2	+	2234556	2234642	NODE_50_length_286_cov_3.596226	-	197	286
4	U00096.2	+	2234671	2234719	NODE_50_length_286_cov_3.596226	-	196	244
22	U00096.2	+	2314893	2314990	NODE_50_length_286_cov_3.596226	-	185	286
6	U00096.2	+	2315007	2315055	NODE_50_length_286_cov_3.596226	-	185	233
7	U00096.2	+	2345180	2345246	NODE_50_length_286_cov_3.596226	-	195	286
11	U00096.2	+	2441800	2441872	NODE_50_length_286_cov_3.596226	-	186	284
13	U00096.2	+	2536551	2536639	NODE_50_length_286_cov_3.596226	-	191	279
12	U00096.2	+	2840441	2840508	NODE_50_length_286_cov_3.596226	-	193	279
17	U00096.2	+	2915904	2915989	NODE_50_length_286_cov_3.596226	-	191	277
20	U00096.2	+	3010473	3010561	NODE_50_length_286_cov_3.596226	-	191	279
9	U00096.2	+	3068023	3068107	NODE_50_length_286_cov_3.596226	-	195	279
9	U00096.2	+	3099713	3099762	NODE_50_length_286_cov_3.596226	-	192	241
17	U00096.2	+	3148723	3148815	NODE_50_length_286_cov_3.596226	-	188	279
2	U00096.2	+	3214662	3214700	NODE_50_length_286_cov_3.596226	-	192	230
25	U00096.2	+	3250077	3250169	NODE_50_length_286_cov_3.596226	-	187	279
22	U00096.2	+	3253238	3253326	NODE_50_length_286_cov_3.596226	-	196	286
15	U00096.2	+	3328476	3328564	NODE_50_length_286_cov_3.596226	-	191	279
19	U00096.2	+	3523494	3523581	NODE_50_length_286_cov_3.596226	-	191	278
11	U00096.2	+	3590585	3590670	NODE_50_length_286_cov_3.596226	-	195	279
10	U00096.2	+	3637226	3637314	NODE_50_length_286_cov_3.596226	-	191	279
10	U00096.2	+	3703980	3704068	NODE_50_length_286_cov_3.596226	-	191	279
9	U00096.2	+	3875608	3875691	NODE_50_length_286_cov_3.596226	-	196	279
21	U00096.2	+	3982229	3982331	NODE_50_length_286_cov_3.596226	-	184	286
16	U00096.2	+	4078037	4078125	NODE_50_length_286_cov_3.596226	-	191	279
51	U00096.2	+	4101433	4101619	NODE_50_length_286_cov_3.596226	-	62	236
16	U00096.2	+	4125962	4126056	NODE_50_length_286_cov_3.596226	-	184	279
9	U00096.2	+	4135809	4135894	NODE_50_length_286_cov_3.596226	-	194	279
26	U00096.2	+	4151422	4151512	NODE_50_length_286_cov_3.596226	-	183	285
26	U00096.2	+	4151545	4151635	NODE_50_length_286_cov_3.596226	-	183	285
13	U00096.2	+	4264905	4264969	NODE_50_length_286_cov_3.596226	-	191	255
12	U00096.2	+	4407170	4407257	NODE_50_length_286_cov_3.596226	-	191	278
16	U00096.2	+	4631148	4631236	NODE_50_length_286_cov_3.596226	-	187	284
2	U00096.2	+	39197	39232	NODE_51_length_443_cov_2.023697	+	1	36
1	U00096.2	+	66607	66656	NODE_51_length_443_cov_2.023697	+	1	50
1	U00096.2	+	66692	66741	NODE_51_length_443_cov_2.023697	+	1	50
6	U00096.2	+	66777	66826	NODE_51_length_443_cov_2.023697	+	1	50
6	U00096.2	+	374306	374362	NODE_51_length_443_cov_2.023697	+	1	50
6	U00096.2	+	374407	374463	NODE_51_length_443_cov_2.023697	+	1	50
6	U00096.2	+	374508	374564	NODE_51_length_443_cov_2.023697	+	1	50
6	U00096.2	+	757632	757681	NODE_51_length_443_cov_2.023697	+	1	50
8	U00096.2	+	836808	836857	NODE_51_length_443_cov_2.023697	+	1	50
8	U00096.2	+	2175430	2175479	NODE_51_length_443_cov_2.023697	+	1	50
4	U00096.2	+	2345226	2345275	NODE_51_length_443_cov_2.023697	+	1	50
9	U00096.2	+	2345314	2345383	NODE_51_length_443_cov_2.023697	+	1	64
0	U00096.2	+	2428999	2429034	NODE_51_length_443_cov_2.023697	+	1	36
5	U00096.2	+	3096483	3096532	NODE_51_length_443_cov_2.023697	+	1	50
3	U00096.2	+	3201214	3201263	NODE_51_length_443_cov_2.023697	+	1	50
7	U00096.2	+	3215509	3215572	NODE_51_length_443_cov_2.023697	+	1	63
7	U00096.2	+	3311274	3311323	NODE_51_length_443_cov_2.023697	+	1	50
8	U00096.2	+	3752929	3752978	NODE_51_length_443_cov_2.023697	+	1	50
1	U00096.2	+	4323925	4323960	NODE_51_length_443_cov_2.023697	+	1	36
1	U00096.2	+	4324025	4324060	NODE_51_length_443_cov_2.023697	+	1	36
1	U00096.2	+	4324125	4324160	NODE_51_length_443_cov_2.023697	+	1	36
1	U00096.2	+	4324225	4324260	NODE_51_length_443_cov_2.023697	+	1	36
1	U00096.2	+	4324325	4324360	NODE_51_length_443_cov_2.023697	+	1	36
4	U00096.2	+	4631218	4631262	NODE_51_length_443_cov_2.023697	+	1	45
0	U00096.2	+	5158	5600	NODE_51_length_443_cov_2.023697	-	1	443
4	U00096.2	+	111457	111511	NODE_51_length_443_cov_2.023697	-	394	442
2	U00096.2	+	173504	173539	NODE_51_length_443_cov_2.023697	-	408	443
3	U00096.2	+	216082	216137	NODE_51_length_443_cov_2.023697	-	394	443
5	U00096.2	+	247485	247541	NODE_51_length_443_cov_2.023697	-	394	443
5	U00096.2	+	248227	248283	NODE_51_length_443_cov_2.023697	-	394	443
9	U00096.2	+	349001	349050	NODE_51_length_443_cov_2.023697	-	394	443
9	U00096.2	+	349094	349143	NODE_51_length_443_cov_2.023697	-	394	443
1	U00096.2	+	353958	353993	NODE_51_length_443_cov_2.023697	-	408	443
8	U00096.2	+	500702	500751	NODE_51_length_443_cov_2.023697	-	394	443
6	U00096.2	+	762013	762061	NODE_51_length_443_cov_2.023697	-	395	443
2	U00096.2	+	900023	900058	NODE_51_length_443_cov_2.023697	-	408	443
1	U00096.2	+	2116490	2116525	NODE_51_length_443_cov_2.023697	-	408	443
2	U00096.2	+	2116572	2116621	NODE_51_length_443_cov_2.023697	-	394	443
3	U00096.2	+	2302466	2302528	NODE_51_length_443_cov_2.023697	-	394	443
3	U00096.2	+	2302579	2302641	NODE_51_length_443_cov_2.023697	-	394	443
4	U00096.2	+	2302692	2302754	NODE_51_length_443_cov_2.023697	-	394	443
3	U00096.2	+	2302805	2302867	NODE_51_length_443_cov_2.023697	-	394	443
4	U00096.2	+	2302918	2302980	NODE_51_length_443_cov_2.023697	-	394	443
98	U00096.2	+	2509051	2509409	NODE_51_length_443_cov_2.023697	-	111	443
2	U00096.2	+	2537629	2537664	NODE_51_length_443_cov_2.023697	-	408	443
3	U00096.2	+	2806197	2806236	NODE_51_length_443_cov_2.023697	-	404	443
5	U00096.2	+	3040329	3040376	NODE_51_length_443_cov_2.023697	-	394	441
4	U00096.2	+	3040440	3040497	NODE_51_length_443_cov_2.023697	-	393	443
4	U00096.2	+	3137670	3137725	NODE_51_length_443_cov_2.023697	-	394	443
1	U00096.2	+	3706345	3706380	NODE_51_length_443_cov_2.023697	-	408	443
4	U00096.2	+	4025520	4025576	NODE_51_length_443_cov_2.023697	-	394	443
4	U00096.2	+	4092366	4092415	NODE_51_length_443_cov_2.023697	-	394	443
4	U00096.2	+	4092458	4092507	NODE_51_length_443_cov_2.023697	-	394	443
4	U00096.2	+	4092550	4092599	NODE_51_length_443_cov_2.023697	-	394	443
4	U00096.2	+	4092642	4092691	NODE_51_length_443_cov_2.023697	-	394	443
23	U00096.2	+	4233417	4233520	NODE_51_length_443_cov_2.023697	-	347	443
7	U00096.2	+	4243142	4243191	NODE_51_length_443_cov_2.023697	-	394	443
5	U00096.2	+	4247371	4247420	NODE_51_length_443_cov_2.023697	-	394	443
4	U00096.2	+	4283352	4283401	NODE_51_length_443_cov_2.023697	-	394	443
6	U00096.2	+	4458424	4458471	NODE_51_length_443_cov_2.023697	-	394	441
3	U00096.2	+	4482352	4482391	NODE_51_length_443_cov_2.023697	-	404	443
0	U00096.2	+	55754	56388	NODE_52_length_635_cov_3.402280	-	1	635
82	U00096.2	+	59040	59276	NODE_53_length_279_cov_2.011628	+	2	234
37	U00096.2	+	59053	59250	NODE_53_length_279_cov_2.011628	+	1	198
0	U00096.2	+	59068	59346	NODE_53_length_279_cov_2.011628	+	1	279
40	U00096.2	+	59083	59265	NODE_53_length_279_cov_2.011628	+	1	183
0	U00096.2	+	59053	59088	NODE_54_length_36_cov_2.000000	-	1	36
1	U00096.2	+	59068	59103	NODE_54_length_36_cov_2.000000	-	1	36
0	U00096.2	+	24420	25375	NODE_55_length_956_cov_1.852406	-	1	956
0	U00096.2	+	75070	75420	NODE_56_length_351_cov_2.121212	-	1	351
14	U00096.2	+	1049003	1049784	NODE_57_length_842_cov_7.353228	+	1	782
3	U00096.2	+	3581453	3582222	NODE_57_length_842_cov_7.353228	+	1	770
75	U00096.2	+	4516497	4517268	NODE_57_length_842_cov_7.353228	+	1	772
1	U00096.2	+	19720	20561	NODE_57_length_842_cov_7.353228	-	1	842
9	U00096.2	+	278385	279152	NODE_57_length_842_cov_7.353228	-	75	842
8	U00096.2	+	289858	290623	NODE_57_length_842_cov_7.353228	-	77	842
1	U00096.2	+	1976527	1977292	NODE_57_length_842_cov_7.353228	-	77	842
0	U00096.2	+	50382	50665	NODE_58_length_284_cov_1.482890	-	1	284
0	U00096.2	+	33664	34081	NODE_59_length_418_cov_2.355164	-	1	418
0	U00096.2	+	93040	93237	NODE_60_length_198_cov_2.214689	+	1	198
0	U00096.2	+	11778	12205	NODE_61_length_428_cov_2.454545	+	1	428
0	U00096.2	+	2109	2379	NODE_62_length_271_cov_1.108000	+	1	271
101	U00096.2	+	4129627	4129881	NODE_62_length_271_cov_1.108000	+	15	270
0	U00096.2	+	31579	31839	NODE_63_length_261_cov_2.250000	-	1	261
0	U00096.2	+	75720	75981	NODE_64_length_262_cov_2.539419	+	1	262
0	U00096.2	+	25550	25911	NODE_65_length_362_cov_2.158358	+	1	362
19	U00096.2	+	138676	138801	NODE_65_length_362_cov_2.158358	+	143	251
13	U00096.2	+	173503	173591	NODE_65_length_362_cov_2.158358	+	160	249
6	U00096.2	+	216053	216100	NODE_65_length_362_cov_2.158358	+	211	258
1	U00096.2	+	244128	244163	NODE_65_length_362_cov_2.158358	+	212	247
15	U00096.2	+	248146	248234	NODE_65_length_362_cov_2.158358	+	160	247
18	U00096.2	+	376558	376646	NODE_65_length_362_cov_2.158358	+	160	247
23	U00096.2	+	376645	376746	NODE_65_length_362_cov_2.158358	+	147	247
18	U00096.2	+	410297	410393	NODE_65_length_362_cov_2.158358	+	156	251
17	U00096.2	+	410403	410497	NODE_65_length_362_cov_2.158358	+	160	251
3	U00096.2	+	500666	500702	NODE_65_length_362_cov_2.158358	+	211	247
8	U00096.2	+	507784	507840	NODE_65_length_362_cov_2.158358	+	190	247
13	U00096.2	+	507853	507941	NODE_65_length_362_cov_2.158358	+	160	247
13	U00096.2	+	507954	508042	NODE_65_length_362_cov_2.158358	+	160	247
9	U00096.2	+	550646	550739	NODE_65_length_362_cov_2.158358	+	160	252
15	U00096.2	+	609338	609442	NODE_65_length_362_cov_2.158358	+	159	251
2	U00096.2	+	631336	631372	NODE_65_length_362_cov_2.158358	+	211	247
26	U00096.2	+	707030	707172	NODE_65_length_362_cov_2.158358	+	136	261
15	U00096.2	+	714470	714589	NODE_65_length_362_cov_2.158358	+	149	251
16	U00096.2	+	805026	805113	NODE_65_length_362_cov_2.158358	+	160	247
9	U00096.2	+	805119	805207	NODE_65_length_362_cov_2.158358	+	160	249
20	U00096.2	+	814777	814909	NODE_65_length_362_cov_2.158358	+	137	251
12	U00096.2	+	831510	831610	NODE_65_length_362_cov_2.158358	+	159	247
14	U00096.2	+	1067571	1067679	NODE_65_length_362_cov_2.158358	+	155	251
17	U00096.2	+	1083904	1083992	NODE_65_length_362_cov_2.158358	+	160	248
12	U00096.2	+	1112639	1112742	NODE_65_length_362_cov_2.158358	+	160	251
2	U00096.2	+	1133871	1133911	NODE_65_length_362_cov_2.158358	+	211	251
20	U00096.2	+	1689432	1689550	NODE_65_length_362_cov_2.158358	+	143	251
16	U00096.2	+	2116489	2116579	NODE_65_length_362_cov_2.158358	+	160	247
17	U00096.2	+	2289221	2289325	NODE_65_length_362_cov_2.158358	+	159	251
8	U00096.2	+	2338334	2338418	NODE_65_length_362_cov_2.158358	+	160	248
27	U00096.2	+	2509360	2509467	NODE_65_length_362_cov_2.158358	+	147	252
14	U00096.2	+	2547486	2547585	NODE_65_length_362_cov_2.158358	+	159	246
2	U00096.2	+	2579683	2579721	NODE_65_length_362_cov_2.158358	+	160	198
4	U00096.2	+	2590991	2591035	NODE_65_length_362_cov_2.158358	+	204	248
11	U00096.2	+	2652991	2653089	NODE_65_length_362_cov_2.158358	+	160	247
14	U00096.2	+	2682132	2682241	NODE_65_length_362_cov_2.158358	+	154	251
17	U00096.2	+	2712303	2712408	NODE_65_length_362_cov_2.158358	+	159	252
22	U00096.2	+	2833088	2833188	NODE_65_length_362_cov_2.158358	+	160	264
14	U00096.2	+	2943917	2944019	NODE_65_length_362_cov_2.158358	+	160	251
10	U00096.2	+	3080777	3080864	NODE_65_length_362_cov_2.158358	+	160	252
1	U00096.2	+	3137645	3137678	NODE_65_length_362_cov_2.158358	+	215	248
28	U00096.2	+	3232614	3232746	NODE_65_length_362_cov_2.158358	+	120	247
16	U00096.2	+	3267743	3267847	NODE_65_length_362_cov_2.158358	+	160	252
28	U00096.2	+	3510495	3510627	NODE_65_length_362_cov_2.158358	+	120	251
10	U00096.2	+	3537738	3537803	NODE_65_length_362_cov_2.158358	+	188	248
13	U00096.2	+	3596419	3596523	NODE_65_length_362_cov_2.158358	+	160	251
6	U00096.2	+	3674201	3674245	NODE_65_length_362_cov_2.158358	+	207	251
18	U00096.2	+	3738965	3739089	NODE_65_length_362_cov_2.158358	+	136	251
13	U00096.2	+	3772258	3772357	NODE_65_length_362_cov_2.158358	+	160	246
2	U00096.2	+	3851734	3851770	NODE_65_length_362_cov_2.158358	+	160	196
3	U00096.2	+	3906437	3906476	NODE_65_length_362_cov_2.158358	+	210	249
12	U00096.2	+	3998167	3998276	NODE_65_length_362_cov_2.158358	+	155	247
13	U00096.2	+	4025338	4025430	NODE_65_length_362_cov_2.158358	+	154	248
12	U00096.2	+	4025442	4025528	NODE_65_length_362_cov_2.158358	+	160	248
11	U00096.2	+	4025540	4025627	NODE_65_length_362_cov_2.158358	+	160	248
2	U00096.2	+	4051551	4051587	NODE_65_length_362_cov_2.158358	+	211	247
18	U00096.2	+	4061546	4061617	NODE_65_length_362_cov_2.158358	+	176	247
14	U00096.2	+	4092655	4092741	NODE_65_length_362_cov_2.158358	+	160	247
30	U00096.2	+	4106552	4106692	NODE_65_length_362_cov_2.158358	+	116	247
3	U00096.2	+	4216450	4216494	NODE_65_length_362_cov_2.158358	+	200	248
13	U00096.2	+	4216506	4216592	NODE_65_length_362_cov_2.158358	+	160	248
1	U00096.2	+	4233444	4233479	NODE_65_length_362_cov_2.158358	+	213	248
14	U00096.2	+	4243154	4243241	NODE_65_length_362_cov_2.158358	+	159	247
4	U00096.2	+	4247339	4247379	NODE_65_length_362_cov_2.158358	+	208	248
11	U00096.2	+	4247385	4247473	NODE_65_length_362_cov_2.158358	+	161	251
0	U00096.2	+	4283325	4283360	NODE_65_length_362_cov_2.158358	+	213	248
10	U00096.2	+	4315939	4316023	NODE_65_length_362_cov_2.158358	+	160	247
15	U00096.2	+	4371201	4371319	NODE_65_length_362_cov_2.158358	+	136	247
8	U00096.2	+	4448955	4449002	NODE_65_length_362_cov_2.158358	+	201	248
1	U00096.2	+	4455207	4455242	NODE_65_length_362_cov_2.158358	+	212	247
14	U00096.2	+	4458430	4458522	NODE_65_length_362_cov_2.158358	+	153	247
14	U00096.2	+	4482356	4482444	NODE_65_length_362_cov_2.158358	+	161	251
2	U00096.2	+	4552526	4552567	NODE_65_length_362_cov_2.158358	+	211	252
1	U00096.2	+	4612279	4612314	NODE_65_length_362_cov_2.158358	+	212	247
13	U00096.2	+	4612327	4612415	NODE_65_length_362_cov_2.158358	+	160	247
15	U00096.2	+	4612428	4612516	NODE_65_length_362_cov_2.158358	+	160	247
14	U00096.2	+	4612529	4612617	NODE_65_length_362_cov_2.158358	+	160	247
11	U00096.2	+	4626765	4626868	NODE_65_length_362_cov_2.158358	+	160	247
14	U00096.2	+	39150	39234	NODE_65_length_362_cov_2.158358	-	116	204
19	U00096.2	+	338976	339074	NODE_65_length_362_cov_2.158358	-	112	216
10	U00096.2	+	339072	339154	NODE_65_length_362_cov_2.158358	-	115	203
19	U00096.2	+	339166	339260	NODE_65_length_362_cov_2.158358	-	116	216
11	U00096.2	+	339258	339340	NODE_65_length_362_cov_2.158358	-	115	204
13	U00096.2	+	356703	356787	NODE_65_length_362_cov_2.158358	-	112	203
13	U00096.2	+	356903	356987	NODE_65_length_362_cov_2.158358	-	112	203
14	U00096.2	+	374153	374241	NODE_65_length_362_cov_2.158358	-	116	203
11	U00096.2	+	374254	374342	NODE_65_length_362_cov_2.158358	-	116	203
13	U00096.2	+	374355	374443	NODE_65_length_362_cov_2.158358	-	116	203
10	U00096.2	+	374456	374544	NODE_65_length_362_cov_2.158358	-	116	203
15	U00096.2	+	489178	489282	NODE_65_length_362_cov_2.158358	-	112	204
15	U00096.2	+	698643	698747	NODE_65_length_362_cov_2.158358	-	112	204
14	U00096.2	+	740176	740283	NODE_65_length_362_cov_2.158358	-	116	203
13	U00096.2	+	757674	757749	NODE_65_length_362_cov_2.158358	-	116	202
2	U00096.2	+	836849	836889	NODE_65_length_362_cov_2.158358	-	115	155
15	U00096.2	+	844849	844965	NODE_65_length_362_cov_2.158358	-	112	215
15	U00096.2	+	898914	899017	NODE_65_length_362_cov_2.158358	-	112	203
44	U00096.2	+	1380795	1380965	NODE_65_length_362_cov_2.158358	-	29	203
12	U00096.2	+	1532905	1532966	NODE_65_length_362_cov_2.158358	-	115	180
13	U00096.2	+	1814204	1814308	NODE_65_length_362_cov_2.158358	-	112	204
15	U00096.2	+	1952447	1952552	NODE_65_length_362_cov_2.158358	-	111	204
12	U00096.2	+	1999990	2000091	NODE_65_length_362_cov_2.158358	-	115	203
1	U00096.2	+	2131454	2131490	NODE_65_length_362_cov_2.158358	-	115	151
14	U00096.2	+	2175471	2175537	NODE_65_length_362_cov_2.158358	-	115	189
2	U00096.2	+	2234670	2234707	NODE_65_length_362_cov_2.158358	-	115	152
9	U00096.2	+	2314903	2315006	NODE_65_length_362_cov_2.158358	-	115	203
3	U00096.2	+	2315018	2315058	NODE_65_length_362_cov_2.158358	-	116	156
18	U00096.2	+	2345158	2345261	NODE_65_length_362_cov_2.158358	-	87	202
12	U00096.2	+	2345268	2345350	NODE_65_length_362_cov_2.158358	-	116	203
16	U00096.2	+	2428950	2429037	NODE_65_length_362_cov_2.158358	-	116	205
27	U00096.2	+	2441777	2441891	NODE_65_length_362_cov_2.158358	-	76	203
11	U00096.2	+	2536552	2536656	NODE_65_length_362_cov_2.158358	-	112	204
12	U00096.2	+	2660421	2660506	NODE_65_length_362_cov_2.158358	-	116	203
35	U00096.2	+	2660512	2660674	NODE_65_length_362_cov_2.158358	-	116	262
13	U00096.2	+	2840444	2840534	NODE_65_length_362_cov_2.158358	-	116	215
3	U00096.2	+	2915905	2915945	NODE_65_length_362_cov_2.158358	-	112	152
25	U00096.2	+	3068024	3068154	NODE_65_length_362_cov_2.158358	-	116	249
15	U00096.2	+	3201162	3201249	NODE_65_length_362_cov_2.158358	-	113	202
2	U00096.2	+	3201255	3201291	NODE_65_length_362_cov_2.158358	-	115	151
1	U00096.2	+	3214667	3214701	NODE_65_length_362_cov_2.158358	-	117	151
13	U00096.2	+	3253237	3253346	NODE_65_length_362_cov_2.158358	-	115	207
15	U00096.2	+	3328477	3328597	NODE_65_length_362_cov_2.158358	-	112	214
26	U00096.2	+	3390065	3390183	NODE_65_length_362_cov_2.158358	-	91	203
15	U00096.2	+	3390189	3390274	NODE_65_length_362_cov_2.158358	-	116	203
14	U00096.2	+	3390280	3390365	NODE_65_length_362_cov_2.158358	-	116	203
4	U00096.2	+	3390371	3390409	NODE_65_length_362_cov_2.158358	-	116	154
2	U00096.2	+	3502806	3502843	NODE_65_length_362_cov_2.158358	-	165	202
20	U00096.2	+	3545872	3545996	NODE_65_length_362_cov_2.158358	-	91	203
15	U00096.2	+	3590582	3590686	NODE_65_length_362_cov_2.158358	-	112	203
13	U00096.2	+	3637227	3637330	NODE_65_length_362_cov_2.158358	-	112	203
9	U00096.2	+	3672404	3672496	NODE_65_length_362_cov_2.158358	-	117	202
13	U00096.2	+	3703981	3704084	NODE_65_length_362_cov_2.158358	-	112	203
15	U00096.2	+	3752878	3752965	NODE_65_length_362_cov_2.158358	-	112	203
20	U00096.2	+	3875597	3875707	NODE_65_length_362_cov_2.158358	-	105	203
1	U00096.2	+	3960725	3960759	NODE_65_length_362_cov_2.158358	-	169	203
7	U00096.2	+	3982241	3982350	NODE_65_length_362_cov_2.158358	-	115	206
13	U00096.2	+	4078038	4078141	NODE_65_length_362_cov_2.158358	-	112	203
6	U00096.2	+	4101579	4101623	NODE_65_length_362_cov_2.158358	-	116	160
12	U00096.2	+	4125970	4126071	NODE_65_length_362_cov_2.158358	-	112	202
6	U00096.2	+	4146451	4146535	NODE_65_length_362_cov_2.158358	-	115	203
13	U00096.2	+	4151558	4151652	NODE_65_length_362_cov_2.158358	-	116	203
15	U00096.2	+	4323868	4323962	NODE_65_length_362_cov_2.158358	-	111	204
13	U00096.2	+	4323972	4324062	NODE_65_length_362_cov_2.158358	-	115	204
12	U00096.2	+	4324072	4324162	NODE_65_length_362_cov_2.158358	-	115	204
15	U00096.2	+	4324168	4324262	NODE_65_length_362_cov_2.158358	-	111	204
13	U00096.2	+	4324272	4324361	NODE_65_length_362_cov_2.158358	-	115	203
10	U00096.2	+	4372517	4372604	NODE_65_length_362_cov_2.158358	-	113	180
11	U00096.2	+	4407171	4407271	NODE_65_length_362_cov_2.158358	-	112	189
13	U00096.2	+	4468399	4468491	NODE_65_length_362_cov_2.158358	-	112	202
7	U00096.2	+	4547798	4547842	NODE_65_length_362_cov_2.158358	-	159	203
0	U00096.2	+	10163	10615	NODE_66_length_453_cov_2.923611	-	1	453
0	U00096.2	+	51424	52010	NODE_67_length_587_cov_2.323322	+	1	587
0	U00096.2	+	22791	23018	NODE_68_length_228_cov_1.830918	+	1	228
0	U00096.2	+	14419	15133	NODE_69_length_715_cov_2.910663	+	1	715
0	U00096.2	+	31040	31302	NODE_70_length_263_cov_1.537190	+	1	263
0	U00096.2	+	34092	34268	NODE_71_length_177_cov_1.012821	-	1	177
0	U00096.2	+	17116	17646	NODE_72_length_531_cov_1.976471	+	1	531
0	U00096.2	+	43821	44044	NODE_73_length_224_cov_1.886700	+	1	224
46	U00096.2	+	1779078	1779278	NODE_73_length_224_cov_1.886700	+	24	224
0	U00096.2	+	13749	14174	NODE_74_length_426_cov_1.928395	+	1	426
0	U00096.2	+	93842	94144	NODE_75_length_303_cov_1.539007	+	1	303
0	U00096.2	+	12483	12856	NODE_76_length_374_cov_2.252125	+	1	374
107	U00096.2	+	2656237	2656582	NODE_76_length_374_cov_2.252125	-	1	361
0	U00096.2	+	46321	46495	NODE_77_length_175_cov_2.142857	-	1	175
0	U00096.2	+	48531	48735	NODE_78_length_205_cov_2.538043	+	1	205
74	U00096.2	+	3477684	3477870	NODE_78_length_205_cov_2.538043	-	16	202
0	U00096.2	+	26057	26434	NODE_79_length_378_cov_1.694678	+	1	378
0	U00096.2	+	92233	92591	NODE_80_length_359_cov_1.668639	+	1	359
0	U00096.2	+	61790	62811	NODE_81_length_1022_cov_1.998002	+	1	1022
0	U00096.2	+	77598	77932	NODE_82_length_335_cov_1.990446	+	1	335
88	U00096.2	+	3835023	3835241	NODE_82_length_335_cov_1.990446	+	68	286
0	U00096.2	+	57016	57721	NODE_83_length_706_cov_1.643796	-	1	706
0	U00096.2	+	49639	49881	NODE_84_length_243_cov_1.756757	+	1	243
0	U00096.2	+	480	851	NODE_85_length_372_cov_2.008547	+	1	372
0	U00096.2	+	19144	19664	NODE_86_length_521_cov_2.686000	-	1	521
0	U00096.2	+	70258	70554	NODE_87_length_297_cov_2.221014	-	1	297
0	U00096.2	+	42336	42686	NODE_88_length_351_cov_1.675758	+	1	351
94	U00096.2	+	1777632	1777915	NODE_88_length_351_cov_1.675758	+	59	351
0	U00096.2	+	49287	49586	NODE_89_length_300_cov_1.415771	+	1	300
43	U00096.2	+	1775208	1775326	NODE_90_length_261_cov_2.470833	+	143	261
0	U00096.2	+	40280	40540	NODE_90_length_261_cov_2.470833	-	1	261
0	U00096.2	+	13163	13528	NODE_91_length_366_cov_3.101449	+	1	366
122	U00096.2	+	2655620	2655955	NODE_91_length_366_cov_3.101449	-	22	349
0	U00096.2	+	62800	63526	NODE_92_length_727_cov_2.313031	+	1	727
0	U00096.2	+	84148	84532	NODE_93_length_385_cov_1.733516	+	1	385
0	U00096.2	+	65966	66158	NODE_94_length_193_cov_1.837209	+	1	193
50	U00096.2	+	3748502	3748693	NODE_94_length_193_cov_1.837209	-	2	193
0	U00096.2	+	72332	72509	NODE_95_length_178_cov_1.974522	-	1	178
0	U00096.2	+	80554	80881	NODE_96_length_328_cov_1.778502	+	1	328
0	U00096.2	+	64209	64428	NODE_97_length_220_cov_1.718593	-	1	220
0	U00096.2	+	30116	30589	NODE_98_length_474_cov_1.481236	+	1	474
0	U00096.2	+	73156	73354	NODE_99_length_199_cov_2.033708	-	1	199
0	U00096.2	+	71845	72054	NODE_100_length_210_cov_1.619048	+	1	210
0	U00096.2	+	60502	60742	NODE_101_length_241_cov_1.531818	+	1	241
123	U00096.2	+	3850319	3850648	NODE_102_length_343_cov_2.186335	+	1	330
0	U00096.2	+	85749	86091	NODE_102_length_343_cov_2.186335	-	1	343
124	U00096.2	+	3948691	3948988	NODE_102_length_343_cov_2.186335	-	2	299
0	U00096.2	+	28544	28950	NODE_103_length_407_cov_1.544041	-	1	407
0	U00096.2	+	9195	9424	NODE_104_length_230_cov_1.899522	+	1	230
0	U00096.2	+	79881	80364	NODE_105_length_484_cov_1.747300	+	1	484
0	U00096.2	+	79502	79848	NODE_106_length_347_cov_2.211656	-	1	347
0	U00096.2	+	58651	59005	NODE_107_length_355_cov_1.892216	+	1	355
0	U00096.2	+	29698	30069	NODE_108_length_372_cov_1.931624	-	1	372
0	U00096.2	+	36835	37100	NODE_109_length_266_cov_1.897959	+	1	266
0	U00096.2	+	87136	87667	NODE_110_length_532_cov_1.890411	-	1	532
0	U00096.2	+	40521	40720	NODE_111_length_200_cov_1.268156	+	1	200
0	U00096.2	+	54238	54476	NODE_112_length_239_cov_1.426606	-	1	239
0	U00096.2	+	34297	34555	NODE_113_length_259_cov_2.193277	-	1	259
0	U00096.2	+	32281	32678	NODE_114_length_398_cov_1.458886	+	1	398
0	U00096.2	+	82495	82821	NODE_115_length_327_cov_1.264706	-	1	327
0	U00096.2	+	50966	51337	NODE_116_length_372_cov_1.766382	-	1	372
0	U00096.2	+	42764	43025	NODE_117_length_262_cov_1.265560	+	1	262
74	U00096.2	+	1777993	1778236	NODE_117_length_262_cov_1.265560	+	1	247
0	U00096.2	+	48127	48513	NODE_118_length_387_cov_2.243169	+	1	387
107	U00096.2	+	3477891	3478263	NODE_118_length_387_cov_2.243169	-	1	382
0	U00096.2	+	44349	44628	NODE_119_length_280_cov_1.366795	+	1	280
109	U00096.2	+	1779590	1779867	NODE_119_length_280_cov_1.366795	+	3	280
0	U00096.2	+	97495	97790	NODE_120_length_296_cov_2.629091	+	1	296
0	U00096.2	+	89998	90263	NODE_121_length_266_cov_2.253061	-	1	266
0	U00096.2	+	65542	65752	NODE_122_length_211_cov_1.552632	-	1	211
0	U00096.2	+	41387	41665	NODE_123_length_279_cov_1.484496	+	1	279
0	U00096.2	+	26841	27044	NODE_124_length_204_cov_1.196721	+	1	204
0	U00096.2	+	85023	85386	NODE_125_length_364_cov_2.434402	+	1	364
0	U00096.2	+	18414	18997	NODE_126_length_584_cov_2.525755	+	1	584
0	U00096.2	+	90811	91017	NODE_127_length_207_cov_1.026882	-	1	207
0	U00096.2	+	46027	46318	NODE_128_length_292_cov_1.900369	+	1	292
0	U00096.2	+	13518	13752	NODE_129_length_235_cov_1.943925	-	1	235
0	U00096.2	+	28080	28372	NODE_130_length_293_cov_2.003676	-	1	293
0	U00096.2	+	66145	66627	NODE_131_length_483_cov_2.114719	+	1	483
1	U00096.2	+	66649	66712	NODE_131_length_483_cov_2.114719	+	420	483
2	U00096.2	+	66734	66797	NODE_131_length_483_cov_2.114719	+	420	483
114	U00096.2	+	3748081	3748508	NODE_131_length_483_cov_2.114719	-	51	477
134	U00096.2	+	4421697	4422122	NODE_131_length_483_cov_2.114719	-	50	483
0	U00096.2	+	95704	95921	NODE_132_length_218_cov_1.522843	-	1	218
0	U00096.2	+	58113	58449	NODE_133_length_337_cov_2.243671	+	1	337
5	U00096.2	+	4532752	4532811	NODE_133_length_337_cov_2.243671	+	66	125
0	U00096.2	+	76388	76644	NODE_134_length_257_cov_1.673729	+	1	257
0	U00096.2	+	54557	54891	NODE_135_length_335_cov_2.910828	-	1	335
0	U00096.2	+	88623	89705	NODE_136_length_1083_cov_2.616761	-	1	1083
0	U00096.2	+	86537	86813	NODE_137_length_277_cov_1.851562	+	1	277
0	U00096.2	+	46477	46705	NODE_138_length_229_cov_1.942308	+	1	229
0	U00096.2	+	96691	96889	NODE_139_length_199_cov_2.550562	-	1	199
0	U00096.2	+	289	471	NODE_140_length_183_cov_2.820988	+	1	183
0	U00096.2	+	23871	24272	NODE_141_length_402_cov_2.139108	-	1	402
0	U00096.2	+	84809	85009	NODE_142_length_201_cov_1.755556	+	1	201
0	U00096.2	+	5871	6064	NODE_143_length_194_cov_1.826590	+	1	194
