22	STRG.31.1 gene=STRG.31	2518	46046	CTATATATATATATATATATAC
21	STRG.31.1 gene=STRG.31	2519	46047	TATATATATATATATATATAC
20	STRG.41.2 gene=STRG.41	2528	85361	TTTATATATATATATATATG
20	STRG.31.1 gene=STRG.31	2520	46048	ATATATATATATATATATAC
19	STRG.31.1 gene=STRG.31	2519	46049	TATATATATATATATATAC
18	STRG.31.1 gene=STRG.31	2520	46050	ATATATATATATATATAC
18	STRG.31.1 gene=STRG.31	2519	85363	TATATATATATATATATG
18	STRG.20.1 gene=STRG.20	13587	40722	AGCAGCAGCAGGCAACAG
18	STRG.20.1 gene=STRG.20	1612	27812	GCAACAACAGACAGCAAA
17	STRG.59.3 gene=STRG.59	1560	57563	TCATCATCCTCCCTCGT
17	STRG.48.1 gene=STRG.48	2388	40726	GCAGCAGCAGCCAGCAC
17	STRG.46.1 gene=STRG.46	773	60946	ACTCCGCCAGCCAGGAC
17	STRG.36.1 gene=STRG.36	62	50394	CGTGTGTCTGTGTGGCA
17	STRG.32.2 gene=STRG.32	808	40706	TCGCGGCTCCCAGCAGC
17	STRG.32.1 gene=STRG.32	808	40712	TCGCGGCTCCCAGCAGC
17	STRG.31.1 gene=STRG.31	2520	85364	ATATATATATATATATG
17	STRG.31.1 gene=STRG.31	2519	46051	TATATATATATATATAC
16	STRG.7.1 gene=STRG.7	2241	39138	ATTTTCCTTTAAAAAC
16	STRG.59.3 gene=STRG.59	2566	93591	GACTTACAAATAATAA
16	STRG.58.1 gene=STRG.58	717	76197	TGAGGTGGTCCGTGGT
16	STRG.57.1 gene=STRG.57	206	85798	CAGCATATGTACACAT
16	STRG.48.2 gene=STRG.48	2376	14867	TCTCCTCCAGCCAGCT
16	STRG.48.1 gene=STRG.48	1902	72113	GTTGCAGCAGCCTGCC
16	STRG.48.1 gene=STRG.48	1899	59153	GCAGTTGCAGCCAGCG
16	STRG.44.1 gene=STRG.44	3720	97500	GTCCACCGGCACCGCA
16	STRG.43.3 gene=STRG.43	162	32987	ACACACACACACGCAC
16	STRG.4.1 gene=STRG.4	1591	16140	TACATATGTATACATG
16	STRG.32.2 gene=STRG.32	809	40707	CGCGGCTCCCGGCAGC
16	STRG.31.2 gene=STRG.31	4344	46058	TATATATATATATATG
16	STRG.31.2 gene=STRG.31	4344	46058	TATATATATATATATG
16	STRG.31.2 gene=STRG.31	4344	46058	TATATATATATATATG
16	STRG.31.2 gene=STRG.31	4344	46058	TATATATATATATATG
16	STRG.31.2 gene=STRG.31	4344	46058	TATATATATATATATG
16	STRG.31.2 gene=STRG.31	4344	46058	TATATATATATATATG
16	STRG.31.2 gene=STRG.31	4288	54068	AAAACGAATTGAATTA
16	STRG.31.1 gene=STRG.31	2520	46052	ATATATATATATATAC
16	STRG.31.1 gene=STRG.31	2519	85365	TATATATATATATATG
16	STRG.20.2 gene=STRG.20	1454	40814	CAGCAGCAGCATCCAG
16	STRG.20.1 gene=STRG.20	599	75847	GCCGCAGCAGCCAGCA
16	STRG.2.2 gene=STRG.2	4017	73216	ATAAATAATGACTGAG
16	STRG.2.2 gene=STRG.2	3773	93659	AATTTCCTTACATGTG
15	STRG.8.1 gene=STRG.8	691	99187	CACCGCAGCAAAAAA
15	STRG.8.1 gene=STRG.8	50	43717	ATAAAAGAAGTGAGG
15	STRG.59.3 gene=STRG.59	1620	97414	GCTGTGGCAGCCAAC
15	STRG.59.3 gene=STRG.59	1396	40768	GCTCCTCCAGCGAGT
15	STRG.58.1 gene=STRG.58	718	76198	GAGGTGGTCCATGGT
15	STRG.57.1 gene=STRG.57	837	40728	CGCAGCAGCAGGCAC
15	STRG.5.1 gene=STRG.5	4836	44916	ATTTGCTTTTTTCTC
15	STRG.5.1 gene=STRG.5	4281	73765	CTGTGGGAAAATGAA
15	STRG.48.1 gene=STRG.48	3112	76011	CAGATACAGATAGAT
15	STRG.48.1 gene=STRG.48	2239	40722	CAGCAGCAGCTGCAA
15	STRG.42.1 gene=STRG.42	148	52500	AACAAACAAACACAG
15	STRG.40.1 gene=STRG.40	1290	31056	GCGACTTTGATGGGG
15	STRG.38.1 gene=STRG.38	2029	91461	ATCGCCGGCGGTTGC
15	STRG.38.1 gene=STRG.38	938	41107	TCCTGCTGGCCCATG
15	STRG.34.1 gene=STRG.34	1867	20915	ACTCATTTTTTTTTT
15	STRG.32.2 gene=STRG.32	810	40708	GCGGCTCCCGCCAGC
15	STRG.31.3 gene=STRG.31	3198	54073	AAAACGAATTGAATA
15	STRG.31.1 gene=STRG.31	3067	20887	TATTTGTTGTTATTG
15	STRG.31.1 gene=STRG.31	2520	85366	ATATATATATATATG
15	STRG.31.1 gene=STRG.31	2519	46053	TATATATATATATAC
15	STRG.31.1 gene=STRG.31	1171	46505	GGAGCTGGAGAGAGA
15	STRG.31.1 gene=STRG.31	1171	1473	GGAGCTGGAGAGAGT
15	STRG.31.1 gene=STRG.31	1137	14749	GGCGCCAGCGGGCCA
15	STRG.30.1 gene=STRG.30	213	39736	GAGGCGGTGGCCGTG
15	STRG.27.1 gene=STRG.27	3807	42077	AAGTAAATGCCAGAT
15	STRG.26.1 gene=STRG.26	1511	88956	TTTTCAAGCACCGAT
15	STRG.26.1 gene=STRG.26	285	2251	CCAGAAGGACGGACT
15	STRG.26.1 gene=STRG.26	175	24573	GCAAAGGCAACCAAA
15	STRG.20.3 gene=STRG.20	3869	75852	AGCAGCAGCAGGCAG
15	STRG.20.3 gene=STRG.20	3869	59836	AGCAGCAGCAGGCAG
15	STRG.20.3 gene=STRG.20	3869	40803	AGCAGCAGCAGGCAG
15	STRG.20.3 gene=STRG.20	3855	17220	GCAACAGCAACCAGA
15	STRG.20.3 gene=STRG.20	1971	58083	AAAAGAGAAAGGTAA
15	STRG.20.3 gene=STRG.20	459	15813	AATGGAGCGACGGAG
15	STRG.20.2 gene=STRG.20	16234	75860	CGCAGCAGCAGGCGG
15	STRG.20.2 gene=STRG.20	15626	67361	GGAATGCCGCCTTTG
15	STRG.20.2 gene=STRG.20	1455	40815	AGCAGCAGCAGCCAG
15	STRG.20.2 gene=STRG.20	1455	40586	AGCAGCAGCAGCCAT
15	STRG.20.1 gene=STRG.20	2898	25936	TGCAACAGCAGACAA
15	STRG.20.1 gene=STRG.20	1455	40815	AGCAGCAGCAGCCAG
15	STRG.20.1 gene=STRG.20	1455	40809	AGCAGCAGCAGCCAG
15	STRG.20.1 gene=STRG.20	1050	40573	AGCAACAGCAGGCAG
15	STRG.2.2 gene=STRG.2	4018	73217	TAAATAATGATTGAG
15	STRG.18.2 gene=STRG.18	9450	61886	GGAGCAGCAGGCAGG
15	STRG.18.2 gene=STRG.18	6823	54818	CAGGAAAGCAAACAT
15	STRG.18.2 gene=STRG.18	5527	82616	GCTCCTCCTCCCTGC
15	STRG.14.1 gene=STRG.14	1808	69803	AAGGTGGCCATTTGG
15	STRG.13.2 gene=STRG.13	87	21916	GGCAAGCAGCACTGT
15	STRG.13.1 gene=STRG.13	2644	19603	GCTTCGATTTGGCCT
15	STRG.1.1 gene=STRG.1	4517	78699	TAAATTTCTTTTTTC
14	STRG.9.3 gene=STRG.9	71	67685	GAAACGAAAACAAC
14	STRG.8.1 gene=STRG.8	579	33183	TGGGGGAGCTAGGA
14	STRG.8.1 gene=STRG.8	215	85894	GTTTTCCAAAAGTA
14	STRG.8.1 gene=STRG.8	18	252	TTTTGTTTTGCACT
14	STRG.7.3 gene=STRG.7	2287	30890	AAAAAATTACATAC
14	STRG.60.1 gene=STRG.60	1037	80038	TGGCTCCTCCTAGG
14	STRG.6.1 gene=STRG.6	1525	85900	CAAAAATGTATAAG
14	STRG.59.3 gene=STRG.59	1560	57533	TCATCATCCTCCCA
14	STRG.59.3 gene=STRG.59	1397	40769	CTCCTCCAGCTAGT
14	STRG.59.3 gene=STRG.59	921	28830	GCGGCCAACAGGCC
14	STRG.59.3 gene=STRG.59	366	67063	CTTTTGGACAAATT
14	STRG.59.1 gene=STRG.59	3519	58055	AACAAAAACAAGCT
14	STRG.58.1 gene=STRG.58	719	76208	AGGTGGTCCAGGGG
14	STRG.58.1 gene=STRG.58	719	76199	AGGTGGTCCAGGGT
14	STRG.57.2 gene=STRG.57	2675	9199	TTATATAATTGTTG
14	STRG.57.2 gene=STRG.57	838	40723	GCAGCAGCAGCCAA
14	STRG.57.2 gene=STRG.57	216	17571	ACACACACACACTG
14	STRG.57.1 gene=STRG.57	1967	58423	GGAAACGGAAAGAA
14	STRG.57.1 gene=STRG.57	1789	76254	CCAGGAGCTCTTTT
14	STRG.57.1 gene=STRG.57	1068	4386	TGACCTTCGGCGCT
14	STRG.57.1 gene=STRG.57	838	40720	GCAGCAGCAGCCAG
14	STRG.57.1 gene=STRG.57	246	32986	CACACACACACTCG
14	STRG.56.1 gene=STRG.56	367	61672	GGCGGATGGACTGC
14	STRG.54.1 gene=STRG.54	40	97078	AAGAAGGAAACCAA
14	STRG.53.2 gene=STRG.53	1105	57324	TGGTAGAAGTCAGG
14	STRG.53.1 gene=STRG.53	41	36512	ATAATTGGTATGAG
14	STRG.52.1 gene=STRG.52	1154	45534	GTCAGCCAGCTTGA
14	STRG.52.1 gene=STRG.52	725	80590	GACAGCGACTGACG
14	STRG.52.1 gene=STRG.52	107	10748	AAAACCAAGAATGC
14	STRG.52.1 gene=STRG.52	60	29892	TTGTTTATTTAAAA
14	STRG.5.1 gene=STRG.5	6336	66778	AAATTATCATATTC
14	STRG.5.1 gene=STRG.5	5699	72497	CGGAATTTCAATAT
14	STRG.5.1 gene=STRG.5	5021	72069	GAAGCAGCCATGTG
14	STRG.5.1 gene=STRG.5	2435	29946	ATTTGCGAATATAT
14	STRG.5.1 gene=STRG.5	1545	19505	CCTGGTCCCCATGG
14	STRG.5.1 gene=STRG.5	63	28075	AAAATAAATAAAAT
14	STRG.48.1 gene=STRG.48	3140	75990	AGATACAGATACAG
14	STRG.48.1 gene=STRG.48	3139	76015	CAGATACAGATACC
14	STRG.48.1 gene=STRG.48	3108	76013	GATACAGATACATA
14	STRG.48.1 gene=STRG.48	2395	40580	CAGCAACAGCAGCG
14	STRG.48.1 gene=STRG.48	2251	72072	AGCAGCCATGTTGC
14	STRG.48.1 gene=STRG.48	2239	40812	CAGCAGCAGCTGCT
14	STRG.48.1 gene=STRG.48	1899	71464	GCAGTTGCAGCCAA
14	STRG.48.1 gene=STRG.48	1247	49231	TGCGCAGCCATCAG
14	STRG.48.1 gene=STRG.48	822	92682	GGATCGGGCTCAGG
14	STRG.48.1 gene=STRG.48	327	12373	CAATCGGAAAAGGA
14	STRG.48.1 gene=STRG.48	240	49021	GCAATTGCAGCCAA
14	STRG.47.2 gene=STRG.47	813	69577	AGCAGAAGGAGGAA
14	STRG.47.1 gene=STRG.47	813	69580	AGCAGAAGGAGGAA
14	STRG.44.1 gene=STRG.44	3208	3195	CTATCAAGGATGCC
14	STRG.43.2 gene=STRG.43	524	32019	TTTGCCTGTCGGCA
14	STRG.42.1 gene=STRG.42	152	35947	AACAAACAAACAGC
14	STRG.41.3 gene=STRG.41	2606	11807	AAAACTCAAATATG
14	STRG.41.3 gene=STRG.41	302	28084	ATAATAAATGTAGT
14	STRG.41.2 gene=STRG.41	2534	16183	TATATGTATATATA
14	STRG.40.1 gene=STRG.40	22	55194	TCACACACACACAC
14	STRG.4.1 gene=STRG.4	469	61221	CTTTAAAAACATTT
14	STRG.38.1 gene=STRG.38	939	41108	CCTGCTGGCCGATG
14	STRG.37.1 gene=STRG.37	597	6178	CCCAAGGACGAAGC
14	STRG.37.1 gene=STRG.37	146	45378	CAATCTGGGCGATA
14	STRG.36.1 gene=STRG.36	230	23117	GTCGAAAGAAGGGG
14	STRG.34.1 gene=STRG.34	1864	85429	TTTACTCATTTTAC
14	STRG.34.1 gene=STRG.34	1414	88561	GGTAAAACACGTAA
14	STRG.34.1 gene=STRG.34	1062	97800	GAAGCGCTGAGCTC
14	STRG.34.1 gene=STRG.34	862	4036	CCTGGCCTTCACTC
14	STRG.34.1 gene=STRG.34	140	20974	TATGAATACCAGGG
14	STRG.33.1 gene=STRG.33	2591	42588	GAAAAAAAGAAGAA
14	STRG.33.1 gene=STRG.33	1920	55329	CCATCGCAGAGTGT
14	STRG.33.1 gene=STRG.33	717	84051	TTTAAACCCAAATA
14	STRG.32.2 gene=STRG.32	811	40709	CGGCTCCCGCAAGC
14	STRG.32.1 gene=STRG.32	811	40712	CGGCTCCCGCAAGC
14	STRG.31.3 gene=STRG.31	3362	46561	GCAACCACAACAAG
14	STRG.31.2 gene=STRG.31	4030	51410	GCGAAAACAATAAC
14	STRG.31.2 gene=STRG.31	12	4482	CAGCAAGTGGCGGA
14	STRG.31.1 gene=STRG.31	3236	25447	AACACATATACTCG
14	STRG.31.1 gene=STRG.31	2638	47843	AAAAACAAAGGAAC
14	STRG.31.1 gene=STRG.31	2546	83956	GCATGATTACTTTA
14	STRG.31.1 gene=STRG.31	2520	46054	ATATATATATATAC
14	STRG.31.1 gene=STRG.31	2519	85367	TATATATATATATG
14	STRG.31.1 gene=STRG.31	2519	9161	TATATATATATATT
14	STRG.31.1 gene=STRG.31	1549	63174	AAGAGAAGGAACGC
14	STRG.31.1 gene=STRG.31	1172	46506	GAGCTGGAGATAGA
14	STRG.31.1 gene=STRG.31	278	27765	GTGCGTGTGTGTGT
14	STRG.30.1 gene=STRG.30	66	94078	TTTCGCAGCGTTTC
14	STRG.3.2 gene=STRG.3	1814	77256	TAAATAAAATTGGC
14	STRG.3.2 gene=STRG.3	833	91859	GTCCTCGGCATCCC
14	STRG.3.2 gene=STRG.3	70	89144	TATGTATATATATC
14	STRG.27.1 gene=STRG.27	3241	6865	TTCGGAGGAACAGG
14	STRG.26.1 gene=STRG.26	2001	23600	TAGTTTATTTATTT
14	STRG.26.1 gene=STRG.26	1939	58203	GCAGCGAGCGCCTC
14	STRG.26.1 gene=STRG.26	286	2252	CAGAAGGACGAACT
14	STRG.26.1 gene=STRG.26	176	24574	CAAAGGCAACAAAA
14	STRG.25.2 gene=STRG.25	806	45544	TAATGAATAAGTAT
14	STRG.25.2 gene=STRG.25	563	70496	TTTGGGTTTCATTC
14	STRG.25.1 gene=STRG.25	706	45547	AATGAATAAGTAGG
14	STRG.23.3 gene=STRG.23	2512	47842	AAAAAACAAAGAAA
14	STRG.23.3 gene=STRG.23	633	91224	CAGGATCAGGGACG
14	STRG.23.2 gene=STRG.23	2613	88617	ATATTGTATATTAT
14	STRG.23.2 gene=STRG.23	720	2912	CGGCGAGGTGTGCA
14	STRG.23.1 gene=STRG.23	2613	88614	ATATTGTATATTAA
14	STRG.22.1 gene=STRG.22	1572	29671	CGCAGGACCACGAT
14	STRG.22.1 gene=STRG.22	44	62342	AAATCAAATTAAGC
14	STRG.21.2 gene=STRG.21	892	34451	TGCATTTGAAGAAT
14	STRG.20.3 gene=STRG.20	8111	35946	CAACAAACAAACAG
14	STRG.20.3 gene=STRG.20	8031	62817	AGCAAAACAAAACG
14	STRG.20.3 gene=STRG.20	7784	38994	ATGCAAGTCCTCGT
14	STRG.20.3 gene=STRG.20	7627	12534	GTAATTTTGATTTC
14	STRG.20.3 gene=STRG.20	7319	60212	TTTAAATTATTTAG
14	STRG.20.3 gene=STRG.20	7286	51830	AACAAAGTGCTTGT
14	STRG.20.3 gene=STRG.20	6124	40794	AGTTCCAGTAGGCA
14	STRG.20.3 gene=STRG.20	5932	75856	GCAGCAGCAGCCGA
14	STRG.20.3 gene=STRG.20	5931	40719	CGCAGCAGCAGGCA
14	STRG.20.3 gene=STRG.20	5323	67357	GGAATGCCGCCTTC
14	STRG.20.3 gene=STRG.20	3869	75855	AGCAGCAGCAGGCG
14	STRG.20.3 gene=STRG.20	3869	40812	AGCAGCAGCAGGCT
14	STRG.20.3 gene=STRG.20	3869	40806	AGCAGCAGCAGGCT
14	STRG.20.3 gene=STRG.20	3124	7793	AAGAAAAACAAGCC
14	STRG.20.3 gene=STRG.20	2479	97411	GCTGTGGCAGCCCT
14	STRG.20.3 gene=STRG.20	460	15814	ATGGAGCGACAGAG
14	STRG.20.2 gene=STRG.20	16427	40800	AGTTCCAGTAGGCA
14	STRG.20.2 gene=STRG.20	14176	40735	GCAGCAGCAGCCAG
14	STRG.20.2 gene=STRG.20	14172	40818	AGCAGCAGCAGGCT
14	STRG.20.2 gene=STRG.20	9951	3299	AGGAAACCAAGGTG
14	STRG.20.2 gene=STRG.20	9813	15150	CACAAGTCTCACTG
14	STRG.20.2 gene=STRG.20	2248	40731	GCAGCAGCAGCCAA
14	STRG.20.2 gene=STRG.20	1664	21619	AGCAGCAAGCAAAA
14	STRG.20.2 gene=STRG.20	1418	40813	CAGCAGCAGCACTC
14	STRG.20.2 gene=STRG.20	1136	59842	CAGCAGCAGCAGTA
14	STRG.20.2 gene=STRG.20	1136	59842	CAGCAGCAGCAGTA
14	STRG.20.2 gene=STRG.20	1136	59839	CAGCAGCAGCAGTA
14	STRG.20.2 gene=STRG.20	595	75846	AGCTGCCGCAGGCA
14	STRG.20.1 gene=STRG.20	17377	69378	AAATGTGAAAGTGT
14	STRG.20.1 gene=STRG.20	15842	40797	AGTTCCAGTAGGCA
14	STRG.20.1 gene=STRG.20	13587	40812	AGCAGCAGCAGGCT
14	STRG.20.1 gene=STRG.20	9348	33589	ATGGCTGTGAAGTT
14	STRG.20.1 gene=STRG.20	8075	24202	AAAGAAATTGAATT
14	STRG.20.1 gene=STRG.20	4966	42593	AAAGAAGCGAAAAA
14	STRG.20.1 gene=STRG.20	4901	68293	AATGCAAATTCAGC
14	STRG.20.1 gene=STRG.20	3903	9931	TACAGGAACTGTTT
14	STRG.20.1 gene=STRG.20	3253	20273	GGCCCAGAATGGGG
14	STRG.20.1 gene=STRG.20	3097	25938	CAACAGCAGTAAAA
14	STRG.20.1 gene=STRG.20	2893	37650	GCAAATGCAACCAA
14	STRG.20.1 gene=STRG.20	1418	40807	CAGCAGCAGCACTC
14	STRG.20.1 gene=STRG.20	1082	40574	CAGCAACAGCACAG
14	STRG.20.1 gene=STRG.20	595	75843	AGCTGCCGCAGGCA
14	STRG.20.1 gene=STRG.20	413	28728	AGAAAGCAGCAAAG
14	STRG.20.1 gene=STRG.20	159	5531	CAACAACAAGATTG
14	STRG.2.2 gene=STRG.2	4019	73218	AAATAATGATGGAG
14	STRG.2.1 gene=STRG.2	1219	58089	GAAAGGAGTAAAAT
14	STRG.19.1 gene=STRG.19	881	9195	TTATATAATTGTTA
14	STRG.18.2 gene=STRG.18	15709	39188	GTCTTGAAAACCTT
14	STRG.18.2 gene=STRG.18	15233	75849	CGCAGCAGCAGGCA
14	STRG.18.2 gene=STRG.18	15233	40716	CGCAGCAGCAGGCT
14	STRG.18.2 gene=STRG.18	13973	47944	CACATTTGCCAAGT
14	STRG.18.2 gene=STRG.18	12115	17221	CAACAGCAACAAGA
14	STRG.18.2 gene=STRG.18	10136	48836	AGCCAAAAATTGGA
14	STRG.18.2 gene=STRG.18	8272	43358	AAACTGAAGACAAA
14	STRG.18.2 gene=STRG.18	7198	61902	GAGGAGGAGCTAGC
14	STRG.18.2 gene=STRG.18	4887	14316	AAATAGCAACATCT
14	STRG.18.2 gene=STRG.18	2291	46202	AAATTGAAGTGACG
14	STRG.18.2 gene=STRG.18	1396	90024	GGGGCAGGAGCCGT
14	STRG.18.1 gene=STRG.18	18572	76703	AGTTGTATGTTAAC
14	STRG.18.1 gene=STRG.18	18118	20922	TTTTGTTTTTTTTT
14	STRG.18.1 gene=STRG.18	15287	75852	CGCAGCAGCAGGCA
14	STRG.18.1 gene=STRG.18	12427	71475	CAGCAGCAACACTG
14	STRG.18.1 gene=STRG.18	10616	43564	AGGATATGATGCAC
14	STRG.18.1 gene=STRG.18	7113	54214	TTCCGCCTCGTTCG
14	STRG.15.1 gene=STRG.15	1091	62232	TTTAGCAACAAGAG
14	STRG.15.1 gene=STRG.15	80	7790	AAAAAGAAAAAATT
14	STRG.15.1 gene=STRG.15	79	36028	AAAAAAGAAAAAAA
14	STRG.14.1 gene=STRG.14	2482	51545	ACATAGCAAGCAAA
14	STRG.13.2 gene=STRG.13	2969	11515	TTTGTTATTGTCGC
14	STRG.13.1 gene=STRG.13	404	55948	CAGGCAGCTCCGTT
14	STRG.12.1 gene=STRG.12	1659	71632	TTGATTACTAATCC
14	STRG.12.1 gene=STRG.12	1605	85464	AACACTTAAATCAT
14	STRG.12.1 gene=STRG.12	1569	88757	TTGTTAGGTACATT
14	STRG.12.1 gene=STRG.12	622	61528	AACAAAGAAGCTTA
14	STRG.1.1 gene=STRG.1	4880	9816	CAATTAAAAAAATT
14	STRG.1.1 gene=STRG.1	4518	78700	AAATTTCTTTTTTC
14	STRG.1.1 gene=STRG.1	4485	54986	GATTATAAAAATTT
14	STRG.1.1 gene=STRG.1	4263	25396	TGTAAAATATTAAT
14	STRG.1.1 gene=STRG.1	3779	76432	AAATCTATAATCAG
14	STRG.1.1 gene=STRG.1	1928	68906	ATAGCATTCTGCAG
13	STRG.9.2 gene=STRG.9	1730	33440	AAACATTTTGGTA
13	STRG.9.1 gene=STRG.9	1405	75327	ATGTTTAATTTTT
13	STRG.9.1 gene=STRG.9	705	68207	TACACTTTATTAA
13	STRG.9.1 gene=STRG.9	62	62907	ACAGAAACAGACA
13	STRG.8.1 gene=STRG.8	538	51082	CAAATAATTGCTA
13	STRG.8.1 gene=STRG.8	482	68245	TATACTGCGCCGA
13	STRG.8.1 gene=STRG.8	423	11189	GTTTTCCAAACAC
13	STRG.8.1 gene=STRG.8	327	21791	GGCCAGAAAGTGG
13	STRG.8.1 gene=STRG.8	19	253	TTTGTTTTGCTCT
13	STRG.7.4 gene=STRG.7	2353	48599	ATATTGCAATATG
13	STRG.7.3 gene=STRG.7	2151	52785	GAAAAGTATAATC
13	STRG.7.3 gene=STRG.7	2145	34118	AAATATGAAAAAC
13	STRG.7.3 gene=STRG.7	785	91948	ATTGCTGAGCTGG
13	STRG.7.1 gene=STRG.7	2253	14698	AAAAATATATTAA
13	STRG.7.1 gene=STRG.7	910	91946	ATTGCTGAGCTGC
13	STRG.7.1 gene=STRG.7	330	44457	ACTGCTCCCCCTT
13	STRG.60.1 gene=STRG.60	1161	19830	AAATTGATTTTGC
13	STRG.60.1 gene=STRG.60	1038	80039	GGCTCCTCCTCGG
13	STRG.60.1 gene=STRG.60	961	72338	GCCAGGACGAACG
13	STRG.60.1 gene=STRG.60	935	74210	CGAAAAGCAGAGT
13	STRG.60.1 gene=STRG.60	895	61882	ACCAGGAGCAGGG
13	STRG.60.1 gene=STRG.60	259	86250	TGGTGGAGCAGCC
13	STRG.6.1 gene=STRG.6	1506	8034	TTAGATATTTATC
13	STRG.6.1 gene=STRG.6	517	84425	AATGGAAATGGAT
13	STRG.59.3 gene=STRG.59	2615	12061	TGAATAAAAAAGA
13	STRG.59.3 gene=STRG.59	2560	39331	CTTAAAGACTTAG
13	STRG.59.3 gene=STRG.59	2053	56402	TATTAATGCTCCC
13	STRG.59.3 gene=STRG.59	2004	41049	GCCAAGCTGATCC
13	STRG.59.3 gene=STRG.59	1604	72640	GCTAATGCCTCCG
13	STRG.59.3 gene=STRG.59	1563	57554	TCATCCTCATCCA
13	STRG.59.3 gene=STRG.59	1440	97386	TCTTCTTCTTCCT
13	STRG.59.3 gene=STRG.59	1398	40770	TCCTCCAGCTCGT
13	STRG.59.3 gene=STRG.59	367	67064	TTTTGGACAATTT
13	STRG.59.3 gene=STRG.59	367	66698	TTTTGGACAATTT
13	STRG.59.3 gene=STRG.59	319	85845	AAATGCCTCGTAA
13	STRG.59.3 gene=STRG.59	208	56266	AACACACGCGCAA
13	STRG.59.3 gene=STRG.59	164	71980	CCCATACCAACAT
13	STRG.59.2 gene=STRG.59	3515	45712	TCCAAGCAGCGAA
13	STRG.59.2 gene=STRG.59	775	52774	TGGAATTTATTAA
13	STRG.59.2 gene=STRG.59	681	67113	AACAAAAAACAAA
13	STRG.59.1 gene=STRG.59	2981	6778	CATGGGCTTCAGC
13	STRG.59.1 gene=STRG.59	2731	61793	AGCAGCGCCAGGA
13	STRG.59.1 gene=STRG.59	2214	28735	AGCAGCAAGGAAA
13	STRG.59.1 gene=STRG.59	871	23270	CAGACAGCACTTT
13	STRG.59.1 gene=STRG.59	209	29704	ACACACGCGCACA
13	STRG.58.1 gene=STRG.58	924	25598	CGAGGCGGGCGGG
13	STRG.58.1 gene=STRG.58	720	76209	GGTGGTCCAGGGG
13	STRG.58.1 gene=STRG.58	720	76200	GGTGGTCCAGGGT
13	STRG.58.1 gene=STRG.58	39	32465	CATGGTTGGTTAG
13	STRG.57.2 gene=STRG.57	3635	9223	TAATTTAAACATT
13	STRG.57.2 gene=STRG.57	3409	13905	TTGAATTATTGAA
13	STRG.57.2 gene=STRG.57	216	55204	ACACACACACACA
13	STRG.57.2 gene=STRG.57	64	28673	TAAAATTTAATGA
13	STRG.57.1 gene=STRG.57	2655	36463	CAAAGGACCTTTC
13	STRG.57.1 gene=STRG.57	2563	87776	TATTTAATTATAT
13	STRG.57.1 gene=STRG.57	2475	76051	ACACATATGCAAA
13	STRG.57.1 gene=STRG.57	2090	44397	CCAAATCTGGCGT
13	STRG.57.1 gene=STRG.57	2030	28604	GAGCGGCGCAAAC
13	STRG.57.1 gene=STRG.57	1967	10259	GGAAACGGAAAGC
13	STRG.57.1 gene=STRG.57	1138	2347	CAACTCCTCCAGA
13	STRG.57.1 gene=STRG.57	1087	18654	GCTCGACTGCGGC
13	STRG.57.1 gene=STRG.57	1038	82619	CCTCCTCCTGCCT
13	STRG.57.1 gene=STRG.57	878	30378	AATCTGAATCTAT
13	STRG.57.1 gene=STRG.57	856	18337	GCCACAGCTGCCC
13	STRG.57.1 gene=STRG.57	838	75861	GCAGCAGCAGCCG
13	STRG.57.1 gene=STRG.57	838	75861	GCAGCAGCAGCCG
13	STRG.57.1 gene=STRG.57	838	75861	GCAGCAGCAGCCG
13	STRG.57.1 gene=STRG.57	838	75861	GCAGCAGCAGCCG
13	STRG.57.1 gene=STRG.57	319	14395	CAGTGGAAAGTAG
13	STRG.57.1 gene=STRG.57	246	55201	CACACACACACTG
13	STRG.56.3 gene=STRG.56	1095	15048	GCATTGCAGTGAC
13	STRG.56.3 gene=STRG.56	953	96826	CATGCAAATGCTG
13	STRG.56.1 gene=STRG.56	1530	27826	AGCAAAAACAATC
13	STRG.56.1 gene=STRG.56	1146	6456	TAAACAAATTAAA
13	STRG.55.1 gene=STRG.55	1355	94637	TTTTTAATTGCCA
13	STRG.55.1 gene=STRG.55	591	94403	ACCCACAGAAACC
13	STRG.55.1 gene=STRG.55	330	54147	ACCCACTGCGATA
13	STRG.55.1 gene=STRG.55	283	60265	TCTGCGTGATTGG
13	STRG.55.1 gene=STRG.55	103	46824	TGAGGAGCGAGCT
13	STRG.53.2 gene=STRG.53	1131	88587	TAGATAGATAAAC
13	STRG.53.2 gene=STRG.53	996	87637	CTTTTATGTTTTT
13	STRG.53.2 gene=STRG.53	380	31471	GAACCGCAGGCCT
13	STRG.53.1 gene=STRG.53	996	87635	CTTTTATGTTTTT
13	STRG.53.1 gene=STRG.53	767	28727	GAGAAAGCAGCCA
13	STRG.53.1 gene=STRG.53	500	6281	AAGCGCATTCCGA
13	STRG.52.1 gene=STRG.52	1114	11430	TGCCTGCCGGCGT
13	STRG.52.1 gene=STRG.52	818	2393	AATCTGTGCACCG
13	STRG.52.1 gene=STRG.52	309	61150	CGGCCACGCCCTG
13	STRG.51.1 gene=STRG.51	662	14224	CGGAGAAGCTCCG
13	STRG.50.1 gene=STRG.50	703	51728	TTATTATTATTTT
13	STRG.50.1 gene=STRG.50	198	12670	TCGTGTGCCTCTT
13	STRG.5.1 gene=STRG.5	5964	54246	AAATGGTACTGGA
13	STRG.5.1 gene=STRG.5	5700	72498	GGAATTTCAATAT
13	STRG.5.1 gene=STRG.5	5365	68601	ATTGCAGGAGGTC
13	STRG.5.1 gene=STRG.5	5022	72070	AAGCAGCCATGTG
13	STRG.5.1 gene=STRG.5	3774	48109	TCGGTCAACTTAA
13	STRG.5.1 gene=STRG.5	2976	36131	CAAGTGGAAAGAA
13	STRG.5.1 gene=STRG.5	2063	40049	CATAACAAATGCC
13	STRG.5.1 gene=STRG.5	69	91601	AATAAGAAAAGTC
13	STRG.5.1 gene=STRG.5	63	98616	AAAATAAATAAAC
13	STRG.49.2 gene=STRG.49	934	1526	CCGAGCAGACGGC
13	STRG.49.2 gene=STRG.49	644	88992	CAACATCGATAGA
13	STRG.49.2 gene=STRG.49	319	31703	TTGAGGCCAAGGC
13	STRG.49.2 gene=STRG.49	184	37931	TGGCAGCAACAAA
13	STRG.48.2 gene=STRG.48	1922	40815	AGCAGCAGCTCCC
13	STRG.48.2 gene=STRG.48	1247	49234	TGCGCAGCCATCC
13	STRG.48.2 gene=STRG.48	179	4318	AGCAAAAGTGGAA
13	STRG.48.1 gene=STRG.48	3216	54773	GTGCTAATTTTAA
13	STRG.48.1 gene=STRG.48	3112	48671	CAGATACAGATAA
13	STRG.48.1 gene=STRG.48	3109	76014	ATACAGATACATA
13	STRG.48.1 gene=STRG.48	3108	76019	GATACAGATACAG
13	STRG.48.1 gene=STRG.48	2568	3640	GGAGAATCCGCCC
13	STRG.48.1 gene=STRG.48	2518	92087	GCCAGCGGCGCTC
13	STRG.48.1 gene=STRG.48	2281	40742	CAGCAACAGCAAC
13	STRG.48.1 gene=STRG.48	2240	40813	AGCAGCAGCTCCT
13	STRG.48.1 gene=STRG.48	1935	43081	CAATGGCAATGCG
13	STRG.48.1 gene=STRG.48	1909	40724	CAGCAGCTGCAAA
13	STRG.48.1 gene=STRG.48	1900	71465	CAGTTGCAGCAAA
13	STRG.48.1 gene=STRG.48	1248	49232	GCGCAGCCATGAG
13	STRG.48.1 gene=STRG.48	751	95302	CACCACCACCCTA
13	STRG.48.1 gene=STRG.48	398	88832	GTGTGAGTGTGTG
13	STRG.48.1 gene=STRG.48	154	52504	CAAACAAACAAAC
13	STRG.47.2 gene=STRG.47	878	27415	CAGTGGCAAACTC
13	STRG.47.2 gene=STRG.47	96	96101	TCATCATGACGGC
13	STRG.45.1 gene=STRG.45	1033	20319	TTTCATATCGACG
13	STRG.45.1 gene=STRG.45	975	9367	AACATGAACATAC
13	STRG.45.1 gene=STRG.45	169	97565	GCTGTTTACTTGA
13	STRG.45.1 gene=STRG.45	76	29890	TTGTTTATTTATC
13	STRG.44.2 gene=STRG.44	3720	97505	GTCCACCGGCACA
13	STRG.44.2 gene=STRG.44	1452	26365	AGAAAGCTGATCT
13	STRG.44.2 gene=STRG.44	64	43954	AAATGGAAAATTT
13	STRG.44.1 gene=STRG.44	685	23150	GCGGCAGAAAGAT
13	STRG.44.1 gene=STRG.44	580	91950	CTGAGCTCCGCAG
13	STRG.44.1 gene=STRG.44	292	91734	ATGAGGATGAGCT
13	STRG.44.1 gene=STRG.44	150	44705	ACTGCCGCAGCCG
13	STRG.44.1 gene=STRG.44	64	43952	AAATGGAAAATTT
13	STRG.43.3 gene=STRG.43	160	76233	CCACACACACATA
13	STRG.43.3 gene=STRG.43	123	97315	CACTGGAGACGAC
13	STRG.43.3 gene=STRG.43	27	90399	TAGCGAGCACACC
13	STRG.43.1 gene=STRG.43	878	54777	CTAATTTTTTAGA
13	STRG.43.1 gene=STRG.43	765	81326	GACATTAACAAAT
13	STRG.43.1 gene=STRG.43	528	32017	TTTGCCTGTCGGT
13	STRG.42.2 gene=STRG.42	1649	17928	CAACCTGCTATGT
13	STRG.42.2 gene=STRG.42	1397	78386	TGTGAATGTGAGT
13	STRG.42.2 gene=STRG.42	1077	75443	CAATTTAAAGATA
13	STRG.42.2 gene=STRG.42	325	61175	AATTAGTGCTTTA
13	STRG.42.1 gene=STRG.42	1289	40529	GGCCAACAACAAA
13	STRG.42.1 gene=STRG.42	150	52502	CAAACAAACAAAG
13	STRG.41.3 gene=STRG.41	1957	82174	TTTTTAAGCTTCT
13	STRG.41.3 gene=STRG.41	532	61071	TTTTCCTTTTGGC
13	STRG.41.2 gene=STRG.41	2667	11805	AAAACTCAAATAA
13	STRG.41.2 gene=STRG.41	2494	28070	TAAATAAAAATTA
13	STRG.41.2 gene=STRG.41	2487	60186	AAATTAATAAAAT
13	STRG.41.2 gene=STRG.41	2477	86843	GTTGTTTTGTATC
13	STRG.41.2 gene=STRG.41	2474	27681	AATGTTGTTTTAT
13	STRG.41.2 gene=STRG.41	2249	50624	ACAAGTTGAAATA
13	STRG.41.2 gene=STRG.41	1857	95699	GTTGGCCATTATA
13	STRG.41.2 gene=STRG.41	363	28082	ATAATAAATGTAA
13	STRG.40.1 gene=STRG.40	51	95359	GACAACTACAATC
13	STRG.40.1 gene=STRG.40	41	92086	TGCCAGCGGCGAT
13	STRG.40.1 gene=STRG.40	22	98834	TCACACACACACT
13	STRG.40.1 gene=STRG.40	19	98831	GACTCACACACAT
13	STRG.4.1 gene=STRG.4	2660	11800	AAAAGAAAACTAA
13	STRG.4.1 gene=STRG.4	2627	8313	CAGAAGGTACAAC
13	STRG.4.1 gene=STRG.4	1966	20696	AATATTTTATTAA
13	STRG.4.1 gene=STRG.4	1952	93599	AATTAAATAAACT
13	STRG.4.1 gene=STRG.4	1933	31127	TTAAAAGTTTGGG
13	STRG.4.1 gene=STRG.4	470	61222	TTTAAAAACACTT
13	STRG.38.1 gene=STRG.38	2051	78972	CTGAAAGGGCAGA
13	STRG.38.1 gene=STRG.38	1890	96763	TAAGCCCACGCCG
13	STRG.38.1 gene=STRG.38	1419	54517	GGGCAACATGGAA
13	STRG.38.1 gene=STRG.38	940	41109	CTGCTGGCCGCTG
13	STRG.37.1 gene=STRG.37	657	13061	CGAAAAACAAGAC
13	STRG.37.1 gene=STRG.37	598	6179	CCAAGGACGAGGC
13	STRG.37.1 gene=STRG.37	597	21011	CCCAAGGACGAAA
13	STRG.36.1 gene=STRG.36	2620	77119	ATTTTCGCCTTTC
13	STRG.36.1 gene=STRG.36	2372	1409	GAAAAGCAGCTCT
13	STRG.36.1 gene=STRG.36	2259	4333	GAACCCCAATGAG
13	STRG.36.1 gene=STRG.36	1945	32259	CCTGCCACTCCCA
13	STRG.36.1 gene=STRG.36	1340	26120	AGGAGCAGAAAAA
13	STRG.36.1 gene=STRG.36	696	59841	GCAGCAGCAGCAG
13	STRG.36.1 gene=STRG.36	696	59841	GCAGCAGCAGCAG
13	STRG.36.1 gene=STRG.36	668	59510	CTGCGGAGATCAC
13	STRG.36.1 gene=STRG.36	593	15018	CCTTGCTCGTTCC
13	STRG.35.1 gene=STRG.35	1237	92431	GCTCGTCCGGCCT
13	STRG.35.1 gene=STRG.35	1206	321	AAGGAGAAGAAAT
13	STRG.35.1 gene=STRG.35	1138	36747	CCCTCATCCGCCT
13	STRG.34.1 gene=STRG.34	1869	13507	TCATTTTTTATTT
13	STRG.34.1 gene=STRG.34	1785	20699	ATTTTATTTAATC
13	STRG.34.1 gene=STRG.34	1600	71116	ATTTGTTCAAACC
13	STRG.34.1 gene=STRG.34	533	2793	ACCTGCGACTTCC
13	STRG.33.1 gene=STRG.33	2107	24855	GCTGCGCCGCAAA
13	STRG.33.1 gene=STRG.33	2091	91088	TGCCACCGCCGGC
13	STRG.33.1 gene=STRG.33	1157	25753	GCCCAGCTCAAGA
13	STRG.32.2 gene=STRG.32	1426	51615	TTATATTTCCACT
13	STRG.32.2 gene=STRG.32	1238	35070	ATAATAATAAATT
13	STRG.32.2 gene=STRG.32	812	40710	GGCTCCCGCAGGC
13	STRG.32.2 gene=STRG.32	371	31853	GCCAAATCCGCAC
13	STRG.31.3 gene=STRG.31	3254	46063	TATATATATATAC
13	STRG.31.3 gene=STRG.31	3254	46063	TATATATATATAC
13	STRG.31.3 gene=STRG.31	3254	46063	TATATATATATAC
13	STRG.31.3 gene=STRG.31	3254	46063	TATATATATATAC
13	STRG.31.3 gene=STRG.31	3254	46063	TATATATATATAC
13	STRG.31.3 gene=STRG.31	3254	46063	TATATATATATAC
13	STRG.31.3 gene=STRG.31	2803	11203	AACTTATTTAATA
13	STRG.31.3 gene=STRG.31	1429	85371	TATATATATATAG
13	STRG.31.3 gene=STRG.31	1429	85371	TATATATATATAG
13	STRG.31.3 gene=STRG.31	1429	85371	TATATATATATAG
13	STRG.31.3 gene=STRG.31	1429	85371	TATATATATATAG
13	STRG.31.3 gene=STRG.31	107	6586	TTGGGAAAATTTG
13	STRG.31.3 gene=STRG.31	80	62185	AAAAGCATAAATA
13	STRG.31.2 gene=STRG.31	4454	46562	AACCACAACGGAG
13	STRG.31.2 gene=STRG.31	3981	9009	TTTAAATTTAGTT
13	STRG.31.2 gene=STRG.31	3923	51562	ATTTTGCTTAATG
13	STRG.31.2 gene=STRG.31	3896	11204	TTATTTAACTTAG
13	STRG.31.2 gene=STRG.31	3893	11201	AACTTATTTAATT
13	STRG.31.2 gene=STRG.31	3470	79367	GGAAAAGCGCTTC
13	STRG.31.2 gene=STRG.31	3321	15538	AAAAAAAAAAAAG
13	STRG.31.2 gene=STRG.31	3223	25427	CAAACACACACAT
13	STRG.31.1 gene=STRG.31	3237	25448	ACACATATACACG
13	STRG.31.1 gene=STRG.31	3223	25425	CAAACACACACAC
13	STRG.31.1 gene=STRG.31	3192	58057	CAAAAACAAAGTG
13	STRG.31.1 gene=STRG.31	2753	35275	ATTAATTTTATAT
13	STRG.31.1 gene=STRG.31	2547	83957	CATGATTACTTTA
13	STRG.31.1 gene=STRG.31	2521	9164	TATATATATATAA
13	STRG.31.1 gene=STRG.31	2520	85368	ATATATATATATG
13	STRG.31.1 gene=STRG.31	2519	85371	TATATATATATAG
13	STRG.31.1 gene=STRG.31	2519	46055	TATATATATATAC
13	STRG.31.1 gene=STRG.31	1853	68600	AATTGCAGGAGAT
13	STRG.31.1 gene=STRG.31	1511	67727	CGCACAGCAACAA
13	STRG.31.1 gene=STRG.31	1224	79062	TCGCCGGAGTCCG
13	STRG.31.1 gene=STRG.31	1043	61907	AGGAGCTGCAGGG
13	STRG.31.1 gene=STRG.31	757	46166	ATAAAGATATGAA
13	STRG.30.1 gene=STRG.30	1748	48009	ATCGTTTTTGAAG
13	STRG.30.1 gene=STRG.30	1092	44643	GAGCAGGGCAATC
13	STRG.30.1 gene=STRG.30	828	75899	GAGTGCATCAAAT
13	STRG.30.1 gene=STRG.30	384	75841	GGAGCTGCCGCCA
13	STRG.30.1 gene=STRG.30	381	75838	AAAGGAGCTGCCA
13	STRG.3.3 gene=STRG.3	265	57846	TAAGCGATTCAAG
13	STRG.3.3 gene=STRG.3	64	607	AAAATCCTTTGCA
13	STRG.3.3 gene=STRG.3	5	51457	AGGGAGACAATTC
13	STRG.3.2 gene=STRG.3	1796	8852	ATACAATATTTGC
13	STRG.3.2 gene=STRG.3	1741	13511	TTTTATTTTTTTT
13	STRG.3.2 gene=STRG.3	837	91863	TCGGCATTGCCTG
13	STRG.3.2 gene=STRG.3	834	91860	TCCTCGGCATTCC
13	STRG.3.2 gene=STRG.3	352	27401	GATTTCATTGCCC
13	STRG.3.1 gene=STRG.3	1383	12064	AATAAAAAAGTTG
13	STRG.3.1 gene=STRG.3	84	80638	TATGGATGCCTGG
13	STRG.28.1 gene=STRG.28	843	83332	GCTGTGACCCGTA
13	STRG.28.1 gene=STRG.28	598	37339	GAAGCCAAGGACC
13	STRG.27.1 gene=STRG.27	3831	85582	ATTTATTTTCAAA
13	STRG.27.1 gene=STRG.27	3660	60018	CGAAACTAGAAAA
13	STRG.27.1 gene=STRG.27	3415	65848	GTTTTTGTTCTGG
13	STRG.27.1 gene=STRG.27	3242	6866	TCGGAGGAACGGG
13	STRG.27.1 gene=STRG.27	2452	38574	AGAAGGGAAAGGC
13	STRG.27.1 gene=STRG.27	271	34821	CCAAACATTATTA
13	STRG.26.2 gene=STRG.26	2704	38981	CCGCCAAAGACAT
13	STRG.26.2 gene=STRG.26	1200	24577	AAGGCAACAACTT
13	STRG.26.2 gene=STRG.26	887	43083	ATGGCAATGCTCG
13	STRG.26.2 gene=STRG.26	636	37588	AGCAACAAATGCA
13	STRG.26.2 gene=STRG.26	620	86292	CTCAACGTGAATC
13	STRG.26.2 gene=STRG.26	395	12702	TTTAAGTACTGTT
13	STRG.26.1 gene=STRG.26	1682	38979	CCGCCAAAGACAA
13	STRG.26.1 gene=STRG.26	287	2253	AGAAGGACGACCT
13	STRG.26.1 gene=STRG.26	177	24575	AAAGGCAACAAAA
13	STRG.26.1 gene=STRG.26	142	49345	AATCAAAATGCAA
13	STRG.25.2 gene=STRG.25	807	45545	AATGAATAAGTAT
13	STRG.25.2 gene=STRG.25	607	75020	CCCTAAAGGACGG
13	STRG.25.2 gene=STRG.25	564	70497	TTGGGTTTCAATC
13	STRG.25.1 gene=STRG.25	782	63234	AATAAATAAAATA
13	STRG.25.1 gene=STRG.25	777	99268	TAAAAAATAAAAC
13	STRG.24.1 gene=STRG.24	177	45242	AGTGGAGGCGGGT
13	STRG.23.3 gene=STRG.23	3026	82170	TTTTTTTTAAGTT
13	STRG.23.3 gene=STRG.23	2852	58823	ATACATTTGTATC
13	STRG.23.3 gene=STRG.23	2837	88610	TATATATTGTATG
13	STRG.23.3 gene=STRG.23	2735	76903	TTGGTAAACAACT
13	STRG.23.3 gene=STRG.23	2689	66058	TGTTTAACACGTA
13	STRG.23.3 gene=STRG.23	2686	66055	CCGTGTTTAACGG
13	STRG.23.3 gene=STRG.23	2475	71170	CACTAATTAAAGA
13	STRG.23.3 gene=STRG.23	1515	1324	CATGTGGAGCGTT
13	STRG.23.3 gene=STRG.23	981	66967	CAAAAATTGAAAT
13	STRG.23.3 gene=STRG.23	947	2909	CGGCGAGGTGTGT
13	STRG.23.2 gene=STRG.23	1882	69808	GTGGCCATCCTAG
13	STRG.23.1 gene=STRG.23	1562	27024	TTGCGCCCATTGT
13	STRG.23.1 gene=STRG.23	463	86655	TCCGAGTGCCGCA
13	STRG.23.1 gene=STRG.23	406	91227	CAGGATCAGGGAA
13	STRG.22.1 gene=STRG.22	746	32912	AATGTGCGCCAAT
13	STRG.22.1 gene=STRG.22	444	29669	CGCAGGACCACCA
13	STRG.21.2 gene=STRG.21	978	18387	AATAAGTTGGCGG
13	STRG.21.2 gene=STRG.21	419	60284	TTCAATGGGGATT
13	STRG.21.1 gene=STRG.21	419	60286	TTCAATGGGGATC
13	STRG.20.3 gene=STRG.20	7837	54779	ATTTTTTAATTAA
13	STRG.20.3 gene=STRG.20	7821	52779	TTTATTGAAAAAT
13	STRG.20.3 gene=STRG.20	7785	38995	TGCAAGTCCTGGT
13	STRG.20.3 gene=STRG.20	6125	40795	GTTCCAGTAGCCA
13	STRG.20.3 gene=STRG.20	5932	75853	GCAGCAGCAGCCA
13	STRG.20.3 gene=STRG.20	5932	40813	GCAGCAGCAGCCT
13	STRG.20.3 gene=STRG.20	5932	40807	GCAGCAGCAGCCT
13	STRG.20.3 gene=STRG.20	5932	40723	GCAGCAGCAGCCA
13	STRG.20.3 gene=STRG.20	5762	58945	CTTCTGCCTCAAT
13	STRG.20.3 gene=STRG.20	5188	49655	ACCACACCCACCC
13	STRG.20.3 gene=STRG.20	4702	37936	CAGCAACAACACC
13	STRG.20.3 gene=STRG.20	4107	80154	AATGGAGAGCGTG
13	STRG.20.3 gene=STRG.20	4015	37372	TGGCTTACGGAAA
13	STRG.20.3 gene=STRG.20	3869	59842	AGCAGCAGCAGGT
13	STRG.20.3 gene=STRG.20	3869	59839	AGCAGCAGCAGGT
13	STRG.20.3 gene=STRG.20	3855	37657	GCAACAGCAACCT
13	STRG.20.3 gene=STRG.20	3065	26867	CCGCTTTTCCCGT
13	STRG.20.3 gene=STRG.20	2500	59159	GCAGCTGCAGCGG
13	STRG.20.3 gene=STRG.20	1378	98207	ATAAAGGGTAAAT
13	STRG.20.3 gene=STRG.20	1112	48993	AGGCAGAGAAGAC
13	STRG.20.3 gene=STRG.20	647	1710	GGACCAAGTTCAG
13	STRG.20.3 gene=STRG.20	461	15815	TGGAGCGACAGAG
13	STRG.20.3 gene=STRG.20	342	58910	CTTCAGCAGCTTT
13	STRG.20.3 gene=STRG.20	163	37729	GGCAACAACAAAA
13	STRG.20.2 gene=STRG.20	16235	40738	GCAGCAGCAGCCT
13	STRG.20.2 gene=STRG.20	15326	43671	AAATCCAGTCACG
13	STRG.20.2 gene=STRG.20	14185	37733	GCAACAACAACCG
13	STRG.20.2 gene=STRG.20	14172	59845	AGCAGCAGCAGGT
13	STRG.20.2 gene=STRG.20	14172	59845	AGCAGCAGCAGGT
13	STRG.20.2 gene=STRG.20	10107	61494	CCACCACCACCCC
13	STRG.20.2 gene=STRG.20	9814	15151	ACAAGTCTCAGTG
13	STRG.20.2 gene=STRG.20	9761	57582	GCAACTCCTGATC
13	STRG.20.2 gene=STRG.20	9348	33592	ATGGCTGTGAAGA
13	STRG.20.2 gene=STRG.20	7711	79439	CGATGGGCGCACC
13	STRG.20.2 gene=STRG.20	4299	70675	AGGATTGCGTGTG
13	STRG.20.2 gene=STRG.20	4205	60956	CAGCAGCAGGATT
13	STRG.20.2 gene=STRG.20	3351	40821	CAGCAGCAGCATG
13	STRG.20.2 gene=STRG.20	2898	25940	TGCAACAGCAGAT
13	STRG.20.2 gene=STRG.20	2190	40816	AGCAGCAGCAGCA
13	STRG.20.2 gene=STRG.20	2189	40819	CAGCAGCAGCACT
13	STRG.20.2 gene=STRG.20	1419	40820	AGCAGCAGCAGTT
13	STRG.20.2 gene=STRG.20	1419	40814	AGCAGCAGCAGTC
13	STRG.20.2 gene=STRG.20	1419	40584	AGCAGCAGCAGTT
13	STRG.20.2 gene=STRG.20	1418	40720	CAGCAGCAGCACA
13	STRG.20.2 gene=STRG.20	1136	75855	CAGCAGCAGCAGC
13	STRG.20.2 gene=STRG.20	1136	40812	CAGCAGCAGCAGC
13	STRG.20.2 gene=STRG.20	1132	40583	ACAGCAGCAGCCT
13	STRG.20.2 gene=STRG.20	1082	40738	CAGCAACAGCACT
13	STRG.20.2 gene=STRG.20	608	1348	GCCGCAGCCGCCA
13	STRG.20.1 gene=STRG.20	17849	69552	AACCAGAAGAAAG
13	STRG.20.1 gene=STRG.20	17829	35949	CAACAAACAAACG
13	STRG.20.1 gene=STRG.20	17555	54781	ATTTTTTAATTAG
13	STRG.20.1 gene=STRG.20	17539	52781	TTTATTGAAAAAA
13	STRG.20.1 gene=STRG.20	17004	51833	AACAAAGTGCTTT
13	STRG.20.1 gene=STRG.20	15650	40729	GCAGCAGCAGCCA
13	STRG.20.1 gene=STRG.20	15302	50500	GCAGCGGCAGCAT
13	STRG.20.1 gene=STRG.20	14907	49657	CCACACCCACAAA
13	STRG.20.1 gene=STRG.20	14453	50439	TTGGCAGCTGCTT
13	STRG.20.1 gene=STRG.20	13589	40811	CAGCAGCAGCAAG
13	STRG.20.1 gene=STRG.20	13587	59845	AGCAGCAGCAGGT
13	STRG.20.1 gene=STRG.20	13587	59842	AGCAGCAGCAGGT
13	STRG.20.1 gene=STRG.20	13587	59842	AGCAGCAGCAGGT
13	STRG.20.1 gene=STRG.20	13585	40581	ACAGCAGCAGCCG
13	STRG.20.1 gene=STRG.20	12218	59161	GCAGCTGCAGCGC
13	STRG.20.1 gene=STRG.20	10198	2487	GGAACTGGCGGAT
13	STRG.20.1 gene=STRG.20	10178	15817	ATGGAGCGACAGT
13	STRG.20.1 gene=STRG.20	10177	15817	AATGGAGCGACGT
13	STRG.20.1 gene=STRG.20	9968	75856	GCAGCAGCAGCCG
13	STRG.20.1 gene=STRG.20	9967	75857	CGCAGCAGCAGGA
13	STRG.20.1 gene=STRG.20	9844	74870	TATGCAAATGCCG
13	STRG.20.1 gene=STRG.20	9251	69151	CTCCCCATTCGCT
13	STRG.20.1 gene=STRG.20	9180	54361	TCTATTATATTAG
13	STRG.20.1 gene=STRG.20	9027	81525	ATGCCAGCGCAAT
13	STRG.20.1 gene=STRG.20	8561	19181	GCATTAGCTGCTA
13	STRG.20.1 gene=STRG.20	7710	79437	TCGATGGGCGCTT
13	STRG.20.1 gene=STRG.20	7298	45177	TTGGCGCCCAAAT
13	STRG.20.1 gene=STRG.20	6952	27536	CACTTTTGAAAAA
13	STRG.20.1 gene=STRG.20	4970	37868	AAGCGAAGGAAGC
13	STRG.20.1 gene=STRG.20	4676	27040	GCTGATGGTGACC
13	STRG.20.1 gene=STRG.20	4437	78126	AGAAGCCCCGCGA
13	STRG.20.1 gene=STRG.20	4205	60954	CAGCAGCAGGATT
13	STRG.20.1 gene=STRG.20	3314	59150	GCGGCAGTTGCCT
13	STRG.20.1 gene=STRG.20	2989	40726	GCAGCAGCAGCCA
13	STRG.20.1 gene=STRG.20	2897	37654	ATGCAACAGCAAG
13	STRG.20.1 gene=STRG.20	2894	37651	CAAATGCAACAAA
13	STRG.20.1 gene=STRG.20	2752	92998	GCCGCACCACCCT
13	STRG.20.1 gene=STRG.20	2190	40810	AGCAGCAGCAGCA
13	STRG.20.1 gene=STRG.20	1930	61152	GCCACGCCCACCA
13	STRG.20.1 gene=STRG.20	1840	37936	GCAACAACAAACC
13	STRG.20.1 gene=STRG.20	1840	24580	GCAACAACAAACC
13	STRG.20.1 gene=STRG.20	1730	14983	CAGCTTTCCCCAT
13	STRG.20.1 gene=STRG.20	1419	40808	AGCAGCAGCAGTC
13	STRG.20.1 gene=STRG.20	1418	75856	CAGCAGCAGCACG
13	STRG.20.1 gene=STRG.20	1418	75853	CAGCAGCAGCACA
13	STRG.20.1 gene=STRG.20	1418	59837	CAGCAGCAGCACA
13	STRG.20.1 gene=STRG.20	1416	75855	CGCAGCAGCAGGC
13	STRG.20.1 gene=STRG.20	1416	40722	CGCAGCAGCAGGC
13	STRG.20.1 gene=STRG.20	1137	59840	AGCAGCAGCAGTA
13	STRG.20.1 gene=STRG.20	596	75844	GCTGCCGCAGCCA
13	STRG.20.1 gene=STRG.20	81	28143	GTTTCACTGCGTC
13	STRG.2.2 gene=STRG.2	4020	73219	AATAATGATGCAG
13	STRG.2.2 gene=STRG.2	3771	43857	AAAATTTCCTTGA
13	STRG.2.2 gene=STRG.2	2407	37934	GCAGCAACAACGG
13	STRG.2.2 gene=STRG.2	2217	1505	AACGCCATCAAAC
13	STRG.2.2 gene=STRG.2	1604	36026	CCAAAAAAGAAGA
13	STRG.2.2 gene=STRG.2	1576	55460	ACTGCCAGAGCAG
13	STRG.2.1 gene=STRG.2	2690	11269	GAAGTATTTCCGA
13	STRG.2.1 gene=STRG.2	1967	66136	CCATATTTGGCCC
13	STRG.2.1 gene=STRG.2	1618	5395	GGAGGATGAAGCG
13	STRG.2.1 gene=STRG.2	1004	57551	TCCTCATCCTCCA
13	STRG.2.1 gene=STRG.2	594	63114	AAAGTGTGTTTTA
13	STRG.19.1 gene=STRG.19	296	40576	AACAGCAGCAGGG
13	STRG.18.2 gene=STRG.18	16859	11351	TATTTCCATCACT
13	STRG.18.2 gene=STRG.18	16574	5755	GAGCGTCGCTTCG
13	STRG.18.2 gene=STRG.18	16019	70153	TTCCCCACAGTGT
13	STRG.18.2 gene=STRG.18	15723	37256	TCAGCAGCAGGAT
13	STRG.18.2 gene=STRG.18	15541	74081	CATCCTGGCATTG
13	STRG.18.2 gene=STRG.18	15234	75856	GCAGCAGCAGCCG
13	STRG.18.2 gene=STRG.18	15234	75853	GCAGCAGCAGCCA
13	STRG.18.2 gene=STRG.18	15234	75850	GCAGCAGCAGCCA
13	STRG.18.2 gene=STRG.18	15234	59837	GCAGCAGCAGCCA
13	STRG.18.2 gene=STRG.18	15234	40807	GCAGCAGCAGCCT
13	STRG.18.2 gene=STRG.18	15234	40804	GCAGCAGCAGCCA
13	STRG.18.2 gene=STRG.18	15234	40720	GCAGCAGCAGCCA
13	STRG.18.2 gene=STRG.18	15234	40717	GCAGCAGCAGCCT
13	STRG.18.2 gene=STRG.18	15158	95331	CAACAGCACACTG
13	STRG.18.2 gene=STRG.18	13974	47945	ACATTTGCCAAGT
13	STRG.18.2 gene=STRG.18	13794	37936	GCAGCAACAACCC
13	STRG.18.2 gene=STRG.18	13542	48753	GTTGACAGCTGGC
13	STRG.18.2 gene=STRG.18	13445	40809	AGCAGCAGCAGCC
13	STRG.18.2 gene=STRG.18	13443	59834	TCAGCAGCAGCCA
13	STRG.18.2 gene=STRG.18	13152	58546	CGAAACGGAGAAT
13	STRG.18.2 gene=STRG.18	13079	18626	CTATGGCCCAAAT
13	STRG.18.2 gene=STRG.18	13014	31584	GCGAGCAGTGGAG
13	STRG.18.2 gene=STRG.18	12490	43210	CAGCCAAACCAAC
13	STRG.18.2 gene=STRG.18	12370	59832	CCTCAGCAGCAAG
13	STRG.18.2 gene=STRG.18	12268	40733	CAGCAACAGCAAA
13	STRG.18.2 gene=STRG.18	12133	67731	CAGCAACAAAAAA
13	STRG.18.2 gene=STRG.18	11989	75854	CAGCAGCAGCAAG
13	STRG.18.2 gene=STRG.18	11989	75851	CAGCAGCAGCAAG
13	STRG.18.2 gene=STRG.18	11989	59838	CAGCAGCAGCAAG
13	STRG.18.2 gene=STRG.18	11989	59835	CAGCAGCAGCAAG
13	STRG.18.2 gene=STRG.18	11989	40805	CAGCAGCAGCAAG
13	STRG.18.2 gene=STRG.18	11971	40569	CATCAGCAACAAG
13	STRG.18.2 gene=STRG.18	11646	61009	GCTACAAAAAAAG
13	STRG.18.2 gene=STRG.18	10193	49582	AGGAAAGCAAGCA
13	STRG.18.2 gene=STRG.18	9832	38141	AAAACTCCAACTT
13	STRG.18.2 gene=STRG.18	9618	84094	AGCTGCTAGCACT
13	STRG.18.2 gene=STRG.18	9484	36031	AAGAAAAAGAAAC
13	STRG.18.2 gene=STRG.18	9452	61888	AGCAGCAGGAAGG
13	STRG.18.2 gene=STRG.18	9449	42494	CGGAGCAGCAGAA
13	STRG.18.2 gene=STRG.18	9194	36421	GAGAACAGCAATT
13	STRG.18.2 gene=STRG.18	8725	64506	AAGAAATCGAAGA
13	STRG.18.2 gene=STRG.18	8243	72861	ATGATTCAAATTG
13	STRG.18.2 gene=STRG.18	7754	37788	GCGCCAAAAAGGG
13	STRG.18.2 gene=STRG.18	7558	24206	AAATTGATGATTA
13	STRG.18.2 gene=STRG.18	7426	34507	GAGCTCAGCTCCT
13	STRG.18.2 gene=STRG.18	7317	21502	AAAAAAGCGGCTT
13	STRG.18.2 gene=STRG.18	7199	61903	AGGAGGAGCTGGC
13	STRG.18.2 gene=STRG.18	7058	54212	GTTCCGCCTCGCC
13	STRG.18.2 gene=STRG.18	6835	48146	CACAGTGCTGGGC
13	STRG.18.2 gene=STRG.18	6681	36143	CAAGGAAAATGAA
13	STRG.18.2 gene=STRG.18	6483	48459	GCAAAGGGAAAGG
13	STRG.18.2 gene=STRG.18	6340	72367	GAAAAGGAGCAGG
13	STRG.18.2 gene=STRG.18	5603	17124	GCTCTGGAAATTT
13	STRG.18.2 gene=STRG.18	5554	27595	CCTCCACCTCTCT
13	STRG.18.2 gene=STRG.18	5529	80042	TCCTCCTCCAGGC
13	STRG.18.2 gene=STRG.18	5524	82613	GCTGCTCCTCCCT
13	STRG.18.2 gene=STRG.18	5505	77479	CCCGCCTTTGCAG
13	STRG.18.2 gene=STRG.18	5441	57552	CCTCATCCTCAAT
13	STRG.18.2 gene=STRG.18	4065	57858	AAGTAGTTTAACA
13	STRG.18.2 gene=STRG.18	3475	91595	ACGTTAAATAAAA
13	STRG.18.2 gene=STRG.18	3281	46987	GTCAAACCGTCCC
13	STRG.18.2 gene=STRG.18	2875	37934	CAGCAACAACAGG
13	STRG.18.2 gene=STRG.18	2101	30175	CTGCCTGCCCGCA
13	STRG.18.2 gene=STRG.18	1086	82929	TGGCAGTGGCAGG
13	STRG.18.2 gene=STRG.18	843	40575	CAACAGCAGCAAG
13	STRG.18.1 gene=STRG.18	18843	87224	TACACTTATTTTT
13	STRG.18.1 gene=STRG.18	18475	63225	AAAAAATAAAAAA
13	STRG.18.1 gene=STRG.18	17961	32939	AATTATAATTAAA
13	STRG.18.1 gene=STRG.18	17342	62943	CAAACAAAACGAC
13	STRG.18.1 gene=STRG.18	17270	16448	AATAAATGCAAAA
13	STRG.18.1 gene=STRG.18	17242	71275	CTGAAACATGCAA
13	STRG.18.1 gene=STRG.18	16283	12980	CTGCAGTTTCCTA
13	STRG.18.1 gene=STRG.18	13609	36974	GAGAAAAAGGCGA
13	STRG.18.1 gene=STRG.18	13497	59837	TCAGCAGCAGCCA
13	STRG.18.1 gene=STRG.18	12544	43212	CAGCCAAACCAAC
13	STRG.18.1 gene=STRG.18	12225	48624	ACAGCAACATCTA
13	STRG.18.1 gene=STRG.18	10188	48835	TGAGCCAAAAACG
13	STRG.18.1 gene=STRG.18	9503	42496	CGGAGCAGCAGAA
13	STRG.18.1 gene=STRG.18	8962	22347	TCACAGTTTCCAA
13	STRG.18.1 gene=STRG.18	4541	18413	GCTCCTGTTCTAA
13	STRG.18.1 gene=STRG.18	3475	91597	ACGTTAAATAAAG
13	STRG.18.1 gene=STRG.18	3281	46980	GTCAAACCGTCCC
13	STRG.18.1 gene=STRG.18	1791	23746	TTCGCACAGCTTA
13	STRG.18.1 gene=STRG.18	1449	61020	AAGAGCTGGAGGG
13	STRG.17.1 gene=STRG.17	388	58867	TGGTCAACAGACT
13	STRG.17.1 gene=STRG.17	91	47857	ACACAGCAAACAT
13	STRG.16.2 gene=STRG.16	675	34219	CTGCCTTTTTGAT
13	STRG.16.2 gene=STRG.16	608	33384	TATCGAGACTCTG
13	STRG.16.2 gene=STRG.16	535	55243	CCCGTTTCCCGCC
13	STRG.16.1 gene=STRG.16	535	55241	CCCGTTTCCCGCC
13	STRG.15.1 gene=STRG.15	714	8023	CTCTGCTGCTAAG
13	STRG.15.1 gene=STRG.15	80	36028	AAAAAGAAAAAAA
13	STRG.14.1 gene=STRG.14	4145	18279	CAAAAATTTCAAA
13	STRG.14.1 gene=STRG.14	3836	67118	AAAACAGAAATAC
13	STRG.14.1 gene=STRG.14	3564	30298	TCCTGTTTATTAC
13	STRG.14.1 gene=STRG.14	2999	6317	GTTAACAAATTTC
13	STRG.14.1 gene=STRG.14	2483	51546	CATAGCAAGCTAA
13	STRG.14.1 gene=STRG.14	1655	86870	TCAATGAAAATAT
13	STRG.14.1 gene=STRG.14	767	768	AATTTGCTGTCCT
13	STRG.14.1 gene=STRG.14	591	72902	ACTGCAAAAGCAT
13	STRG.14.1 gene=STRG.14	117	13981	ACAAACAAATTCA
13	STRG.13.2 gene=STRG.13	3136	1639	AATCGAACGTATT
13	STRG.13.2 gene=STRG.13	2603	37972	GAAATATGATCTC
13	STRG.13.2 gene=STRG.13	2570	58138	AAAATTGCATTAT
13	STRG.13.2 gene=STRG.13	2566	43592	TTCAAAAATTGTA
13	STRG.13.2 gene=STRG.13	1505	18331	TGCTGCGCCACCT
13	STRG.13.2 gene=STRG.13	728	17034	CAGGTGGAAACAC
13	STRG.13.2 gene=STRG.13	577	38924	ATGCCGGAGGTAA
13	STRG.13.2 gene=STRG.13	504	7892	AGTGGAGTGGAGC
13	STRG.13.2 gene=STRG.13	502	7885	GAAGTGGAGTGGT
13	STRG.13.2 gene=STRG.13	318	14684	CGTCATGAGTTTA
13	STRG.13.1 gene=STRG.13	3224	95215	TTTCCTGCTGCGT
13	STRG.13.1 gene=STRG.13	1869	97039	ATGATGGAAATGA
13	STRG.12.1 gene=STRG.12	1606	85465	ACACTTAAATTAT
13	STRG.12.1 gene=STRG.12	1599	89047	ATGCTTAACACAG
13	STRG.12.1 gene=STRG.12	1570	88758	TGTTAGGTACATT
13	STRG.12.1 gene=STRG.12	101	21891	TGTGCGAAATTCA
13	STRG.11.1 gene=STRG.11	30	84209	TTGTGTGTTTATA
13	STRG.10.5 gene=STRG.10	334	25999	CAGACCTACGAAA
13	STRG.10.5 gene=STRG.10	183	51645	GTTTAAATTAACG
13	STRG.10.3 gene=STRG.10	1103	29940	GTCTATATTTGAA
13	STRG.10.3 gene=STRG.10	1013	89841	GGCCATCAGCAAA
13	STRG.10.3 gene=STRG.10	1013	14412	GGCCATCAGCAAA
13	STRG.10.3 gene=STRG.10	787	19256	CACTGGAGAACGG
13	STRG.10.3 gene=STRG.10	354	58043	TAATGCAATTAAC
13	STRG.10.3 gene=STRG.10	218	56234	ACCAAAAGACCAG
13	STRG.10.3 gene=STRG.10	156	36434	TTGAGCGGAAGAG
13	STRG.1.1 gene=STRG.1	4521	85533	TTTCTTTTATTCT
13	STRG.1.1 gene=STRG.1	4519	78701	AATTTCTTTTATC
13	STRG.1.1 gene=STRG.1	4393	25685	GATAAATAATTAC
13	STRG.1.1 gene=STRG.1	4134	4942	ATTTATGATTTTT
13	STRG.1.1 gene=STRG.1	4083	13505	TTCATTTTTTATT
13	STRG.1.1 gene=STRG.1	3660	73446	CCAACAAAGCCTG
13	STRG.1.1 gene=STRG.1	3601	9317	TTTGTGTTCTAAT
13	STRG.1.1 gene=STRG.1	3023	61818	GGAGAGGCGGACA
13	STRG.1.1 gene=STRG.1	2296	84047	CACTTTAAACCAT
13	STRG.1.1 gene=STRG.1	1214	28239	AAAAGCATAAAGC
13	STRG.1.1 gene=STRG.1	1155	19110	TAGATAACCCAAA
13	STRG.1.1 gene=STRG.1	821	4821	GGAACAGAAGGGC
13	STRG.1.1 gene=STRG.1	584	76796	GTTGAATTGTAGA
13	STRG.1.1 gene=STRG.1	450	66890	ACCTTTTTGCTTT
12	STRG.9.3 gene=STRG.9	1950	33442	AAACATTTTGGC
12	STRG.9.3 gene=STRG.9	361	42875	CCGTGTCCTTTA
12	STRG.9.3 gene=STRG.9	315	40940	GCCCTTCCTGCG
12	STRG.9.3 gene=STRG.9	235	76758	TCGGAAAATCAA
12	STRG.9.2 gene=STRG.9	1835	76988	AAGAAGGAAATG
12	STRG.9.2 gene=STRG.9	1464	68810	TTATATTTACAA
12	STRG.9.2 gene=STRG.9	1405	75329	ATGTTTAATTTA
12	STRG.9.2 gene=STRG.9	71	67684	GAAACGAAAACG
12	STRG.9.2 gene=STRG.9	62	62909	ACAGAAACAGAG
12	STRG.9.1 gene=STRG.9	1474	874	ATTGAACTGAAG
12	STRG.9.1 gene=STRG.9	1466	68811	ATATTTACATTC
12	STRG.9.1 gene=STRG.9	1464	68809	TTATATTTACAT
12	STRG.9.1 gene=STRG.9	1225	52928	AGTTTTCTTGGT
12	STRG.9.1 gene=STRG.9	1010	53844	CCCCAAACCGAA
12	STRG.9.1 gene=STRG.9	322	75084	AGAGCATTCTGT
12	STRG.9.1 gene=STRG.9	95	54350	ATCCAAAATTAT
12	STRG.9.1 gene=STRG.9	71	67683	GAAACGAAAACG
12	STRG.9.1 gene=STRG.9	63	62908	CAGAAACAGAAA
12	STRG.9.1 gene=STRG.9	62	62913	ACAGAAACAGAG
12	STRG.8.1 gene=STRG.8	698	96843	GCAATAAAAGTG
12	STRG.8.1 gene=STRG.8	581	6894	GGGGAGCTACGC
12	STRG.8.1 gene=STRG.8	532	77267	GTGGCGCAAATA
12	STRG.8.1 gene=STRG.8	527	44470	TTGCAGTGGCGC
12	STRG.8.1 gene=STRG.8	450	74173	GCTTTCATATAA
12	STRG.8.1 gene=STRG.8	424	11190	TTTTCCAAACCC
12	STRG.8.1 gene=STRG.8	414	72908	AAAGCAAATGTA
12	STRG.8.1 gene=STRG.8	139	46698	TTGCCACAGCTT
12	STRG.8.1 gene=STRG.8	100	35565	CTGCAGAGTGAC
12	STRG.8.1 gene=STRG.8	20	254	TTGTTTTGCTTT
12	STRG.7.4 gene=STRG.7	2359	78697	CAATAAATTTCT
12	STRG.7.4 gene=STRG.7	1924	87370	AAAACAATTAAA
12	STRG.7.4 gene=STRG.7	688	8687	CGCTGGTGACCT
12	STRG.7.3 gene=STRG.7	2359	78696	CAATAAATTTCT
12	STRG.7.3 gene=STRG.7	2357	78694	TGCAATAAATTT
12	STRG.7.3 gene=STRG.7	2353	48598	ATATTGCAATAA
12	STRG.7.3 gene=STRG.7	2129	14700	AAAATATATTAC
12	STRG.7.3 gene=STRG.7	2128	14700	AAAAATATATTC
12	STRG.7.3 gene=STRG.7	1924	87369	AAAACAATTAAT
12	STRG.7.3 gene=STRG.7	205	44459	ACTGCTCCCCCG
12	STRG.7.2 gene=STRG.7	2332	78698	CAATAAATTTCA
12	STRG.7.2 gene=STRG.7	86	92650	GGCTGCGCCGCC
12	STRG.7.2 gene=STRG.7	31	29185	ATTAAAAAGTTA
12	STRG.7.1 gene=STRG.7	2270	34117	AAATATGAAAAT
12	STRG.7.1 gene=STRG.7	2254	14699	AAAATATATTAA
12	STRG.7.1 gene=STRG.7	2240	72402	TATTTTCCTTTT
12	STRG.7.1 gene=STRG.7	2179	19087	CTCGATTGTATC
12	STRG.7.1 gene=STRG.7	2097	59922	CCATTGTAAACG
12	STRG.7.1 gene=STRG.7	2049	87368	AAAACAATTAAT
12	STRG.7.1 gene=STRG.7	2018	32380	TTAATTATGTTC
12	STRG.7.1 gene=STRG.7	1810	96934	TGCTCTTCGCTC
12	STRG.7.1 gene=STRG.7	1716	67316	GTAATTTTTAGC
12	STRG.7.1 gene=STRG.7	1582	41315	GAGGAGGCCAAA
12	STRG.7.1 gene=STRG.7	1271	14577	GCAAGGACTTCG
12	STRG.7.1 gene=STRG.7	1165	48797	CTTTTTGTAATC
12	STRG.7.1 gene=STRG.7	437	80229	ATGGCAACTCAG
12	STRG.7.1 gene=STRG.7	424	50315	TGCAACGGCAGG
12	STRG.7.1 gene=STRG.7	400	37406	ACAAACGGACAC
12	STRG.7.1 gene=STRG.7	400	37390	ACAAACGGACAT
12	STRG.7.1 gene=STRG.7	400	37382	ACAAACGGACAC
12	STRG.7.1 gene=STRG.7	238	92649	GGCTGCGCCGCG
12	STRG.7.1 gene=STRG.7	183	29184	ATTAAAAAGTTC
12	STRG.7.1 gene=STRG.7	97	27643	CGAGTCAGCCGC
12	STRG.7.1 gene=STRG.7	70	26547	CGCCCAAATAAG
12	STRG.60.1 gene=STRG.60	1164	19833	TTGATTTTCTGT
12	STRG.60.1 gene=STRG.60	1162	19831	AATTGATTTTCC
12	STRG.60.1 gene=STRG.60	990	69004	GTCCCGCCCACT
12	STRG.60.1 gene=STRG.60	898	69584	AGGAGCAGAAGC
12	STRG.60.1 gene=STRG.60	871	2985	TGGCCAGCGGAA
12	STRG.60.1 gene=STRG.60	835	57296	CGCCCAGCCAGA
12	STRG.60.1 gene=STRG.60	482	4598	CAAGAAGGAGAC
12	STRG.60.1 gene=STRG.60	429	41330	GTCCTGCAGGAC
12	STRG.60.1 gene=STRG.60	428	91349	GGTCCTGCAGGC
12	STRG.60.1 gene=STRG.60	393	1158	ATGGCCAGAAGC
12	STRG.60.1 gene=STRG.60	388	41053	AGCTGATGGCCC
12	STRG.60.1 gene=STRG.60	386	41051	CAAGCTGATGGT
12	STRG.60.1 gene=STRG.60	370	6229	AGGCGCGGGATC
12	STRG.60.1 gene=STRG.60	334	40495	CCAGTCGCAAGG
12	STRG.60.1 gene=STRG.60	151	79166	TCCCTGCCTTCC
12	STRG.60.1 gene=STRG.60	37	52841	AAGAATCTTACT
12	STRG.60.1 gene=STRG.60	17	3789	CCTGGCCAAAAC
12	STRG.6.1 gene=STRG.6	1507	8035	TAGATATTTATC
12	STRG.6.1 gene=STRG.6	1292	29504	TAACGATTTTTG
12	STRG.6.1 gene=STRG.6	1086	82930	GGCAGTGGCAGG
12	STRG.6.1 gene=STRG.6	776	81088	ATGAGTGCTTGT
12	STRG.6.1 gene=STRG.6	518	84426	ATGGAAATGGAT
12	STRG.6.1 gene=STRG.6	409	52507	AAACAAACAGAC
12	STRG.6.1 gene=STRG.6	407	52505	ACAAACAAACAC
12	STRG.6.1 gene=STRG.6	407	52501	ACAAACAAACAC
12	STRG.6.1 gene=STRG.6	233	10785	ACGCGGGCGGGG
12	STRG.6.1 gene=STRG.6	208	61834	GGACTCGAAAGA
12	STRG.6.1 gene=STRG.6	142	80752	TCTCCCGAAAAA
12	STRG.6.1 gene=STRG.6	70	28069	TAAATAAAAATA
12	STRG.59.3 gene=STRG.59	2609	8571	TTCTATTGAATT
12	STRG.59.3 gene=STRG.59	2550	92127	AGCAGCCCACCC
12	STRG.59.3 gene=STRG.59	2485	39347	TCAAACCTCAAG
12	STRG.59.3 gene=STRG.59	2460	99071	GTTGTCGCTGCT
12	STRG.59.3 gene=STRG.59	2409	55069	GAAAACGAAATA
12	STRG.59.3 gene=STRG.59	2407	55067	ACGAAAACGAAT
12	STRG.59.3 gene=STRG.59	2371	74353	CCCGAAATCTGG
12	STRG.59.3 gene=STRG.59	2341	61669	GACGGCGGATGC
12	STRG.59.3 gene=STRG.59	2122	79503	GGAGTCGAATGC
12	STRG.59.3 gene=STRG.59	1963	76396	ACATCAACAACT
12	STRG.59.3 gene=STRG.59	1873	26894	CTTCACCCGCTT
12	STRG.59.3 gene=STRG.59	1566	57553	TCCTCATCCTCT
12	STRG.59.3 gene=STRG.59	1564	95189	CATCCTCATCCC
12	STRG.59.3 gene=STRG.59	1564	57549	CATCCTCATCCA
12	STRG.59.3 gene=STRG.59	1562	95187	ATCATCCTCATC
12	STRG.59.3 gene=STRG.59	1440	97389	TCTTCTTCTTCG
12	STRG.59.3 gene=STRG.59	1399	40771	CCTCCAGCTCGT
12	STRG.59.3 gene=STRG.59	1333	70331	CCTCTTCCCATA
12	STRG.59.3 gene=STRG.59	1073	55443	AGCAGATGCTAG
12	STRG.59.3 gene=STRG.59	871	23269	CAGACAGCACTA
12	STRG.59.3 gene=STRG.59	800	34476	TACTGCCTCTCC
12	STRG.59.3 gene=STRG.59	776	18333	TGCTGCGCCACG
12	STRG.59.3 gene=STRG.59	598	89651	TGGAACTGCTGG
12	STRG.59.3 gene=STRG.59	505	51712	GCGACTTTATGA
12	STRG.59.3 gene=STRG.59	414	29460	ATTTCGGGTTTG
12	STRG.59.3 gene=STRG.59	411	95797	CGCATTTCGGGG
12	STRG.59.3 gene=STRG.59	368	67065	TTTGGACAATAT
12	STRG.59.3 gene=STRG.59	317	68219	GAAAATGCCTCT
12	STRG.59.3 gene=STRG.59	209	29703	ACACACGCGCAA
12	STRG.59.3 gene=STRG.59	138	36231	GTGGAAATTTAC
12	STRG.59.2 gene=STRG.59	4665	14133	TATTTTTGTGTG
12	STRG.59.2 gene=STRG.59	4662	16195	GTATATTTTTGG
12	STRG.59.2 gene=STRG.59	4294	37733	CAACAACAACAC
12	STRG.59.2 gene=STRG.59	4252	82455	GGGGCCAGGACG
12	STRG.59.2 gene=STRG.59	3133	1980	AGGCGGAGAAGA
12	STRG.59.2 gene=STRG.59	3002	28737	AGCAGCAAGGAG
12	STRG.59.2 gene=STRG.59	2871	19117	AACCCAAAAAGT
12	STRG.59.2 gene=STRG.59	2751	76398	ACATCAACAACG
12	STRG.59.2 gene=STRG.59	2350	95189	ATCATCCTCATC
12	STRG.59.2 gene=STRG.59	2228	97389	TCTTCTTCTTCG
12	STRG.59.2 gene=STRG.59	1156	67067	TTTGGACAATAT
12	STRG.59.2 gene=STRG.59	1105	68221	GAAAATGCCTCG
12	STRG.59.2 gene=STRG.59	997	29706	ACACACGCGCAA
12	STRG.59.2 gene=STRG.59	832	56926	TCCTGCTAAATC
12	STRG.59.2 gene=STRG.59	767	89724	GCTGCTGCTGGG
12	STRG.59.2 gene=STRG.59	753	66782	TATCATATTTTA
12	STRG.59.2 gene=STRG.59	681	65800	AACAAAAAACAT
12	STRG.59.2 gene=STRG.59	537	86985	ATATATAATTTT
12	STRG.59.2 gene=STRG.59	421	42723	ATTTTGCTTGTT
12	STRG.59.2 gene=STRG.59	368	21474	GCGTGGCAAGGT
12	STRG.59.2 gene=STRG.59	363	10584	TGTGTGCGTGGT
12	STRG.59.2 gene=STRG.59	342	49344	AAATCAAAATGA
12	STRG.59.1 gene=STRG.59	3877	14132	TATTTTTGTGTG
12	STRG.59.1 gene=STRG.59	3874	16194	GTATATTTTTGG
12	STRG.59.1 gene=STRG.59	3506	37732	CAACAACAACAG
12	STRG.59.1 gene=STRG.59	3464	82454	GGGGCCAGGACG
12	STRG.59.1 gene=STRG.59	3191	22396	GATGAACGGACT
12	STRG.59.1 gene=STRG.59	3098	98762	AAACATGATGCG
12	STRG.59.1 gene=STRG.59	2946	92322	AGCTCGGGAGTC
12	STRG.59.1 gene=STRG.59	2923	91960	CGGAGCCCAAGC
12	STRG.59.1 gene=STRG.59	2835	4563	CATTTTGCTCAC
12	STRG.59.1 gene=STRG.59	2770	29614	TAAGAGCCCTGT
12	STRG.59.1 gene=STRG.59	2727	45711	TCCAAGCAGCGC
12	STRG.59.1 gene=STRG.59	2711	35916	CCCGAACGGAAG
12	STRG.59.1 gene=STRG.59	2345	1979	AGGCGGAGAAGC
12	STRG.59.1 gene=STRG.59	2270	90448	CGATGACGACGT
12	STRG.59.1 gene=STRG.59	2145	44434	CCACTGGCGCCA
12	STRG.59.1 gene=STRG.59	2100	40515	AAGCGCAAGCGT
12	STRG.59.1 gene=STRG.59	2092	88281	AGGTGGTGAAGA
12	STRG.59.1 gene=STRG.59	2083	19116	AACCCAAAAAGT
12	STRG.59.1 gene=STRG.59	1963	76397	ACATCAACAACT
12	STRG.59.1 gene=STRG.59	1873	26895	CTTCACCCGCTC
12	STRG.59.1 gene=STRG.59	1604	72642	GCTAATGCCTCT
12	STRG.59.1 gene=STRG.59	1564	95190	CATCCTCATCCA
12	STRG.59.1 gene=STRG.59	1562	95188	ATCATCCTCATC
12	STRG.59.1 gene=STRG.59	1560	57569	TCATCATCCTCG
12	STRG.59.1 gene=STRG.59	1440	97388	TCTTCTTCTTCT
12	STRG.59.1 gene=STRG.59	368	67066	TTTGGACAATAT
12	STRG.59.1 gene=STRG.59	317	68220	GAAAATGCCTCT
12	STRG.58.1 gene=STRG.58	1204	25876	AGCAACGAAACG
12	STRG.58.1 gene=STRG.58	1162	73698	CCGCAGCATCTG
12	STRG.58.1 gene=STRG.58	869	62686	AAAAGGAGAAGG
12	STRG.58.1 gene=STRG.58	868	318	GAAAAGGAGAAA
12	STRG.58.1 gene=STRG.58	737	72335	GCGGCCAGGACA
12	STRG.58.1 gene=STRG.58	721	76210	GTGGTCCAGGTG
12	STRG.58.1 gene=STRG.58	721	76201	GTGGTCCAGGTT
12	STRG.58.1 gene=STRG.58	583	62947	CAAAACGGAACA
12	STRG.58.1 gene=STRG.58	418	74055	TCCCAACTGGGA
12	STRG.58.1 gene=STRG.58	333	77546	TGTGGCCGCCGC
12	STRG.58.1 gene=STRG.58	331	77544	GATGTGGCCGCT
